TN:
SF:components\BadgesManager.tsx
FN:29,(anonymous_0)
FN:109,(anonymous_1)
FN:121,(anonymous_2)
FN:128,(anonymous_3)
FN:141,(anonymous_4)
FN:143,(anonymous_5)
FN:144,(anonymous_6)
FN:147,(anonymous_7)
FN:187,(anonymous_8)
FN:192,(anonymous_9)
FN:207,(anonymous_10)
FN:219,(anonymous_11)
FN:229,(anonymous_12)
FN:244,(anonymous_13)
FN:255,(anonymous_14)
FN:263,(anonymous_15)
FN:397,(anonymous_16)
FN:402,(anonymous_17)
FNF:18
FNH:0
FNDA:0,(anonymous_0)
FNDA:0,(anonymous_1)
FNDA:0,(anonymous_2)
FNDA:0,(anonymous_3)
FNDA:0,(anonymous_4)
FNDA:0,(anonymous_5)
FNDA:0,(anonymous_6)
FNDA:0,(anonymous_7)
FNDA:0,(anonymous_8)
FNDA:0,(anonymous_9)
FNDA:0,(anonymous_10)
FNDA:0,(anonymous_11)
FNDA:0,(anonymous_12)
FNDA:0,(anonymous_13)
FNDA:0,(anonymous_14)
FNDA:0,(anonymous_15)
FNDA:0,(anonymous_16)
FNDA:0,(anonymous_17)
DA:15,0
DA:29,0
DA:35,0
DA:37,0
DA:109,0
DA:113,0
DA:114,0
DA:116,0
DA:117,0
DA:118,0
DA:119,0
DA:121,0
DA:123,0
DA:124,0
DA:127,0
DA:128,0
DA:130,0
DA:135,0
DA:136,0
DA:139,0
DA:141,0
DA:143,0
DA:144,0
DA:147,0
DA:148,0
DA:149,0
DA:152,0
DA:153,0
DA:155,0
DA:157,0
DA:159,0
DA:160,0
DA:162,0
DA:163,0
DA:165,0
DA:166,0
DA:168,0
DA:169,0
DA:171,0
DA:172,0
DA:174,0
DA:176,0
DA:178,0
DA:179,0
DA:181,0
DA:184,0
DA:187,0
DA:188,0
DA:189,0
DA:192,0
DA:193,0
DA:207,0
DA:220,0
DA:229,0
DA:244,0
DA:245,0
DA:247,0
DA:248,0
DA:250,0
DA:255,0
DA:263,0
DA:392,0
DA:398,0
DA:402,0
DA:413,0
LF:65
LH:0
BRDA:42,0,0,0
BRDA:42,0,1,0
BRDA:45,1,0,0
BRDA:45,1,1,0
BRDA:48,2,0,0
BRDA:48,2,1,0
BRDA:58,3,0,0
BRDA:58,3,1,0
BRDA:100,4,0,0
BRDA:100,4,1,0
BRDA:127,5,0,0
BRDA:127,5,1,0
BRDA:139,6,0,0
BRDA:139,6,1,0
BRDA:149,7,0,0
BRDA:149,7,1,0
BRDA:155,8,0,0
BRDA:155,8,1,0
BRDA:155,8,2,0
BRDA:157,9,0,0
BRDA:157,9,1,0
BRDA:157,9,2,0
BRDA:157,9,3,0
BRDA:157,9,4,0
BRDA:157,9,5,0
BRDA:159,10,0,0
BRDA:159,10,1,0
BRDA:162,11,0,0
BRDA:162,11,1,0
BRDA:165,12,0,0
BRDA:165,12,1,0
BRDA:168,13,0,0
BRDA:168,13,1,0
BRDA:171,14,0,0
BRDA:171,14,1,0
BRDA:178,15,0,0
BRDA:178,15,1,0
BRDA:204,16,0,0
BRDA:204,16,1,0
BRDA:212,17,0,0
BRDA:212,17,1,0
BRDA:226,18,0,0
BRDA:226,18,1,0
BRDA:234,19,0,0
BRDA:234,19,1,0
BRDA:245,20,0,0
BRDA:245,20,1,0
BRDA:273,21,0,0
BRDA:273,21,1,0
BRDA:354,22,0,0
BRDA:354,22,1,0
BRDA:378,23,0,0
BRDA:378,23,1,0
BRDA:378,23,2,0
BRF:54
BRH:0
end_of_record
TN:
SF:components\Collapsible.tsx
FN:9,Collapsible
FN:20,(anonymous_1)
FN:20,(anonymous_2)
FNF:3
FNH:0
FNDA:0,Collapsible
FNDA:0,(anonymous_1)
FNDA:0,(anonymous_2)
DA:13,0
DA:14,0
DA:16,0
DA:20,0
DA:36,0
LF:5
LH:0
BRDA:24,0,0,0
BRDA:24,0,1,0
BRDA:31,1,0,0
BRDA:31,1,1,0
BRF:4
BRH:0
end_of_record
TN:
SF:components\CollapsibleSection.tsx
FN:20,(anonymous_0)
FN:31,(anonymous_1)
FNF:2
FNH:0
FNDA:0,(anonymous_0)
FNDA:0,(anonymous_1)
DA:20,0
DA:27,0
DA:28,0
DA:29,0
DA:31,0
DA:32,0
DA:33,0
DA:35,0
DA:42,0
DA:99,0
LF:10
LH:0
BRDA:25,0,0,0
BRDA:28,1,0,0
BRDA:28,1,1,0
BRDA:32,2,0,0
BRDA:32,2,1,0
BRDA:48,3,0,0
BRDA:48,3,1,0
BRDA:53,4,0,0
BRDA:53,4,1,0
BRDA:62,5,0,0
BRDA:62,5,1,0
BRDA:71,6,0,0
BRDA:71,6,1,0
BRDA:83,7,0,0
BRDA:83,7,1,0
BRDA:89,8,0,0
BRDA:89,8,1,0
BRDA:106,9,0,0
BRDA:106,9,1,0
BRF:19
BRH:0
end_of_record
TN:
SF:components\DateNavigator.tsx
FN:19,DateNavigator
FN:27,(anonymous_1)
FNF:2
FNH:2
FNDA:26,DateNavigator
FNDA:26,(anonymous_1)
DA:20,26
DA:23,26
DA:24,26
DA:25,26
DA:27,26
DA:28,26
DA:29,26
DA:30,0
DA:31,0
DA:32,0
DA:33,0
DA:34,0
DA:35,0
DA:36,0
DA:37,0
DA:38,0
DA:39,0
DA:40,0
DA:41,0
DA:45,26
DA:101,26
DA:103,26
LF:22
LH:10
BRDA:28,0,0,0
BRDA:28,0,1,26
BRDA:29,1,0,26
BRDA:29,1,1,0
BRDA:30,2,0,0
BRDA:30,2,1,0
BRDA:31,3,0,0
BRDA:31,3,1,0
BRDA:32,4,0,0
BRDA:32,4,1,0
BRDA:33,5,0,0
BRDA:33,5,1,0
BRDA:34,6,0,0
BRDA:34,6,1,0
BRDA:35,7,0,0
BRDA:35,7,1,0
BRDA:36,8,0,0
BRDA:36,8,1,0
BRDA:37,9,0,0
BRDA:37,9,1,0
BRDA:38,10,0,0
BRDA:38,10,1,0
BRDA:39,11,0,0
BRDA:39,11,1,0
BRDA:40,12,0,0
BRDA:40,12,1,0
BRDA:57,13,0,25
BRDA:57,13,1,1
BRDA:61,14,0,25
BRDA:61,14,1,1
BRDA:62,15,0,25
BRDA:62,15,1,1
BRDA:72,16,0,25
BRDA:72,16,1,1
BRDA:79,17,0,25
BRDA:79,17,1,1
BRDA:84,18,0,25
BRDA:84,18,1,1
BRDA:101,19,0,25
BRDA:101,19,1,1
BRF:40
BRH:16
end_of_record
TN:
SF:components\ExternalLink.tsx
FN:8,ExternalLink
FN:14,(anonymous_1)
FNF:2
FNH:0
FNDA:0,ExternalLink
FNDA:0,(anonymous_1)
DA:9,0
DA:15,0
DA:17,0
DA:19,0
LF:4
LH:0
BRDA:15,0,0,0
BRDA:15,0,1,0
BRF:2
BRH:0
end_of_record
TN:
SF:components\FavoriteButton.tsx
FN:28,(anonymous_0)
FN:51,(anonymous_1)
FN:72,(anonymous_2)
FN:77,(anonymous_3)
FN:119,(anonymous_4)
FN:147,(anonymous_5)
FNF:6
FNH:5
FNDA:1,(anonymous_0)
FNDA:19,(anonymous_1)
FNDA:9,(anonymous_2)
FNDA:3,(anonymous_3)
FNDA:1,(anonymous_4)
FNDA:0,(anonymous_5)
DA:28,2
DA:31,1
DA:33,1
DA:34,1
DA:36,0
DA:37,0
DA:39,0
DA:40,0
DA:44,0
DA:45,0
DA:47,0
DA:51,2
DA:61,19
DA:62,19
DA:63,19
DA:64,19
DA:66,19
DA:67,19
DA:68,19
DA:69,19
DA:72,19
DA:73,9
DA:74,9
DA:77,19
DA:78,3
DA:80,3
DA:81,3
DA:84,3
DA:85,3
DA:99,3
DA:100,3
DA:104,3
DA:107,1
DA:108,1
DA:109,1
DA:110,1
DA:111,1
DA:114,1
DA:115,1
DA:120,1
DA:130,2
DA:132,2
DA:134,0
DA:148,0
DA:156,0
DA:160,2
DA:161,1
DA:162,1
DA:163,1
DA:166,1
DA:167,1
DA:169,1
DA:172,1
DA:174,0
DA:179,1
DA:180,1
DA:196,1
DA:197,1
DA:202,3
DA:206,19
DA:248,2
LF:61
LH:50
BRDA:31,0,0,1
BRDA:31,0,1,0
BRDA:31,0,2,0
BRDA:31,0,3,0
BRDA:31,0,4,0
BRDA:53,1,0,19
BRDA:54,2,0,19
BRDA:55,3,0,19
BRDA:57,4,0,19
BRDA:78,5,0,0
BRDA:78,5,1,3
BRDA:84,6,0,3
BRDA:84,6,1,0
BRDA:99,7,0,3
BRDA:99,7,1,0
BRDA:104,8,0,1
BRDA:104,8,1,2
BRDA:109,9,0,1
BRDA:109,9,1,0
BRDA:114,10,0,1
BRDA:114,10,1,0
BRDA:132,11,0,0
BRDA:132,11,1,2
BRDA:135,12,0,0
BRDA:135,12,1,0
BRDA:136,13,0,0
BRDA:136,13,1,0
BRDA:139,14,0,0
BRDA:139,14,1,0
BRDA:143,15,0,0
BRDA:143,15,1,0
BRDA:144,16,0,0
BRDA:144,16,1,0
BRDA:145,17,0,0
BRDA:145,17,1,0
BRDA:148,18,0,0
BRDA:148,18,1,0
BRDA:161,19,0,1
BRDA:161,19,1,0
BRDA:166,20,0,1
BRDA:166,20,1,0
BRDA:169,21,0,1
BRDA:169,21,1,1
BRDA:169,21,2,0
BRDA:179,22,0,1
BRDA:179,22,1,0
BRDA:198,23,0,1
BRDA:198,23,1,0
BRDA:199,24,0,1
BRDA:199,24,1,0
BRDA:210,25,0,4
BRDA:210,25,1,15
BRDA:228,26,0,4
BRDA:228,26,1,15
BRDA:230,27,0,4
BRDA:230,27,1,15
BRDA:234,28,0,19
BRDA:234,28,1,0
BRDA:234,28,2,0
BRF:59
BRH:27
end_of_record
TN:
SF:components\HapticTab.tsx
FN:5,HapticTab
FN:9,(anonymous_1)
FNF:2
FNH:0
FNDA:0,HapticTab
FNDA:0,(anonymous_1)
DA:6,0
DA:10,0
DA:12,0
DA:14,0
LF:4
LH:0
BRDA:10,0,0,0
BRDA:10,0,1,0
BRF:2
BRH:0
end_of_record
TN:
SF:components\HelloWave.tsx
FN:13,HelloWave
FN:16,(anonymous_1)
FN:23,(anonymous_2)
FNF:3
FNH:0
FNDA:0,HelloWave
FNDA:0,(anonymous_1)
FNDA:0,(anonymous_2)
DA:14,0
DA:16,0
DA:17,0
DA:23,0
DA:27,0
DA:34,0
LF:6
LH:0
BRF:0
BRH:0
end_of_record
TN:
SF:components\NativeDownloadTest.tsx
FN:13,NativeDownloadTest
FN:51,(anonymous_1)
FN:67,(anonymous_2)
FN:78,(anonymous_3)
FN:90,(anonymous_4)
FN:128,(anonymous_5)
FN:168,(anonymous_6)
FN:180,(anonymous_7)
FN:199,(anonymous_8)
FNF:9
FNH:0
FNDA:0,NativeDownloadTest
FNDA:0,(anonymous_1)
FNDA:0,(anonymous_2)
FNDA:0,(anonymous_3)
FNDA:0,(anonymous_4)
FNDA:0,(anonymous_5)
FNDA:0,(anonymous_6)
FNDA:0,(anonymous_7)
FNDA:0,(anonymous_8)
DA:21,0
DA:23,0
DA:51,0
DA:52,0
DA:53,0
DA:60,0
DA:67,0
DA:68,0
DA:69,0
DA:71,0
DA:78,0
DA:79,0
DA:80,0
DA:83,0
DA:90,0
DA:91,0
DA:100,0
DA:129,0
DA:131,0
DA:168,0
DA:180,0
DA:200,0
DA:218,0
LF:23
LH:0
BRDA:62,0,0,0
BRDA:62,0,1,0
BRDA:73,1,0,0
BRDA:73,1,1,0
BRDA:85,2,0,0
BRDA:85,2,1,0
BRDA:92,3,0,0
BRDA:92,3,1,0
BRDA:106,4,0,0
BRDA:106,4,1,0
BRDA:139,5,0,0
BRDA:139,5,1,0
BRDA:153,6,0,0
BRDA:153,6,1,0
BRDA:155,7,0,0
BRDA:155,7,1,0
BRDA:165,8,0,0
BRDA:165,8,1,0
BRDA:203,9,0,0
BRDA:203,9,1,0
BRDA:205,10,0,0
BRDA:205,10,1,0
BRDA:206,11,0,0
BRDA:206,11,1,0
BRDA:210,12,0,0
BRDA:210,12,1,0
BRF:26
BRH:0
end_of_record
TN:
SF:components\ParallaxScrollView.tsx
FN:21,ParallaxScrollView
FN:30,(anonymous_1)
FNF:2
FNH:0
FNDA:0,ParallaxScrollView
FNDA:0,(anonymous_1)
DA:14,0
DA:26,0
DA:27,0
DA:28,0
DA:29,0
DA:30,0
DA:31,0
DA:47,0
DA:68,0
LF:9
LH:0
BRDA:26,0,0,0
BRDA:26,0,1,0
BRF:2
BRH:0
end_of_record
TN:
SF:components\PrayerStats.tsx
FN:24,(anonymous_0)
FN:111,PrayerStats
FN:126,(anonymous_2)
FNF:3
FNH:3
FNDA:9,(anonymous_0)
FNDA:9,PrayerStats
FNDA:72,(anonymous_2)
DA:24,1
DA:29,9
DA:117,9
DA:120,9
DA:121,9
DA:122,9
DA:124,9
DA:126,9
DA:127,72
DA:128,72
DA:129,72
DA:132,9
LF:12
LH:12
BRDA:32,0,0,9
BRDA:32,0,1,0
BRDA:38,1,0,9
BRDA:38,1,1,0
BRDA:39,2,0,9
BRDA:39,2,1,0
BRDA:52,3,0,9
BRDA:52,3,1,0
BRDA:61,4,0,9
BRDA:61,4,1,0
BRDA:75,5,0,9
BRDA:75,5,1,0
BRDA:81,6,0,9
BRDA:81,6,1,0
BRDA:86,7,0,9
BRDA:86,7,1,0
BRDA:105,8,0,9
BRDA:105,8,1,0
BRDA:138,9,0,9
BRDA:138,9,1,0
BRDA:149,10,0,9
BRDA:149,10,1,0
BRDA:160,11,0,9
BRDA:160,11,1,0
BRDA:171,12,0,9
BRDA:171,12,1,0
BRF:26
BRH:13
end_of_record
TN:
SF:components\SunInfo.tsx
FN:17,(anonymous_0)
FN:102,SunInfo
FN:113,(anonymous_2)
FN:122,(anonymous_3)
FN:163,(anonymous_4)
FNF:5
FNH:5
FNDA:9,(anonymous_0)
FNDA:9,SunInfo
FNDA:9,(anonymous_2)
FNDA:9,(anonymous_3)
FNDA:9,(anonymous_4)
DA:17,1
DA:22,9
DA:103,9
DA:106,9
DA:107,9
DA:108,9
DA:110,9
DA:113,9
DA:114,9
DA:115,9
DA:116,9
DA:117,9
DA:118,9
DA:122,9
DA:123,9
DA:125,9
DA:126,9
DA:127,9
DA:130,9
DA:131,0
DA:132,0
DA:133,0
DA:134,0
DA:140,9
DA:141,0
DA:142,0
DA:143,0
DA:144,0
DA:151,9
DA:152,9
DA:153,9
DA:154,9
DA:155,9
DA:163,9
DA:164,9
DA:166,9
DA:167,9
DA:168,9
DA:169,9
DA:172,9
DA:174,9
DA:177,0
DA:178,0
DA:181,9
DA:182,9
DA:184,9
LF:46
LH:36
BRDA:25,0,0,9
BRDA:25,0,1,0
BRDA:31,1,0,9
BRDA:31,1,1,0
BRDA:32,2,0,9
BRDA:32,2,1,0
BRDA:55,3,0,9
BRDA:55,3,1,0
BRDA:64,4,0,9
BRDA:64,4,1,0
BRDA:68,5,0,9
BRDA:68,5,1,0
BRDA:82,6,0,9
BRDA:82,6,1,0
BRDA:90,7,0,9
BRDA:90,7,1,0
BRDA:114,8,0,0
BRDA:114,8,1,9
BRDA:114,9,0,9
BRDA:114,9,1,9
BRDA:123,10,0,0
BRDA:123,10,1,9
BRDA:123,11,0,9
BRDA:123,11,1,9
BRDA:130,12,0,0
BRDA:130,12,1,9
BRDA:140,13,0,0
BRDA:140,13,1,9
BRDA:164,14,0,0
BRDA:164,14,1,9
BRDA:164,15,0,9
BRDA:164,15,1,9
BRDA:172,16,0,0
BRDA:172,16,1,9
BRDA:174,17,0,9
BRDA:174,17,1,0
BRDA:191,18,0,9
BRDA:191,18,1,0
BRDA:194,19,0,9
BRDA:194,19,1,0
BRDA:205,20,0,9
BRDA:205,20,1,0
BRDA:211,21,0,9
BRDA:211,21,1,0
BRDA:223,22,0,9
BRDA:223,22,1,0
BRDA:228,23,0,9
BRDA:228,23,1,0
BRDA:231,24,0,9
BRDA:231,24,1,0
BRDA:232,25,0,9
BRDA:232,25,1,0
BRDA:233,26,0,0
BRDA:233,26,1,0
BRF:54
BRH:29
end_of_record
TN:
SF:components\ThemedAlert.tsx
FN:35,(anonymous_0)
FN:47,(anonymous_1)
FN:161,(anonymous_2)
FN:172,(anonymous_3)
FN:183,(anonymous_4)
FN:202,(anonymous_5)
FN:244,(anonymous_6)
FN:248,(anonymous_7)
FNF:8
FNH:0
FNDA:0,(anonymous_0)
FNDA:0,(anonymous_1)
FNDA:0,(anonymous_2)
FNDA:0,(anonymous_3)
FNDA:0,(anonymous_4)
FNDA:0,(anonymous_5)
FNDA:0,(anonymous_6)
FNDA:0,(anonymous_7)
DA:35,0
DA:43,0
DA:44,0
DA:45,0
DA:47,0
DA:48,0
DA:49,0
DA:51,0
DA:159,0
DA:161,0
DA:162,0
DA:164,0
DA:166,0
DA:168,0
DA:172,0
DA:173,0
DA:175,0
DA:177,0
DA:179,0
DA:183,0
DA:184,0
DA:186,0
DA:188,0
DA:190,0
DA:192,0
DA:194,0
DA:196,0
DA:198,0
DA:202,0
DA:203,0
DA:205,0
DA:207,0
DA:209,0
DA:211,0
DA:213,0
DA:215,0
DA:217,0
DA:221,0
DA:245,0
DA:249,0
DA:250,0
LF:41
LH:0
BRDA:41,0,0,0
BRDA:54,1,0,0
BRDA:54,1,1,0
BRDA:62,2,0,0
BRDA:62,2,1,0
BRDA:69,3,0,0
BRDA:69,3,1,0
BRDA:71,4,0,0
BRDA:71,4,1,0
BRDA:75,5,0,0
BRDA:75,5,1,0
BRDA:83,6,0,0
BRDA:83,6,1,0
BRDA:89,7,0,0
BRDA:89,7,1,0
BRDA:97,8,0,0
BRDA:97,8,1,0
BRDA:98,9,0,0
BRDA:98,9,1,0
BRDA:99,10,0,0
BRDA:99,10,1,0
BRDA:102,11,0,0
BRDA:102,11,1,0
BRDA:111,12,0,0
BRDA:111,12,1,0
BRDA:116,13,0,0
BRDA:116,13,1,0
BRDA:120,14,0,0
BRDA:120,14,1,0
BRDA:125,15,0,0
BRDA:125,15,1,0
BRDA:135,16,0,0
BRDA:135,16,1,0
BRDA:148,17,0,0
BRDA:148,17,1,0
BRDA:154,18,0,0
BRDA:154,18,1,0
BRDA:162,19,0,0
BRDA:162,19,1,0
BRDA:162,19,2,0
BRDA:173,20,0,0
BRDA:173,20,1,0
BRDA:173,20,2,0
BRDA:184,21,0,0
BRDA:184,21,1,0
BRDA:184,21,2,0
BRDA:184,21,3,0
BRDA:184,21,4,0
BRDA:184,21,5,0
BRDA:184,21,6,0
BRDA:203,22,0,0
BRDA:203,22,1,0
BRDA:203,22,2,0
BRDA:203,22,3,0
BRDA:203,22,4,0
BRDA:203,22,5,0
BRDA:203,22,6,0
BRF:57
BRH:0
end_of_record
TN:
SF:components\ThemedImageBackground.tsx
FN:16,ThemedImageBackground
FNF:1
FNH:1
FNDA:36,ThemedImageBackground
DA:22,36
DA:24,36
LF:2
LH:2
BRDA:26,0,0,36
BRDA:26,0,1,36
BRF:2
BRH:2
end_of_record
TN:
SF:components\ThemedPicker.tsx
FN:28,(anonymous_0)
FN:40,(anonymous_1)
FN:140,(anonymous_2)
FN:146,(anonymous_3)
FN:180,(anonymous_4)
FNF:5
FNH:0
FNDA:0,(anonymous_0)
FNDA:0,(anonymous_1)
FNDA:0,(anonymous_2)
FNDA:0,(anonymous_3)
FNDA:0,(anonymous_4)
DA:28,0
DA:36,0
DA:37,0
DA:38,0
DA:40,0
DA:41,0
DA:43,0
DA:138,0
DA:140,0
DA:141,0
DA:143,0
DA:147,0
DA:148,0
DA:165,0
DA:180,0
LF:15
LH:0
BRDA:46,0,0,0
BRDA:46,0,1,0
BRDA:54,1,0,0
BRDA:54,1,1,0
BRDA:62,2,0,0
BRDA:62,2,1,0
BRDA:64,3,0,0
BRDA:64,3,1,0
BRDA:68,4,0,0
BRDA:68,4,1,0
BRDA:76,5,0,0
BRDA:76,5,1,0
BRDA:87,6,0,0
BRDA:87,6,1,0
BRDA:93,7,0,0
BRDA:93,7,1,0
BRDA:96,8,0,0
BRDA:96,8,1,0
BRDA:104,9,0,0
BRDA:104,9,1,0
BRDA:119,10,0,0
BRDA:119,10,1,0
BRDA:124,11,0,0
BRDA:124,11,1,0
BRDA:130,12,0,0
BRDA:130,12,1,0
BRDA:145,13,0,0
BRDA:145,13,1,0
BRDA:151,14,0,0
BRDA:151,14,1,0
BRDA:154,15,0,0
BRDA:154,15,1,0
BRF:32
BRH:0
end_of_record
TN:
SF:components\ThemedText.tsx
FN:11,ThemedText
FNF:1
FNH:0
FNDA:0,ThemedText
DA:18,0
DA:20,0
DA:36,0
LF:3
LH:0
BRDA:15,0,0,0
BRDA:24,1,0,0
BRDA:24,1,1,0
BRDA:25,2,0,0
BRDA:25,2,1,0
BRDA:26,3,0,0
BRDA:26,3,1,0
BRDA:27,4,0,0
BRDA:27,4,1,0
BRDA:28,5,0,0
BRDA:28,5,1,0
BRF:11
BRH:0
end_of_record
TN:
SF:components\ThemedView.tsx
FN:10,ThemedView
FNF:1
FNH:0
FNDA:0,ThemedView
DA:11,0
DA:13,0
LF:2
LH:0
BRF:0
BRH:0
end_of_record
TN:
SF:components\Toast.tsx
FN:28,(anonymous_0)
FN:33,(anonymous_1)
FN:49,(anonymous_2)
FN:53,(anonymous_3)
FN:56,(anonymous_4)
FN:68,(anonymous_5)
FN:74,(anonymous_6)
FNF:7
FNH:7
FNDA:17,(anonymous_0)
FNDA:17,(anonymous_1)
FNDA:3,(anonymous_2)
FNDA:17,(anonymous_3)
FNDA:3,(anonymous_4)
FNDA:3,(anonymous_5)
FNDA:17,(anonymous_6)
DA:13,4
DA:28,4
DA:29,17
DA:30,17
DA:31,17
DA:33,17
DA:35,17
DA:49,17
DA:50,3
DA:53,17
DA:56,17
DA:57,3
DA:69,3
DA:70,3
DA:74,17
DA:75,17
DA:77,14
DA:83,1
DA:90,2
DA:98,17
DA:100,17
DA:102,17
DA:142,4
LF:23
LH:23
BRDA:51,0,0,17
BRDA:51,0,1,1
BRDA:75,1,0,14
BRDA:75,1,1,1
BRDA:75,1,2,2
BRDA:75,1,3,2
BRDA:100,2,0,0
BRDA:100,2,1,17
BRDA:131,3,0,17
BRDA:131,3,1,16
BRF:10
BRH:9
end_of_record
TN:
SF:components\WeeklyPrayerView.tsx
FN:33,(anonymous_0)
FN:146,WeeklyPrayerView
FN:160,(anonymous_2)
FN:170,(anonymous_3)
FN:174,(anonymous_4)
FN:181,(anonymous_5)
FN:212,(anonymous_6)
FN:220,(anonymous_7)
FN:246,(anonymous_8)
FN:253,(anonymous_9)
FNF:10
FNH:10
FNDA:12,(anonymous_0)
FNDA:12,WeeklyPrayerView
FNDA:21,(anonymous_2)
FNDA:21,(anonymous_3)
FNDA:126,(anonymous_4)
FNDA:336,(anonymous_5)
FNDA:21,(anonymous_6)
FNDA:1,(anonymous_7)
FNDA:72,(anonymous_8)
FNDA:126,(anonymous_9)
DA:33,2
DA:38,12
DA:151,12
DA:154,12
DA:155,12
DA:156,12
DA:158,12
DA:160,12
DA:161,21
DA:166,21
DA:167,21
DA:170,12
DA:171,21
DA:174,12
DA:175,126
DA:181,12
DA:182,336
DA:183,336
DA:190,12
DA:213,21
DA:220,1
DA:247,72
DA:254,126
LF:23
LH:23
BRDA:41,0,0,11
BRDA:41,0,1,1
BRDA:47,1,0,11
BRDA:47,1,1,1
BRDA:48,2,0,11
BRDA:48,2,1,1
BRDA:61,3,0,11
BRDA:61,3,1,1
BRDA:75,4,0,11
BRDA:75,4,1,1
BRDA:89,5,0,11
BRDA:89,5,1,1
BRDA:104,6,0,11
BRDA:104,6,1,1
BRDA:130,7,0,11
BRDA:130,7,1,1
BRDA:135,8,0,11
BRDA:135,8,1,1
BRDA:141,9,0,11
BRDA:141,9,1,1
BRDA:166,10,0,21
BRDA:166,10,1,0
BRDA:184,11,0,336
BRDA:184,11,1,0
BRDA:184,11,2,0
BRDA:196,12,0,11
BRDA:196,12,1,1
BRDA:213,13,0,21
BRDA:213,13,1,0
BRDA:213,14,0,21
BRDA:213,14,1,21
BRDA:218,15,0,21
BRDA:218,15,1,0
BRDA:221,16,0,0
BRDA:221,16,1,21
BRDA:226,17,0,21
BRDA:226,17,1,0
BRDA:234,18,0,21
BRDA:234,18,1,0
BRDA:254,19,0,126
BRDA:254,19,1,0
BRDA:254,20,0,126
BRDA:254,20,1,126
BRDA:259,21,0,126
BRDA:259,21,1,0
BRDA:265,22,0,126
BRDA:265,22,1,0
BRF:47
BRH:36
end_of_record
TN:
SF:components\WelcomePersonalizationModal.tsx
FN:27,WelcomePersonalizationModal
FN:36,(anonymous_1)
FN:37,(anonymous_2)
FN:50,(anonymous_3)
FN:58,(anonymous_4)
FN:64,(anonymous_5)
FN:69,(anonymous_6)
FNF:7
FNH:3
FNDA:27,WelcomePersonalizationModal
FNDA:11,(anonymous_1)
FNDA:0,(anonymous_2)
FNDA:0,(anonymous_3)
FNDA:11,(anonymous_4)
FNDA:0,(anonymous_5)
FNDA:0,(anonymous_6)
DA:19,2
DA:32,27
DA:33,27
DA:34,27
DA:36,27
DA:37,11
DA:39,0
DA:41,0
DA:43,0
DA:50,11
DA:51,0
DA:58,11
DA:59,11
DA:60,11
DA:64,27
DA:65,0
DA:66,0
DA:69,27
DA:70,0
DA:71,0
DA:74,27
DA:195,2
LF:22
LH:14
BRDA:41,0,0,0
BRDA:41,0,1,0
BRDA:66,1,0,0
BRDA:66,1,1,0
BRF:4
BRH:0
end_of_record
TN:
SF:components\settings\AccountManagementSection.tsx
FN:29,AccountManagementSection
FN:51,(anonymous_1)
FN:52,(anonymous_2)
FN:107,(anonymous_3)
FN:111,(anonymous_4)
FN:140,(anonymous_5)
FN:175,(anonymous_6)
FN:240,(anonymous_7)
FN:319,(anonymous_8)
FN:338,(anonymous_9)
FN:371,(anonymous_10)
FNF:11
FNH:0
FNDA:0,AccountManagementSection
FNDA:0,(anonymous_1)
FNDA:0,(anonymous_2)
FNDA:0,(anonymous_3)
FNDA:0,(anonymous_4)
FNDA:0,(anonymous_5)
FNDA:0,(anonymous_6)
FNDA:0,(anonymous_7)
FNDA:0,(anonymous_8)
FNDA:0,(anonymous_9)
FNDA:0,(anonymous_10)
DA:38,0
DA:41,0
DA:42,0
DA:43,0
DA:45,0
DA:46,0
DA:47,0
DA:48,0
DA:51,0
DA:52,0
DA:53,0
DA:54,0
DA:56,0
DA:61,0
DA:62,0
DA:65,0
DA:66,0
DA:67,0
DA:68,0
DA:69,0
DA:71,0
DA:72,0
DA:75,0
DA:80,0
DA:81,0
DA:85,0
DA:86,0
DA:89,0
DA:93,0
DA:94,0
DA:95,0
DA:96,0
DA:98,0
DA:100,0
DA:104,0
DA:107,0
DA:108,0
DA:109,0
DA:111,0
DA:114,0
DA:115,0
DA:119,0
DA:120,0
DA:122,0
DA:128,0
DA:130,0
DA:136,0
DA:140,0
DA:141,0
DA:142,0
DA:143,0
DA:144,0
DA:150,0
DA:158,0
DA:175,0
DA:241,0
DA:242,0
DA:243,0
DA:320,0
DA:339,0
DA:372,0
LF:61
LH:0
BRDA:65,0,0,0
BRDA:65,0,1,0
BRDA:68,1,0,0
BRDA:68,1,1,0
BRDA:71,2,0,0
BRDA:71,2,1,0
BRDA:80,3,0,0
BRDA:80,3,1,0
BRDA:80,4,0,0
BRDA:80,4,1,0
BRDA:85,5,0,0
BRDA:85,5,1,0
BRDA:85,6,0,0
BRDA:85,6,1,0
BRDA:114,7,0,0
BRDA:114,7,1,0
BRDA:176,8,0,0
BRDA:176,8,1,0
BRDA:179,9,0,0
BRDA:179,9,1,0
BRDA:181,10,0,0
BRDA:181,10,1,0
BRDA:187,11,0,0
BRDA:187,11,1,0
BRDA:198,12,0,0
BRDA:198,12,1,0
BRDA:205,13,0,0
BRDA:205,13,1,0
BRDA:210,14,0,0
BRDA:210,14,1,0
BRDA:217,15,0,0
BRDA:217,15,1,0
BRDA:226,16,0,0
BRDA:226,16,1,0
BRDA:231,17,0,0
BRDA:231,17,1,0
BRDA:236,18,0,0
BRDA:236,18,1,0
BRDA:242,19,0,0
BRDA:242,19,1,0
BRDA:243,20,0,0
BRDA:243,20,1,0
BRDA:253,21,0,0
BRDA:253,21,1,0
BRDA:258,22,0,0
BRDA:258,22,1,0
BRDA:332,23,0,0
BRDA:332,23,1,0
BRDA:357,24,0,0
BRDA:357,24,1,0
BRF:50
BRH:0
end_of_record
TN:
SF:components\settings\AdhanSoundSection.tsx
FN:98,AdhanSoundSection
FN:200,(anonymous_1)
FN:217,(anonymous_2)
FN:222,(anonymous_3)
FN:227,(anonymous_4)
FN:242,(anonymous_5)
FN:258,(anonymous_6)
FN:263,(anonymous_7)
FN:268,(anonymous_8)
FN:277,(anonymous_9)
FN:341,(anonymous_10)
FN:362,(anonymous_11)
FN:373,(anonymous_12)
FN:413,(anonymous_13)
FN:445,(anonymous_14)
FN:457,(anonymous_15)
FNF:16
FNH:0
FNDA:0,AdhanSoundSection
FNDA:0,(anonymous_1)
FNDA:0,(anonymous_2)
FNDA:0,(anonymous_3)
FNDA:0,(anonymous_4)
FNDA:0,(anonymous_5)
FNDA:0,(anonymous_6)
FNDA:0,(anonymous_7)
FNDA:0,(anonymous_8)
FNDA:0,(anonymous_9)
FNDA:0,(anonymous_10)
FNDA:0,(anonymous_11)
FNDA:0,(anonymous_12)
FNDA:0,(anonymous_13)
FNDA:0,(anonymous_14)
FNDA:0,(anonymous_15)
DA:145,0
DA:146,0
DA:147,0
DA:150,0
DA:151,0
DA:154,0
DA:189,0
DA:200,0
DA:217,0
DA:223,0
DA:224,0
DA:225,0
DA:227,0
DA:242,0
DA:258,0
DA:264,0
DA:265,0
DA:266,0
DA:268,0
DA:279,0
DA:283,0
DA:284,0
DA:289,0
DA:291,0
DA:343,0
DA:344,0
DA:345,0
DA:363,0
DA:374,0
DA:376,0
DA:379,0
DA:383,0
DA:418,0
DA:445,0
DA:457,0
LF:35
LH:0
BRDA:166,0,0,0
BRDA:166,0,1,0
BRDA:170,1,0,0
BRDA:170,1,1,0
BRDA:182,2,0,0
BRDA:182,2,1,0
BRDA:279,3,0,0
BRDA:279,3,1,0
BRDA:280,4,0,0
BRDA:280,4,1,0
BRDA:284,5,0,0
BRDA:284,5,1,0
BRDA:285,6,0,0
BRDA:285,6,1,0
BRDA:285,6,2,0
BRDA:295,7,0,0
BRDA:295,7,1,0
BRDA:297,8,0,0
BRDA:297,8,1,0
BRDA:306,9,0,0
BRDA:306,9,1,0
BRDA:306,10,0,0
BRDA:306,10,1,0
BRDA:319,11,0,0
BRDA:319,11,1,0
BRDA:319,11,2,0
BRDA:361,12,0,0
BRDA:361,12,1,0
BRDA:368,13,0,0
BRDA:368,13,1,0
BRDA:376,14,0,0
BRDA:376,14,1,0
BRDA:376,14,2,0
BRDA:379,15,0,0
BRDA:379,15,1,0
BRDA:381,16,0,0
BRDA:381,16,1,0
BRDA:390,17,0,0
BRDA:390,17,1,0
BRDA:397,18,0,0
BRDA:397,18,1,0
BRDA:430,19,0,0
BRDA:430,19,1,0
BRDA:476,20,0,0
BRDA:476,20,1,0
BRDA:485,21,0,0
BRDA:485,21,1,0
BRDA:490,22,0,0
BRDA:490,22,1,0
BRDA:500,23,0,0
BRDA:500,23,1,0
BRDA:508,24,0,0
BRDA:508,24,1,0
BRDA:515,25,0,0
BRDA:515,25,1,0
BRDA:520,26,0,0
BRDA:520,26,1,0
BRDA:530,27,0,0
BRDA:530,27,1,0
BRF:59
BRH:0
end_of_record
TN:
SF:components\settings\BackupSection.tsx
FN:19,BackupSection
FN:49,(anonymous_1)
FN:66,(anonymous_2)
FN:81,(anonymous_3)
FN:91,(anonymous_4)
FN:96,(anonymous_5)
FN:104,(anonymous_6)
FN:114,(anonymous_7)
FN:120,(anonymous_8)
FN:133,(anonymous_9)
FN:144,(anonymous_10)
FN:170,(anonymous_11)
FN:220,(anonymous_12)
FN:228,(anonymous_13)
FN:233,(anonymous_14)
FNF:15
FNH:0
FNDA:0,BackupSection
FNDA:0,(anonymous_1)
FNDA:0,(anonymous_2)
FNDA:0,(anonymous_3)
FNDA:0,(anonymous_4)
FNDA:0,(anonymous_5)
FNDA:0,(anonymous_6)
FNDA:0,(anonymous_7)
FNDA:0,(anonymous_8)
FNDA:0,(anonymous_9)
FNDA:0,(anonymous_10)
FNDA:0,(anonymous_11)
FNDA:0,(anonymous_12)
FNDA:0,(anonymous_13)
FNDA:0,(anonymous_14)
DA:20,0
DA:21,0
DA:35,0
DA:38,0
DA:49,0
DA:50,0
DA:51,0
DA:52,0
DA:53,0
DA:61,0
DA:66,0
DA:75,0
DA:81,0
DA:82,0
DA:97,0
DA:104,0
DA:105,0
DA:121,0
DA:122,0
DA:124,0
DA:144,0
DA:145,0
DA:149,0
DA:150,0
DA:154,0
DA:170,0
DA:222,0
DA:362,0
LF:28
LH:0
BRDA:50,0,0,0
BRDA:50,0,1,0
BRDA:122,1,0,0
BRDA:122,1,1,0
BRDA:149,2,0,0
BRDA:149,2,1,0
BRDA:164,3,0,0
BRDA:164,3,1,0
BRDA:181,4,0,0
BRDA:181,4,1,0
BRDA:189,5,0,0
BRDA:189,5,1,0
BRDA:213,6,0,0
BRDA:213,6,1,0
BRDA:245,7,0,0
BRDA:245,7,1,0
BRDA:260,8,0,0
BRDA:260,8,1,0
BRDA:283,9,0,0
BRDA:283,9,1,0
BRDA:291,10,0,0
BRDA:291,10,1,0
BRDA:304,11,0,0
BRDA:304,11,1,0
BRDA:304,12,0,0
BRDA:304,12,1,0
BRDA:321,13,0,0
BRDA:321,13,1,0
BRDA:326,14,0,0
BRDA:326,14,1,0
BRDA:340,15,0,0
BRDA:340,15,1,0
BRDA:344,16,0,0
BRDA:344,16,1,0
BRDA:347,17,0,0
BRDA:347,17,1,0
BRDA:349,18,0,0
BRDA:349,18,1,0
BRF:38
BRH:0
end_of_record
TN:
SF:components\settings\DhikrSection.tsx
FN:30,DhikrSection
FN:78,(anonymous_1)
FN:91,(anonymous_2)
FN:110,(anonymous_3)
FN:130,(anonymous_4)
FN:152,(anonymous_5)
FN:175,(anonymous_6)
FN:194,(anonymous_7)
FNF:8
FNH:0
FNDA:0,DhikrSection
FNDA:0,(anonymous_1)
FNDA:0,(anonymous_2)
FNDA:0,(anonymous_3)
FNDA:0,(anonymous_4)
FNDA:0,(anonymous_5)
FNDA:0,(anonymous_6)
FNDA:0,(anonymous_7)
DA:45,0
DA:47,0
DA:79,0
DA:80,0
DA:92,0
DA:93,0
DA:111,0
DA:112,0
DA:131,0
DA:132,0
DA:153,0
DA:154,0
DA:176,0
DA:177,0
DA:195,0
DA:196,0
LF:16
LH:0
BRDA:51,0,0,0
BRDA:51,0,1,0
BRDA:67,1,0,0
BRDA:67,1,1,0
BRDA:98,2,0,0
BRDA:98,2,1,0
BRDA:137,3,0,0
BRDA:137,3,1,0
BRDA:182,4,0,0
BRDA:182,4,1,0
BRF:10
BRH:0
end_of_record
TN:
SF:components\settings\GeneralSection.tsx
FN:26,GeneralSection
FN:69,(anonymous_1)
FN:73,(anonymous_2)
FN:94,(anonymous_3)
FN:117,(anonymous_4)
FNF:5
FNH:0
FNDA:0,GeneralSection
FNDA:0,(anonymous_1)
FNDA:0,(anonymous_2)
FNDA:0,(anonymous_3)
FNDA:0,(anonymous_4)
DA:39,0
DA:41,0
DA:69,0
DA:74,0
DA:96,0
DA:97,0
DA:119,0
DA:120,0
LF:8
LH:0
BRDA:87,0,0,0
BRDA:87,0,1,0
BRDA:105,1,0,0
BRDA:105,1,1,0
BRF:4
BRH:0
end_of_record
TN:
SF:components\settings\LocationSection.tsx
FN:35,LocationSection
FN:65,(anonymous_1)
FN:82,(anonymous_2)
FN:138,(anonymous_3)
FN:142,(anonymous_4)
FNF:5
FNH:0
FNDA:0,LocationSection
FNDA:0,(anonymous_1)
FNDA:0,(anonymous_2)
FNDA:0,(anonymous_3)
FNDA:0,(anonymous_4)
DA:48,0
DA:50,0
DA:65,0
DA:82,0
DA:139,0
DA:142,0
LF:6
LH:0
BRDA:63,0,0,0
BRDA:63,0,1,0
BRDA:70,1,0,0
BRDA:70,1,1,0
BRDA:80,2,0,0
BRDA:80,2,1,0
BRDA:87,3,0,0
BRDA:87,3,1,0
BRDA:97,4,0,0
BRDA:97,4,1,0
BRDA:105,5,0,0
BRDA:105,5,1,0
BRDA:110,6,0,0
BRDA:110,6,1,0
BRDA:120,7,0,0
BRDA:120,7,1,0
BRDA:129,8,0,0
BRDA:129,8,1,0
BRDA:136,9,0,0
BRDA:136,9,1,0
BRF:20
BRH:0
end_of_record
TN:
SF:components\ui\IconSymbol.ios.tsx
FN:4,IconSymbol
FNF:1
FNH:0
FNDA:0,IconSymbol
DA:17,0
LF:1
LH:0
BRDA:6,0,0,0
BRDA:9,1,0,0
BRF:2
BRH:0
end_of_record
TN:
SF:components\ui\IconSymbol.tsx
FN:28,IconSymbol
FNF:1
FNH:0
FNDA:0,IconSymbol
DA:16,0
DA:40,0
LF:2
LH:0
BRDA:30,0,0,0
BRF:1
BRH:0
end_of_record
TN:
SF:components\ui\TabBarBackground.ios.tsx
FN:5,BlurTabBarBackground
FN:17,useBottomTabOverflow
FNF:2
FNH:0
FNDA:0,BlurTabBarBackground
FNDA:0,useBottomTabOverflow
DA:6,0
DA:18,0
LF:2
LH:0
BRF:0
BRH:0
end_of_record
TN:
SF:components\ui\TabBarBackground.tsx
FN:4,useBottomTabOverflow
FNF:1
FNH:0
FNDA:0,useBottomTabOverflow
DA:5,0
LF:1
LH:0
BRF:0
BRH:0
end_of_record
TN:
SF:contexts\BackupContext.tsx
FN:73,(anonymous_0)
FN:91,(anonymous_1)
FN:92,(anonymous_2)
FN:151,(anonymous_3)
FN:153,(anonymous_4)
FN:157,(anonymous_5)
FN:162,(anonymous_6)
FN:193,(anonymous_7)
FN:210,(anonymous_8)
FN:237,(anonymous_9)
FN:293,(anonymous_10)
FN:294,(anonymous_11)
FN:295,(anonymous_12)
FN:296,(anonymous_13)
FN:298,(anonymous_14)
FN:378,(anonymous_15)
FN:440,(anonymous_16)
FN:470,(anonymous_17)
FN:624,(anonymous_18)
FN:655,(anonymous_19)
FN:693,(anonymous_20)
FNF:21
FNH:4
FNDA:10,(anonymous_0)
FNDA:5,(anonymous_1)
FNDA:5,(anonymous_2)
FNDA:5,(anonymous_3)
FNDA:0,(anonymous_4)
FNDA:0,(anonymous_5)
FNDA:0,(anonymous_6)
FNDA:0,(anonymous_7)
FNDA:0,(anonymous_8)
FNDA:0,(anonymous_9)
FNDA:0,(anonymous_10)
FNDA:0,(anonymous_11)
FNDA:0,(anonymous_12)
FNDA:0,(anonymous_13)
FNDA:0,(anonymous_14)
FNDA:0,(anonymous_15)
FNDA:0,(anonymous_16)
FNDA:0,(anonymous_17)
FNDA:0,(anonymous_18)
FNDA:0,(anonymous_19)
FNDA:0,(anonymous_20)
DA:67,1
DA:73,1
DA:74,10
DA:75,10
DA:76,10
DA:79,10
DA:80,10
DA:81,10
DA:82,10
DA:83,10
DA:86,10
DA:87,10
DA:88,10
DA:91,10
DA:92,5
DA:93,5
DA:96,0
DA:97,0
DA:101,0
DA:103,0
DA:104,0
DA:105,0
DA:106,0
DA:110,0
DA:115,0
DA:116,0
DA:118,0
DA:122,0
DA:123,0
DA:124,0
DA:128,0
DA:131,0
DA:132,0
DA:133,0
DA:134,0
DA:135,0
DA:139,5
DA:140,5
DA:141,5
DA:142,5
DA:143,5
DA:147,5
DA:151,10
DA:152,5
DA:153,0
DA:154,0
DA:157,0
DA:162,10
DA:163,0
DA:165,0
DA:166,0
DA:168,0
DA:169,0
DA:171,0
DA:177,0
DA:179,0
DA:180,0
DA:181,0
DA:183,0
DA:184,0
DA:187,0
DA:188,0
DA:193,10
DA:194,0
DA:196,0
DA:197,0
DA:198,0
DA:200,0
DA:201,0
DA:202,0
DA:205,0
DA:210,10
DA:211,0
DA:213,0
DA:214,0
DA:218,0
DA:220,0
DA:223,0
DA:225,0
DA:226,0
DA:229,0
DA:231,0
DA:232,0
DA:237,10
DA:238,0
DA:239,0
DA:244,0
DA:248,0
DA:251,0
DA:252,0
DA:255,0
DA:261,0
DA:265,0
DA:266,0
DA:267,0
DA:279,0
DA:291,0
DA:292,0
DA:293,0
DA:294,0
DA:295,0
DA:296,0
DA:298,0
DA:303,0
DA:340,0
DA:346,0
DA:347,0
DA:348,0
DA:349,0
DA:351,0
DA:352,0
DA:358,0
DA:359,0
DA:361,0
DA:364,0
DA:365,0
DA:366,0
DA:371,0
DA:373,0
DA:378,10
DA:379,0
DA:380,0
DA:385,0
DA:388,0
DA:389,0
DA:390,0
DA:393,0
DA:394,0
DA:395,0
DA:398,0
DA:403,0
DA:404,0
DA:405,0
DA:409,0
DA:411,0
DA:412,0
DA:413,0
DA:418,0
DA:420,0
DA:427,0
DA:429,0
DA:430,0
DA:432,0
DA:433,0
DA:434,0
DA:435,0
DA:440,10
DA:441,0
DA:443,0
DA:445,0
DA:446,0
DA:447,0
DA:448,0
DA:449,0
DA:450,0
DA:453,0
DA:454,0
DA:457,0
DA:459,0
DA:465,0
DA:470,10
DA:471,0
DA:472,0
DA:477,0
DA:481,0
DA:484,0
DA:485,0
DA:488,0
DA:494,0
DA:498,0
DA:499,0
DA:500,0
DA:503,0
DA:505,0
DA:511,0
DA:516,0
DA:517,0
DA:521,0
DA:522,0
DA:525,0
DA:526,0
DA:530,0
DA:531,0
DA:538,0
DA:545,0
DA:546,0
DA:547,0
DA:552,0
DA:553,0
DA:558,0
DA:559,0
DA:567,0
DA:568,0
DA:569,0
DA:574,0
DA:575,0
DA:582,0
DA:583,0
DA:588,0
DA:589,0
DA:596,0
DA:597,0
DA:598,0
DA:600,0
DA:601,0
DA:607,0
DA:608,0
DA:610,0
DA:611,0
DA:612,0
DA:617,0
DA:619,0
DA:624,10
DA:625,0
DA:626,0
DA:631,0
DA:634,0
DA:635,0
DA:637,0
DA:638,0
DA:644,0
DA:646,0
DA:655,10
DA:656,0
DA:659,10
DA:688,10
DA:693,1
DA:694,0
DA:695,0
DA:696,0
DA:698,0
LF:231
LH:36
BRDA:93,0,0,0
BRDA:93,0,1,5
BRDA:101,1,0,0
BRDA:101,1,1,0
BRDA:101,2,0,0
BRDA:101,2,1,0
BRDA:107,3,0,0
BRDA:107,3,1,0
BRDA:108,4,0,0
BRDA:108,4,1,0
BRDA:152,5,0,0
BRDA:152,5,1,5
BRDA:152,6,0,5
BRDA:152,6,1,0
BRDA:152,6,2,0
BRDA:163,7,0,0
BRDA:163,7,1,0
BRDA:171,8,0,0
BRDA:171,8,1,0
BRDA:172,9,0,0
BRDA:172,9,1,0
BRDA:172,9,2,0
BRDA:172,9,3,0
BRDA:194,10,0,0
BRDA:194,10,1,0
BRDA:201,11,0,0
BRDA:201,11,1,0
BRDA:218,12,0,0
BRDA:218,12,1,0
BRDA:218,13,0,0
BRDA:218,13,1,0
BRDA:238,14,0,0
BRDA:238,14,1,0
BRDA:251,15,0,0
BRDA:251,15,1,0
BRDA:251,16,0,0
BRDA:251,16,1,0
BRDA:291,17,0,0
BRDA:291,17,1,0
BRDA:298,18,0,0
BRDA:298,18,1,0
BRDA:306,19,0,0
BRDA:306,19,1,0
BRDA:307,20,0,0
BRDA:307,20,1,0
BRDA:307,21,0,0
BRDA:307,21,1,0
BRDA:310,22,0,0
BRDA:310,22,1,0
BRDA:310,23,0,0
BRDA:310,23,1,0
BRDA:316,24,0,0
BRDA:316,24,1,0
BRDA:316,25,0,0
BRDA:316,25,1,0
BRDA:320,26,0,0
BRDA:320,26,1,0
BRDA:320,27,0,0
BRDA:320,27,1,0
BRDA:324,28,0,0
BRDA:324,28,1,0
BRDA:324,29,0,0
BRDA:324,29,1,0
BRDA:328,30,0,0
BRDA:328,30,1,0
BRDA:328,31,0,0
BRDA:328,31,1,0
BRDA:346,32,0,0
BRDA:346,32,1,0
BRDA:361,33,0,0
BRDA:361,33,1,0
BRDA:379,34,0,0
BRDA:379,34,1,0
BRDA:394,35,0,0
BRDA:394,35,1,0
BRDA:414,36,0,0
BRDA:414,36,1,0
BRDA:415,37,0,0
BRDA:415,37,1,0
BRDA:441,38,0,0
BRDA:441,38,1,0
BRDA:471,39,0,0
BRDA:471,39,1,0
BRDA:484,40,0,0
BRDA:484,40,1,0
BRDA:484,41,0,0
BRDA:484,41,1,0
BRDA:505,42,0,0
BRDA:505,42,1,0
BRDA:506,43,0,0
BRDA:506,43,1,0
BRDA:506,43,2,0
BRDA:506,43,3,0
BRDA:525,44,0,0
BRDA:525,44,1,0
BRDA:530,45,0,0
BRDA:530,45,1,0
BRDA:532,46,0,0
BRDA:532,46,1,0
BRDA:533,47,0,0
BRDA:533,47,1,0
BRDA:534,48,0,0
BRDA:534,48,1,0
BRDA:535,49,0,0
BRDA:535,49,1,0
BRDA:536,50,0,0
BRDA:536,50,1,0
BRDA:545,51,0,0
BRDA:545,51,1,0
BRDA:546,52,0,0
BRDA:546,52,1,0
BRDA:552,53,0,0
BRDA:552,53,1,0
BRDA:558,54,0,0
BRDA:558,54,1,0
BRDA:567,55,0,0
BRDA:567,55,1,0
BRDA:568,56,0,0
BRDA:568,56,1,0
BRDA:574,57,0,0
BRDA:574,57,1,0
BRDA:582,58,0,0
BRDA:582,58,1,0
BRDA:588,59,0,0
BRDA:588,59,1,0
BRDA:625,60,0,0
BRDA:625,60,1,0
BRDA:637,61,0,0
BRDA:637,61,1,0
BRDA:637,62,0,0
BRDA:637,62,1,0
BRDA:661,63,0,0
BRDA:661,63,1,10
BRDA:662,64,0,0
BRDA:662,64,1,10
BRDA:663,65,0,0
BRDA:663,65,1,10
BRDA:664,66,0,0
BRDA:664,66,1,10
BRDA:665,67,0,0
BRDA:665,67,1,10
BRDA:677,68,0,0
BRDA:677,68,1,10
BRDA:680,69,0,0
BRDA:680,69,1,10
BRDA:681,70,0,0
BRDA:681,70,1,10
BRDA:695,71,0,0
BRDA:695,71,1,0
BRF:149
BRH:11
end_of_record
TN:
SF:contexts\FavoritesContext.tsx
FN:120,(anonymous_0)
FN:121,(anonymous_1)
FN:122,(anonymous_2)
FN:123,(anonymous_3)
FN:124,(anonymous_4)
FN:125,(anonymous_5)
FN:126,(anonymous_6)
FN:127,(anonymous_7)
FN:128,(anonymous_8)
FN:129,(anonymous_9)
FN:144,(anonymous_10)
FN:149,(anonymous_11)
FN:177,(anonymous_12)
FN:190,(anonymous_13)
FN:195,(anonymous_14)
FN:209,(anonymous_15)
FN:215,(anonymous_16)
FN:225,(anonymous_17)
FN:241,(anonymous_18)
FN:252,(anonymous_19)
FN:277,(anonymous_20)
FN:287,(anonymous_21)
FN:341,(anonymous_22)
FN:385,(anonymous_23)
FN:403,(anonymous_24)
FN:420,(anonymous_25)
FN:449,(anonymous_26)
FN:451,(anonymous_27)
FN:457,(anonymous_28)
FN:473,(anonymous_29)
FN:475,(anonymous_30)
FN:478,(anonymous_31)
FN:479,(anonymous_32)
FN:482,(anonymous_33)
FN:487,(anonymous_34)
FN:495,(anonymous_35)
FN:505,(anonymous_36)
FN:531,(anonymous_37)
FN:535,(anonymous_38)
FN:536,(anonymous_39)
FN:562,(anonymous_40)
FNF:41
FNH:21
FNDA:0,(anonymous_0)
FNDA:0,(anonymous_1)
FNDA:0,(anonymous_2)
FNDA:0,(anonymous_3)
FNDA:0,(anonymous_4)
FNDA:0,(anonymous_5)
FNDA:0,(anonymous_6)
FNDA:0,(anonymous_7)
FNDA:0,(anonymous_8)
FNDA:0,(anonymous_9)
FNDA:1,(anonymous_10)
FNDA:85,(anonymous_11)
FNDA:74,(anonymous_12)
FNDA:21,(anonymous_13)
FNDA:21,(anonymous_14)
FNDA:21,(anonymous_15)
FNDA:21,(anonymous_16)
FNDA:21,(anonymous_17)
FNDA:21,(anonymous_18)
FNDA:0,(anonymous_19)
FNDA:32,(anonymous_20)
FNDA:0,(anonymous_21)
FNDA:30,(anonymous_22)
FNDA:30,(anonymous_23)
FNDA:55,(anonymous_24)
FNDA:0,(anonymous_25)
FNDA:3,(anonymous_26)
FNDA:4,(anonymous_27)
FNDA:0,(anonymous_28)
FNDA:0,(anonymous_29)
FNDA:0,(anonymous_30)
FNDA:8,(anonymous_31)
FNDA:23,(anonymous_32)
FNDA:0,(anonymous_33)
FNDA:0,(anonymous_34)
FNDA:0,(anonymous_35)
FNDA:0,(anonymous_36)
FNDA:9,(anonymous_37)
FNDA:30,(anonymous_38)
FNDA:55,(anonymous_39)
FNDA:64,(anonymous_40)
DA:117,3
DA:120,0
DA:121,0
DA:122,0
DA:123,0
DA:124,0
DA:125,0
DA:126,0
DA:127,0
DA:128,0
DA:129,0
DA:134,3
DA:137,3
DA:144,3
DA:145,1
DA:149,3
DA:152,85
DA:154,73
DA:155,73
DA:157,6
DA:158,6
DA:160,3
DA:161,3
DA:165,2
DA:166,2
DA:168,1
DA:177,3
DA:180,74
DA:181,74
DA:182,74
DA:184,74
DA:185,74
DA:186,74
DA:187,74
DA:190,74
DA:191,21
DA:195,74
DA:200,21
DA:204,0
DA:209,74
DA:210,21
DA:215,74
DA:225,74
DA:226,21
DA:227,21
DA:228,0
DA:231,0
DA:233,21
DA:236,0
DA:237,0
DA:241,74
DA:242,21
DA:243,21
DA:246,21
DA:249,21
DA:251,21
DA:252,0
DA:258,21
DA:261,21
DA:262,0
DA:263,0
DA:264,0
DA:270,0
DA:271,0
DA:273,21
DA:277,74
DA:278,32
DA:281,32
DA:283,0
DA:287,74
DA:288,0
DA:289,0
DA:295,0
DA:300,0
DA:303,0
DA:308,0
DA:310,0
DA:311,0
DA:314,0
DA:315,0
DA:317,0
DA:318,0
DA:319,0
DA:321,0
DA:323,0
DA:329,0
DA:331,0
DA:332,0
DA:337,0
DA:341,74
DA:349,30
DA:353,0
DA:357,30
DA:358,30
DA:362,30
DA:363,0
DA:370,0
DA:373,0
DA:382,30
DA:385,74
DA:388,30
DA:390,30
DA:391,30
DA:392,0
DA:397,0
DA:400,30
DA:403,55
DA:405,1
DA:408,29
DA:414,29
DA:415,29
DA:416,29
DA:419,29
DA:420,0
DA:424,29
DA:425,29
DA:426,0
DA:431,29
DA:437,29
DA:439,0
DA:440,0
DA:445,0
DA:449,74
DA:450,3
DA:451,4
DA:452,3
DA:453,3
DA:456,3
DA:457,0
DA:460,3
DA:466,3
DA:468,0
DA:469,0
DA:473,74
DA:474,0
DA:475,0
DA:478,74
DA:479,23
DA:482,74
DA:486,0
DA:487,0
DA:488,0
DA:490,0
DA:491,0
DA:494,0
DA:495,0
DA:498,0
DA:500,0
DA:501,0
DA:505,74
DA:506,0
DA:507,0
DA:508,0
DA:511,0
DA:512,0
DA:515,0
DA:521,0
DA:523,0
DA:527,0
DA:531,74
DA:532,9
DA:535,74
DA:536,55
DA:539,74
DA:555,74
DA:562,3
DA:563,64
DA:564,64
DA:565,0
DA:567,64
LF:170
LH:93
BRDA:152,0,0,73
BRDA:152,0,1,6
BRDA:152,0,2,3
BRDA:152,0,3,2
BRDA:152,0,4,1
BRDA:200,1,0,0
BRDA:200,1,1,21
BRDA:227,2,0,0
BRDA:227,2,1,21
BRDA:251,3,0,0
BRDA:251,3,1,21
BRDA:261,4,0,0
BRDA:261,4,1,21
BRDA:261,5,0,21
BRDA:261,5,1,0
BRDA:288,6,0,0
BRDA:288,6,1,0
BRDA:349,7,0,0
BRDA:349,7,1,30
BRDA:362,8,0,0
BRDA:362,8,1,30
BRDA:391,9,0,0
BRDA:391,9,1,30
BRDA:395,10,0,0
BRDA:395,10,1,0
BRDA:403,11,0,1
BRDA:403,11,1,29
BRDA:419,12,0,0
BRDA:419,12,1,29
BRDA:419,13,0,29
BRDA:419,13,1,0
BRDA:433,14,0,29
BRDA:433,14,1,0
BRDA:456,15,0,0
BRDA:456,15,1,3
BRDA:456,16,0,3
BRDA:456,16,1,0
BRDA:462,17,0,3
BRDA:462,17,1,0
BRDA:488,18,0,0
BRDA:488,18,1,0
BRDA:494,19,0,0
BRDA:494,19,1,0
BRDA:494,20,0,0
BRDA:494,20,1,0
BRDA:511,21,0,0
BRDA:511,21,1,0
BRDA:511,22,0,0
BRDA:511,22,1,0
BRDA:564,23,0,0
BRDA:564,23,1,64
BRF:51
BRH:22
end_of_record
TN:
SF:contexts\PremiumContext.tsx
FN:74,(anonymous_0)
FN:75,(anonymous_1)
FN:76,(anonymous_2)
FN:77,(anonymous_3)
FN:78,(anonymous_4)
FN:79,(anonymous_5)
FN:80,(anonymous_6)
FN:81,(anonymous_7)
FN:82,(anonymous_8)
FN:102,(anonymous_9)
FN:110,(anonymous_10)
FN:115,(anonymous_11)
FN:116,(anonymous_12)
FN:154,(anonymous_13)
FN:157,(anonymous_14)
FN:203,(anonymous_15)
FN:207,(anonymous_16)
FN:262,(anonymous_17)
FN:282,(anonymous_18)
FN:286,(anonymous_19)
FN:293,(anonymous_20)
FN:332,(anonymous_21)
FN:356,(anonymous_22)
FN:406,(anonymous_23)
FN:547,(anonymous_24)
FN:556,(anonymous_25)
FN:562,(anonymous_26)
FNF:27
FNH:10
FNDA:0,(anonymous_0)
FNDA:0,(anonymous_1)
FNDA:0,(anonymous_2)
FNDA:0,(anonymous_3)
FNDA:0,(anonymous_4)
FNDA:0,(anonymous_5)
FNDA:0,(anonymous_6)
FNDA:0,(anonymous_7)
FNDA:0,(anonymous_8)
FNDA:28,(anonymous_9)
FNDA:14,(anonymous_10)
FNDA:14,(anonymous_11)
FNDA:0,(anonymous_12)
FNDA:14,(anonymous_13)
FNDA:14,(anonymous_14)
FNDA:0,(anonymous_15)
FNDA:0,(anonymous_16)
FNDA:0,(anonymous_17)
FNDA:4,(anonymous_18)
FNDA:2,(anonymous_19)
FNDA:0,(anonymous_20)
FNDA:0,(anonymous_21)
FNDA:0,(anonymous_22)
FNDA:0,(anonymous_23)
FNDA:71,(anonymous_24)
FNDA:2,(anonymous_25)
FNDA:2,(anonymous_26)
DA:61,4
DA:71,4
DA:77,0
DA:78,0
DA:79,0
DA:82,0
DA:89,4
DA:92,4
DA:102,4
DA:105,28
DA:106,28
DA:107,28
DA:110,28
DA:111,14
DA:115,28
DA:116,14
DA:117,0
DA:119,0
DA:122,0
DA:124,0
DA:126,0
DA:130,0
DA:133,0
DA:136,0
DA:139,0
DA:144,0
DA:149,14
DA:152,14
DA:154,14
DA:157,28
DA:158,14
DA:159,14
DA:161,14
DA:162,5
DA:163,0
DA:167,0
DA:169,0
DA:189,0
DA:197,9
DA:199,14
DA:203,28
DA:204,0
DA:207,28
DA:211,0
DA:212,0
DA:215,0
DA:218,0
DA:220,0
DA:221,0
DA:223,0
DA:224,0
DA:226,0
DA:227,0
DA:229,0
DA:233,0
DA:243,0
DA:246,0
DA:256,0
DA:258,0
DA:262,28
DA:263,0
DA:265,0
DA:266,0
DA:267,0
DA:268,0
DA:269,0
DA:271,0
DA:275,0
DA:282,28
DA:283,4
DA:286,28
DA:289,2
DA:293,28
DA:294,0
DA:297,0
DA:300,0
DA:301,0
DA:325,0
DA:326,0
DA:327,0
DA:332,28
DA:333,0
DA:339,0
DA:340,0
DA:341,0
DA:344,0
DA:347,0
DA:351,0
DA:356,28
DA:357,0
DA:359,0
DA:361,0
DA:367,0
DA:368,0
DA:369,0
DA:378,0
DA:384,0
DA:387,0
DA:393,0
DA:401,0
DA:406,28
DA:412,0
DA:416,0
DA:417,0
DA:418,0
DA:419,0
DA:420,0
DA:421,0
DA:423,0
DA:425,0
DA:438,0
DA:439,0
DA:440,0
DA:441,0
DA:442,0
DA:443,0
DA:444,0
DA:446,0
DA:448,0
DA:460,0
DA:463,0
DA:464,0
DA:477,0
DA:478,0
DA:480,0
DA:486,0
DA:487,0
DA:491,0
DA:492,0
DA:494,0
DA:496,0
DA:512,0
DA:517,0
DA:518,0
DA:525,28
DA:539,28
DA:547,4
DA:548,71
DA:549,71
DA:550,0
DA:552,71
DA:556,4
DA:557,2
DA:558,2
DA:562,4
DA:563,2
DA:564,2
LF:147
LH:45
BRDA:124,0,0,0
BRDA:124,0,1,0
BRDA:124,1,0,0
BRDA:124,1,1,0
BRDA:162,2,0,0
BRDA:162,2,1,5
BRDA:167,3,0,0
BRDA:167,3,1,0
BRDA:167,3,2,0
BRDA:171,4,0,0
BRDA:171,4,1,0
BRDA:175,5,0,0
BRDA:175,5,1,0
BRDA:218,6,0,0
BRDA:218,6,1,0
BRDA:218,6,2,0
BRDA:218,6,3,0
BRDA:267,7,0,0
BRDA:267,7,1,0
BRDA:283,8,0,4
BRDA:283,8,1,0
BRDA:359,9,0,0
BRDA:359,9,1,0
BRDA:370,10,0,0
BRDA:370,10,1,0
BRDA:371,11,0,0
BRDA:371,11,1,0
BRDA:373,12,0,0
BRDA:373,12,1,0
BRDA:417,13,0,0
BRDA:417,13,1,0
BRDA:419,14,0,0
BRDA:419,14,1,0
BRDA:419,15,0,0
BRDA:419,15,1,0
BRDA:423,16,0,0
BRDA:423,16,1,0
BRDA:440,17,0,0
BRDA:440,17,1,0
BRDA:440,18,0,0
BRDA:440,18,1,0
BRDA:442,19,0,0
BRDA:442,19,1,0
BRDA:442,20,0,0
BRDA:442,20,1,0
BRDA:446,21,0,0
BRDA:446,21,1,0
BRDA:460,22,0,0
BRDA:460,22,1,0
BRDA:463,23,0,0
BRDA:463,23,1,0
BRDA:480,24,0,0
BRDA:480,24,1,0
BRDA:481,25,0,0
BRDA:481,25,1,0
BRDA:481,25,2,0
BRDA:481,25,3,0
BRDA:487,26,0,0
BRDA:487,26,1,0
BRDA:488,27,0,0
BRDA:488,27,1,0
BRDA:494,28,0,0
BRDA:494,28,1,0
BRDA:549,29,0,0
BRDA:549,29,1,71
BRF:65
BRH:3
end_of_record
TN:
SF:contexts\SettingsContext.tsx
FN:163,(anonymous_0)
FN:164,(anonymous_1)
FN:165,(anonymous_2)
FN:166,(anonymous_3)
FN:167,(anonymous_4)
FN:168,(anonymous_5)
FN:169,(anonymous_6)
FN:170,(anonymous_7)
FN:171,(anonymous_8)
FN:172,(anonymous_9)
FN:173,(anonymous_10)
FN:174,(anonymous_11)
FN:175,(anonymous_12)
FN:176,(anonymous_13)
FN:177,(anonymous_14)
FN:178,(anonymous_15)
FN:179,(anonymous_16)
FN:180,(anonymous_17)
FN:181,(anonymous_18)
FN:182,(anonymous_19)
FN:183,(anonymous_20)
FN:184,(anonymous_21)
FN:185,(anonymous_22)
FN:186,(anonymous_23)
FN:187,(anonymous_24)
FN:189,(anonymous_25)
FN:190,(anonymous_26)
FN:197,(anonymous_27)
FN:259,(anonymous_28)
FN:326,(anonymous_29)
FN:349,(anonymous_30)
FN:410,(anonymous_31)
FN:452,(anonymous_32)
FN:453,(anonymous_33)
FN:469,(anonymous_34)
FN:818,(anonymous_35)
FN:819,(anonymous_36)
FN:834,(anonymous_37)
FN:839,(anonymous_38)
FN:843,(anonymous_39)
FN:876,(anonymous_40)
FN:886,(anonymous_41)
FN:893,(anonymous_42)
FN:901,(anonymous_43)
FN:979,(anonymous_44)
FN:993,(anonymous_45)
FN:1006,(anonymous_46)
FN:1019,(anonymous_47)
FN:1044,(anonymous_48)
FN:1073,(anonymous_49)
FN:1083,(anonymous_50)
FN:1096,(anonymous_51)
FN:1109,(anonymous_52)
FN:1122,(anonymous_53)
FN:1135,(anonymous_54)
FN:1148,(anonymous_55)
FN:1161,(anonymous_56)
FN:1174,(anonymous_57)
FN:1195,(anonymous_58)
FN:1201,(anonymous_59)
FN:1208,(anonymous_60)
FN:1217,(anonymous_61)
FN:1230,(anonymous_62)
FN:1235,(anonymous_63)
FN:1245,(anonymous_64)
FN:1258,(anonymous_65)
FN:1276,(anonymous_66)
FN:1285,(anonymous_67)
FNF:68
FNH:36
FNDA:0,(anonymous_0)
FNDA:0,(anonymous_1)
FNDA:0,(anonymous_2)
FNDA:0,(anonymous_3)
FNDA:0,(anonymous_4)
FNDA:0,(anonymous_5)
FNDA:0,(anonymous_6)
FNDA:0,(anonymous_7)
FNDA:0,(anonymous_8)
FNDA:0,(anonymous_9)
FNDA:0,(anonymous_10)
FNDA:0,(anonymous_11)
FNDA:0,(anonymous_12)
FNDA:0,(anonymous_13)
FNDA:0,(anonymous_14)
FNDA:0,(anonymous_15)
FNDA:0,(anonymous_16)
FNDA:0,(anonymous_17)
FNDA:0,(anonymous_18)
FNDA:0,(anonymous_19)
FNDA:0,(anonymous_20)
FNDA:0,(anonymous_21)
FNDA:0,(anonymous_22)
FNDA:0,(anonymous_23)
FNDA:0,(anonymous_24)
FNDA:0,(anonymous_25)
FNDA:0,(anonymous_26)
FNDA:226,(anonymous_27)
FNDA:0,(anonymous_28)
FNDA:0,(anonymous_29)
FNDA:0,(anonymous_30)
FNDA:3,(anonymous_31)
FNDA:81,(anonymous_32)
FNDA:81,(anonymous_33)
FNDA:0,(anonymous_34)
FNDA:81,(anonymous_35)
FNDA:81,(anonymous_36)
FNDA:220,(anonymous_37)
FNDA:0,(anonymous_38)
FNDA:8,(anonymous_39)
FNDA:2,(anonymous_40)
FNDA:4,(anonymous_41)
FNDA:4,(anonymous_42)
FNDA:4,(anonymous_43)
FNDA:4,(anonymous_44)
FNDA:2,(anonymous_45)
FNDA:2,(anonymous_46)
FNDA:14,(anonymous_47)
FNDA:4,(anonymous_48)
FNDA:4,(anonymous_49)
FNDA:3,(anonymous_50)
FNDA:3,(anonymous_51)
FNDA:2,(anonymous_52)
FNDA:2,(anonymous_53)
FNDA:3,(anonymous_54)
FNDA:2,(anonymous_55)
FNDA:2,(anonymous_56)
FNDA:3,(anonymous_57)
FNDA:2,(anonymous_58)
FNDA:2,(anonymous_59)
FNDA:5,(anonymous_60)
FNDA:5,(anonymous_61)
FNDA:4,(anonymous_62)
FNDA:6,(anonymous_63)
FNDA:6,(anonymous_64)
FNDA:2,(anonymous_65)
FNDA:213,(anonymous_66)
FNDA:2,(anonymous_67)
DA:22,5
DA:24,5
DA:131,5
DA:195,5
DA:197,5
DA:202,226
DA:203,226
DA:204,226
DA:206,226
DA:207,226
DA:208,226
DA:209,226
DA:210,226
DA:211,226
DA:212,226
DA:213,226
DA:214,226
DA:215,226
DA:216,226
DA:217,226
DA:218,226
DA:219,226
DA:220,226
DA:223,226
DA:224,226
DA:225,226
DA:228,226
DA:229,226
DA:230,226
DA:233,226
DA:237,226
DA:240,226
DA:243,226
DA:246,226
DA:247,226
DA:250,226
DA:251,226
DA:252,226
DA:256,226
DA:259,226
DA:260,0
DA:326,226
DA:327,0
DA:329,0
DA:330,0
DA:331,0
DA:333,0
DA:334,0
DA:336,0
DA:337,0
DA:338,0
DA:340,0
DA:343,0
DA:345,0
DA:349,226
DA:350,0
DA:351,0
DA:353,0
DA:355,0
DA:356,0
DA:357,0
DA:360,0
DA:361,0
DA:363,0
DA:368,0
DA:374,0
DA:375,0
DA:377,0
DA:378,0
DA:380,0
DA:381,0
DA:383,0
DA:384,0
DA:385,0
DA:386,0
DA:389,0
DA:390,0
DA:392,0
DA:393,0
DA:398,0
DA:399,0
DA:402,0
DA:404,0
DA:410,226
DA:411,3
DA:412,3
DA:413,3
DA:415,3
DA:416,2
DA:417,1
DA:418,1
DA:419,1
DA:420,1
DA:423,1
DA:427,0
DA:432,0
DA:433,0
DA:435,0
DA:436,0
DA:437,0
DA:439,0
DA:444,2
DA:445,2
DA:446,2
DA:448,3
DA:452,226
DA:453,81
DA:455,81
DA:457,81
DA:459,81
DA:462,81
DA:467,81
DA:468,81
DA:469,0
DA:472,81
DA:473,0
DA:476,81
DA:479,81
DA:480,81
DA:483,81
DA:484,67
DA:489,14
DA:490,14
DA:491,14
DA:493,81
DA:494,81
DA:495,81
DA:496,81
DA:497,81
DA:498,81
DA:499,81
DA:500,81
DA:501,81
DA:502,81
DA:503,81
DA:504,81
DA:505,81
DA:506,81
DA:507,81
DA:508,81
DA:509,81
DA:510,81
DA:511,81
DA:512,81
DA:513,81
DA:514,81
DA:515,81
DA:541,0
DA:566,0
DA:572,0
DA:573,0
DA:580,0
DA:586,0
DA:587,0
DA:591,0
DA:592,0
DA:593,0
DA:596,0
DA:597,0
DA:601,0
DA:604,0
DA:610,0
DA:611,0
DA:612,0
DA:613,0
DA:616,0
DA:617,0
DA:618,0
DA:619,0
DA:623,0
DA:624,0
DA:627,0
DA:629,0
DA:634,0
DA:635,0
DA:636,0
DA:639,0
DA:641,0
DA:643,0
DA:644,0
DA:647,0
DA:648,0
DA:651,0
DA:652,0
DA:653,0
DA:654,0
DA:657,0
DA:658,0
DA:659,0
DA:660,0
DA:663,0
DA:664,0
DA:667,0
DA:668,0
DA:669,0
DA:670,0
DA:674,0
DA:676,0
DA:678,0
DA:682,0
DA:686,0
DA:687,0
DA:688,0
DA:690,0
DA:693,0
DA:694,0
DA:695,0
DA:698,0
DA:700,0
DA:706,0
DA:708,0
DA:713,0
DA:715,0
DA:717,0
DA:727,0
DA:729,0
DA:730,0
DA:732,0
DA:734,0
DA:735,0
DA:736,0
DA:738,0
DA:739,0
DA:743,0
DA:744,0
DA:745,0
DA:746,0
DA:750,0
DA:752,0
DA:769,0
DA:772,0
DA:773,0
DA:774,0
DA:778,0
DA:779,0
DA:781,0
DA:785,0
DA:786,0
DA:787,0
DA:788,0
DA:789,0
DA:792,0
DA:795,0
DA:799,0
DA:801,0
DA:806,0
DA:807,0
DA:814,81
DA:818,226
DA:819,81
DA:820,81
DA:822,81
DA:823,81
DA:824,2
DA:827,0
DA:830,81
DA:834,226
DA:836,220
DA:839,8
DA:840,0
DA:843,8
DA:876,226
DA:877,2
DA:878,2
DA:880,2
DA:882,0
DA:886,226
DA:887,4
DA:890,4
DA:893,226
DA:894,4
DA:897,4
DA:901,226
DA:902,4
DA:903,2
DA:906,2
DA:908,2
DA:914,2
DA:915,0
DA:918,2
DA:940,1
DA:944,226
DA:980,4
DA:982,4
DA:986,4
DA:987,4
DA:990,0
DA:994,2
DA:996,2
DA:999,2
DA:1000,2
DA:1003,0
DA:1007,2
DA:1009,2
DA:1012,2
DA:1013,2
DA:1016,0
DA:1020,14
DA:1021,14
DA:1022,14
DA:1026,14
DA:1028,14
DA:1031,14
DA:1035,14
DA:1040,14
DA:1041,14
DA:1045,4
DA:1046,4
DA:1048,4
DA:1051,4
DA:1052,4
DA:1053,4
DA:1054,4
DA:1059,0
DA:1068,4
DA:1074,4
DA:1076,4
DA:1079,4
DA:1080,4
DA:1084,3
DA:1086,3
DA:1089,3
DA:1090,3
DA:1093,0
DA:1097,3
DA:1099,3
DA:1102,3
DA:1103,3
DA:1106,0
DA:1110,2
DA:1112,2
DA:1115,2
DA:1116,2
DA:1119,0
DA:1123,2
DA:1125,2
DA:1128,2
DA:1129,2
DA:1132,0
DA:1136,3
DA:1138,3
DA:1141,3
DA:1142,3
DA:1145,0
DA:1149,2
DA:1151,2
DA:1154,2
DA:1155,2
DA:1158,0
DA:1162,2
DA:1164,2
DA:1167,2
DA:1168,2
DA:1171,0
DA:1175,3
DA:1178,3
DA:1181,3
DA:1185,3
DA:1186,3
DA:1191,3
DA:1192,0
DA:1196,2
DA:1199,2
DA:1202,2
DA:1205,2
DA:1209,5
DA:1210,5
DA:1211,1
DA:1213,4
DA:1215,4
DA:1218,5
DA:1223,5
DA:1224,1
DA:1226,4
DA:1228,4
DA:1231,4
DA:1233,4
DA:1236,6
DA:1237,1
DA:1239,5
DA:1241,5
DA:1246,6
DA:1249,6
DA:1250,6
DA:1254,6
DA:1259,2
DA:1262,2
DA:1263,2
DA:1268,226
DA:1276,5
DA:1277,213
DA:1278,213
DA:1279,0
DA:1281,213
DA:1285,5
DA:1286,2
DA:1287,2
LF:397
LH:230
BRDA:237,0,0,226
BRDA:237,0,1,0
BRDA:256,1,0,225
BRDA:256,1,1,1
BRDA:256,2,0,225
BRDA:256,2,1,0
BRDA:263,3,0,0
BRDA:263,3,1,0
BRDA:264,4,0,0
BRDA:264,4,1,0
BRDA:265,5,0,0
BRDA:265,5,1,0
BRDA:266,6,0,0
BRDA:266,6,1,0
BRDA:267,7,0,0
BRDA:267,7,1,0
BRDA:327,8,0,0
BRDA:327,8,1,0
BRDA:327,9,0,0
BRDA:327,9,1,0
BRDA:336,10,0,0
BRDA:336,10,1,0
BRDA:355,11,0,0
BRDA:355,11,1,0
BRDA:355,12,0,0
BRDA:355,12,1,0
BRDA:360,13,0,0
BRDA:360,13,1,0
BRDA:363,14,0,0
BRDA:363,14,1,0
BRDA:364,15,0,0
BRDA:364,15,1,0
BRDA:364,15,2,0
BRDA:374,16,0,0
BRDA:374,16,1,0
BRDA:377,17,0,0
BRDA:377,17,1,0
BRDA:380,18,0,0
BRDA:380,18,1,0
BRDA:383,19,0,0
BRDA:383,19,1,0
BRDA:385,20,0,0
BRDA:385,20,1,0
BRDA:389,21,0,0
BRDA:389,21,1,0
BRDA:392,22,0,0
BRDA:392,22,1,0
BRDA:416,23,0,1
BRDA:416,23,1,1
BRDA:435,24,0,0
BRDA:435,24,1,0
BRDA:435,25,0,0
BRDA:435,25,1,0
BRDA:435,25,2,0
BRDA:457,26,0,81
BRDA:457,26,1,0
BRDA:472,27,0,0
BRDA:472,27,1,81
BRDA:483,28,0,67
BRDA:483,28,1,14
BRDA:506,29,0,81
BRDA:506,29,1,5
BRDA:573,30,0,0
BRDA:573,30,1,0
BRDA:574,31,0,0
BRDA:574,31,1,0
BRDA:574,31,2,0
BRDA:574,31,3,0
BRDA:574,31,4,0
BRDA:586,32,0,0
BRDA:586,32,1,0
BRDA:591,33,0,0
BRDA:591,33,1,0
BRDA:596,34,0,0
BRDA:596,34,1,0
BRDA:596,35,0,0
BRDA:596,35,1,0
BRDA:610,36,0,0
BRDA:610,36,1,0
BRDA:611,37,0,0
BRDA:611,37,1,0
BRDA:612,38,0,0
BRDA:612,38,1,0
BRDA:616,39,0,0
BRDA:616,39,1,0
BRDA:623,40,0,0
BRDA:623,40,1,0
BRDA:634,41,0,0
BRDA:634,41,1,0
BRDA:643,42,0,0
BRDA:643,42,1,0
BRDA:647,43,0,0
BRDA:647,43,1,0
BRDA:651,44,0,0
BRDA:651,44,1,0
BRDA:653,45,0,0
BRDA:653,45,1,0
BRDA:657,46,0,0
BRDA:657,46,1,0
BRDA:659,47,0,0
BRDA:659,47,1,0
BRDA:663,48,0,0
BRDA:663,48,1,0
BRDA:667,49,0,0
BRDA:667,49,1,0
BRDA:669,50,0,0
BRDA:669,50,1,0
BRDA:674,51,0,0
BRDA:674,51,1,0
BRDA:686,52,0,0
BRDA:686,52,1,0
BRDA:693,53,0,0
BRDA:693,53,1,0
BRDA:706,54,0,0
BRDA:706,54,1,0
BRDA:708,55,0,0
BRDA:708,55,1,0
BRDA:715,56,0,0
BRDA:715,56,1,0
BRDA:717,57,0,0
BRDA:717,57,1,0
BRDA:729,58,0,0
BRDA:729,58,1,0
BRDA:732,59,0,0
BRDA:732,59,1,0
BRDA:735,60,0,0
BRDA:735,60,1,0
BRDA:738,61,0,0
BRDA:738,61,1,0
BRDA:743,62,0,0
BRDA:743,62,1,0
BRDA:745,63,0,0
BRDA:745,63,1,0
BRDA:745,64,0,0
BRDA:745,64,1,0
BRDA:750,65,0,0
BRDA:750,65,1,0
BRDA:769,66,0,0
BRDA:769,66,1,0
BRDA:773,67,0,0
BRDA:773,67,1,0
BRDA:778,68,0,0
BRDA:778,68,1,0
BRDA:785,69,0,0
BRDA:785,69,1,0
BRDA:788,70,0,0
BRDA:788,70,1,0
BRDA:788,71,0,0
BRDA:788,71,1,0
BRDA:788,71,2,0
BRDA:801,72,0,0
BRDA:801,72,1,0
BRDA:823,73,0,2
BRDA:823,73,1,79
BRDA:823,74,0,81
BRDA:823,74,1,2
BRDA:836,75,0,212
BRDA:836,75,1,8
BRDA:836,76,0,220
BRDA:836,76,1,139
BRDA:836,76,2,139
BRDA:902,77,0,2
BRDA:902,77,1,2
BRDA:902,78,0,4
BRDA:902,78,1,2
BRDA:902,78,2,2
BRDA:908,79,0,0
BRDA:908,79,1,2
BRDA:908,80,0,2
BRDA:908,80,1,0
BRDA:910,81,0,2
BRDA:910,81,1,0
BRDA:914,82,0,0
BRDA:914,82,1,2
BRDA:986,83,0,4
BRDA:986,83,1,0
BRDA:986,84,0,4
BRDA:986,84,1,4
BRDA:986,84,2,4
BRDA:990,85,0,0
BRDA:990,85,1,0
BRDA:999,86,0,2
BRDA:999,86,1,0
BRDA:999,87,0,2
BRDA:999,87,1,2
BRDA:999,87,2,2
BRDA:1003,88,0,0
BRDA:1003,88,1,0
BRDA:1012,89,0,2
BRDA:1012,89,1,0
BRDA:1012,90,0,2
BRDA:1012,90,1,2
BRDA:1012,90,2,2
BRDA:1016,91,0,0
BRDA:1016,91,1,0
BRDA:1021,92,0,14
BRDA:1021,92,1,0
BRDA:1021,93,0,14
BRDA:1021,93,1,14
BRDA:1040,94,0,14
BRDA:1040,94,1,0
BRDA:1040,95,0,14
BRDA:1040,95,1,14
BRDA:1051,96,0,4
BRDA:1051,96,1,0
BRDA:1051,97,0,4
BRDA:1051,97,1,4
BRDA:1079,98,0,4
BRDA:1079,98,1,0
BRDA:1079,99,0,4
BRDA:1079,99,1,4
BRDA:1089,100,0,3
BRDA:1089,100,1,0
BRDA:1089,101,0,3
BRDA:1089,101,1,3
BRDA:1089,101,2,3
BRDA:1093,102,0,0
BRDA:1093,102,1,0
BRDA:1102,103,0,3
BRDA:1102,103,1,0
BRDA:1102,104,0,3
BRDA:1102,104,1,3
BRDA:1102,104,2,3
BRDA:1106,105,0,0
BRDA:1106,105,1,0
BRDA:1115,106,0,2
BRDA:1115,106,1,0
BRDA:1115,107,0,2
BRDA:1115,107,1,2
BRDA:1115,107,2,2
BRDA:1119,108,0,0
BRDA:1119,108,1,0
BRDA:1128,109,0,2
BRDA:1128,109,1,0
BRDA:1128,110,0,2
BRDA:1128,110,1,2
BRDA:1128,110,2,2
BRDA:1132,111,0,0
BRDA:1132,111,1,0
BRDA:1141,112,0,3
BRDA:1141,112,1,0
BRDA:1141,113,0,3
BRDA:1141,113,1,3
BRDA:1141,113,2,3
BRDA:1145,114,0,0
BRDA:1145,114,1,0
BRDA:1154,115,0,2
BRDA:1154,115,1,0
BRDA:1154,116,0,2
BRDA:1154,116,1,2
BRDA:1154,116,2,2
BRDA:1158,117,0,0
BRDA:1158,117,1,0
BRDA:1167,118,0,2
BRDA:1167,118,1,0
BRDA:1167,119,0,2
BRDA:1167,119,1,2
BRDA:1167,119,2,2
BRDA:1171,120,0,0
BRDA:1171,120,1,0
BRDA:1185,121,0,3
BRDA:1185,121,1,0
BRDA:1185,122,0,3
BRDA:1185,122,1,3
BRDA:1185,122,2,3
BRDA:1192,123,0,0
BRDA:1192,123,1,0
BRDA:1210,124,0,1
BRDA:1210,124,1,4
BRDA:1223,125,0,1
BRDA:1223,125,1,4
BRDA:1236,126,0,1
BRDA:1236,126,1,5
BRDA:1278,127,0,0
BRDA:1278,127,1,213
BRF:275
BRH:93
end_of_record
TN:
SF:contexts\ToastContext.tsx
FN:17,(anonymous_0)
FN:20,(anonymous_1)
FN:27,(anonymous_2)
FN:30,(anonymous_3)
FN:31,(anonymous_4)
FN:31,(anonymous_5)
FN:38,(anonymous_6)
FN:58,(anonymous_7)
FNF:8
FNH:8
FNDA:66,(anonymous_0)
FNDA:40,(anonymous_1)
FNDA:40,(anonymous_2)
FNDA:10,(anonymous_3)
FNDA:10,(anonymous_4)
FNDA:13,(anonymous_5)
FNDA:47,(anonymous_6)
FNDA:93,(anonymous_7)
DA:11,5
DA:17,5
DA:18,66
DA:20,66
DA:21,40
DA:22,40
DA:27,40
DA:30,66
DA:31,13
DA:34,66
DA:39,47
DA:46,5
DA:58,5
DA:59,93
DA:60,93
DA:61,2
DA:63,91
LF:17
LH:17
BRDA:60,0,0,2
BRDA:60,0,1,91
BRF:2
BRH:2
end_of_record
TN:
SF:hooks\useAudioPlayer.ts
FN:71,audioReducer
FN:141,useAudioPlayer
FN:147,(anonymous_2)
FN:155,(anonymous_3)
FN:159,(anonymous_4)
FN:163,(anonymous_5)
FN:167,(anonymous_6)
FN:171,(anonymous_7)
FN:175,(anonymous_8)
FN:179,(anonymous_9)
FN:183,(anonymous_10)
FN:188,(anonymous_11)
FN:192,(anonymous_12)
FN:196,(anonymous_13)
FN:200,(anonymous_14)
FN:204,(anonymous_15)
FN:208,(anonymous_16)
FN:213,(anonymous_17)
FN:217,(anonymous_18)
FN:223,(anonymous_19)
FN:233,(anonymous_20)
FNF:21
FNH:10
FNDA:13,audioReducer
FNDA:11,useAudioPlayer
FNDA:0,(anonymous_2)
FNDA:0,(anonymous_3)
FNDA:6,(anonymous_4)
FNDA:1,(anonymous_5)
FNDA:1,(anonymous_6)
FNDA:1,(anonymous_7)
FNDA:1,(anonymous_8)
FNDA:1,(anonymous_9)
FNDA:1,(anonymous_10)
FNDA:0,(anonymous_11)
FNDA:0,(anonymous_12)
FNDA:0,(anonymous_13)
FNDA:0,(anonymous_14)
FNDA:0,(anonymous_15)
FNDA:0,(anonymous_16)
FNDA:1,(anonymous_17)
FNDA:0,(anonymous_18)
FNDA:0,(anonymous_19)
FNDA:0,(anonymous_20)
DA:53,1
DA:72,13
DA:74,0
DA:76,6
DA:78,1
DA:80,1
DA:82,1
DA:84,1
DA:86,1
DA:88,1
DA:90,0
DA:92,0
DA:94,0
DA:96,0
DA:98,0
DA:100,0
DA:102,0
DA:108,0
DA:114,1
DA:126,0
DA:136,0
DA:142,11
DA:143,11
DA:144,11
DA:147,11
DA:148,0
DA:149,0
DA:150,0
DA:151,0
DA:155,11
DA:156,0
DA:159,11
DA:160,6
DA:163,11
DA:164,1
DA:167,11
DA:168,1
DA:171,11
DA:172,1
DA:175,11
DA:176,1
DA:179,11
DA:180,1
DA:183,11
DA:184,1
DA:188,11
DA:189,0
DA:192,11
DA:193,0
DA:196,11
DA:197,0
DA:200,11
DA:201,0
DA:204,11
DA:205,0
DA:208,11
DA:209,0
DA:213,11
DA:214,1
DA:217,11
DA:218,0
DA:222,11
DA:224,0
DA:232,11
DA:234,0
DA:242,11
LF:66
LH:41
BRDA:72,0,0,0
BRDA:72,0,1,6
BRDA:72,0,2,1
BRDA:72,0,3,1
BRDA:72,0,4,1
BRDA:72,0,5,1
BRDA:72,0,6,1
BRDA:72,0,7,1
BRDA:72,0,8,0
BRDA:72,0,9,0
BRDA:72,0,10,0
BRDA:72,0,11,0
BRDA:72,0,12,0
BRDA:72,0,13,0
BRDA:72,0,14,0
BRDA:72,0,15,0
BRDA:72,0,16,1
BRDA:72,0,17,0
BRDA:72,0,18,0
BRF:19
BRH:8
end_of_record
TN:
SF:hooks\useCitySearch.ts
FN:17,useCitySearch
FN:23,searchCity
FN:30,(anonymous_2)
FN:55,(anonymous_3)
FN:56,(anonymous_4)
FNF:5
FNH:0
FNDA:0,useCitySearch
FNDA:0,searchCity
FNDA:0,(anonymous_2)
FNDA:0,(anonymous_3)
FNDA:0,(anonymous_4)
DA:18,0
DA:19,0
DA:20,0
DA:21,0
DA:24,0
DA:25,0
DA:26,0
DA:27,0
DA:29,0
DA:30,0
DA:31,0
DA:32,0
DA:33,0
DA:34,0
DA:35,0
DA:36,0
DA:37,0
DA:39,0
DA:40,0
DA:41,0
DA:45,0
DA:50,0
DA:51,0
DA:54,0
DA:56,0
DA:58,0
DA:60,0
DA:62,0
DA:67,0
LF:29
LH:0
BRDA:21,0,0,0
BRDA:21,0,1,0
BRDA:24,1,0,0
BRDA:24,1,1,0
BRDA:25,2,0,0
BRDA:25,2,1,0
BRDA:25,3,0,0
BRDA:25,3,1,0
BRDA:35,4,0,0
BRDA:35,4,1,0
BRDA:37,5,0,0
BRDA:37,5,1,0
BRDA:56,6,0,0
BRDA:56,6,1,0
BRF:14
BRH:0
end_of_record
TN:
SF:hooks\useCitySearchReducer.ts
FN:27,citySearchReducer
FN:48,useCitySearchReducer
FN:55,(anonymous_2)
FN:59,(anonymous_3)
FN:63,(anonymous_4)
FN:67,(anonymous_5)
FN:71,(anonymous_6)
FNF:7
FNH:0
FNDA:0,citySearchReducer
FNDA:0,useCitySearchReducer
FNDA:0,(anonymous_2)
FNDA:0,(anonymous_3)
FNDA:0,(anonymous_4)
FNDA:0,(anonymous_5)
FNDA:0,(anonymous_6)
DA:20,0
DA:31,0
DA:33,0
DA:35,0
DA:37,0
DA:39,0
DA:41,0
DA:43,0
DA:49,0
DA:55,0
DA:56,0
DA:59,0
DA:60,0
DA:63,0
DA:64,0
DA:67,0
DA:68,0
DA:71,0
DA:72,0
DA:75,0
LF:20
LH:0
BRDA:31,0,0,0
BRDA:31,0,1,0
BRDA:31,0,2,0
BRDA:31,0,3,0
BRDA:31,0,4,0
BRDA:31,0,5,0
BRF:6
BRH:0
end_of_record
TN:
SF:hooks\useColorScheme.ts
FN:8,(anonymous_0)
FNF:1
FNH:0
FNDA:0,(anonymous_0)
DA:8,0
DA:9,0
LF:2
LH:0
BRF:0
BRH:0
end_of_record
TN:
SF:hooks\useColorScheme.web.ts
FN:7,useColorScheme
FN:10,(anonymous_1)
FNF:2
FNH:0
FNDA:0,useColorScheme
FNDA:0,(anonymous_1)
DA:8,0
DA:10,0
DA:11,0
DA:14,0
DA:16,0
DA:17,0
DA:20,0
LF:7
LH:0
BRDA:16,0,0,0
BRDA:16,0,1,0
BRF:2
BRH:0
end_of_record
TN:
SF:hooks\useDownloadReducer.ts
FN:35,downloadReducer
FN:98,useDownloadReducer
FN:102,(anonymous_2)
FN:106,(anonymous_3)
FN:110,(anonymous_4)
FN:115,(anonymous_5)
FN:124,(anonymous_6)
FN:129,(anonymous_7)
FN:138,(anonymous_8)
FN:142,(anonymous_9)
FNF:10
FNH:0
FNDA:0,downloadReducer
FNDA:0,useDownloadReducer
FNDA:0,(anonymous_2)
FNDA:0,(anonymous_3)
FNDA:0,(anonymous_4)
FNDA:0,(anonymous_5)
FNDA:0,(anonymous_6)
FNDA:0,(anonymous_7)
FNDA:0,(anonymous_8)
FNDA:0,(anonymous_9)
DA:28,0
DA:39,0
DA:41,0
DA:49,0
DA:50,0
DA:51,0
DA:56,0
DA:61,0
DA:69,0
DA:70,0
DA:71,0
DA:76,0
DA:84,0
DA:85,0
DA:86,0
DA:91,0
DA:93,0
DA:99,0
DA:102,0
DA:103,0
DA:106,0
DA:107,0
DA:110,0
DA:111,0
DA:114,0
DA:116,0
DA:124,0
DA:125,0
DA:128,0
DA:130,0
DA:138,0
DA:139,0
DA:142,0
DA:143,0
DA:146,0
LF:35
LH:0
BRDA:39,0,0,0
BRDA:39,0,1,0
BRDA:39,0,2,0
BRDA:39,0,3,0
BRDA:39,0,4,0
BRDA:39,0,5,0
BRDA:39,0,6,0
BRDA:39,0,7,0
BRDA:39,0,8,0
BRF:9
BRH:0
end_of_record
TN:
SF:hooks\useFileManager.ts
FN:6,useFileManager
FN:9,(anonymous_1)
FN:15,(anonymous_2)
FN:113,(anonymous_3)
FN:129,(anonymous_4)
FN:160,(anonymous_5)
FN:165,(anonymous_6)
FN:239,(anonymous_7)
FN:240,(anonymous_8)
FN:282,(anonymous_9)
FNF:10
FNH:8
FNDA:21,useFileManager
FNDA:8,(anonymous_1)
FNDA:8,(anonymous_2)
FNDA:0,(anonymous_3)
FNDA:0,(anonymous_4)
FNDA:4,(anonymous_5)
FNDA:4,(anonymous_6)
FNDA:8,(anonymous_7)
FNDA:8,(anonymous_8)
FNDA:8,(anonymous_9)
DA:8,21
DA:15,8
DA:16,8
DA:17,8
DA:23,8
DA:24,0
DA:27,0
DA:30,0
DA:33,0
DA:34,0
DA:39,0
DA:42,0
DA:43,0
DA:45,0
DA:46,0
DA:51,0
DA:55,0
DA:56,0
DA:58,0
DA:59,0
DA:64,0
DA:67,0
DA:73,0
DA:74,0
DA:77,0
DA:78,0
DA:79,0
DA:84,0
DA:88,0
DA:92,0
DA:93,0
DA:94,0
DA:95,0
DA:96,0
DA:98,0
DA:99,0
DA:102,0
DA:107,0
DA:108,0
DA:112,0
DA:113,0
DA:119,0
DA:122,0
DA:129,0
DA:132,0
DA:134,0
DA:136,0
DA:146,8
DA:147,8
DA:159,21
DA:165,4
DA:166,4
DA:167,4
DA:173,4
DA:176,0
DA:179,0
DA:184,0
DA:187,0
DA:190,0
DA:193,0
DA:196,0
DA:197,0
DA:216,0
DA:223,0
DA:225,4
DA:226,4
DA:238,21
DA:240,8
DA:241,8
DA:242,8
DA:244,8
DA:245,1
DA:249,7
DA:250,7
DA:251,4
DA:253,4
DA:263,4
DA:264,8
DA:265,8
DA:266,56
DA:270,4
DA:271,0
DA:272,0
DA:274,4
DA:278,3
DA:282,8
DA:288,21
LF:87
LH:33
BRDA:33,0,0,0
BRDA:33,0,1,0
BRDA:45,1,0,0
BRDA:45,1,1,0
BRDA:58,2,0,0
BRDA:58,2,1,0
BRDA:78,3,0,0
BRDA:78,3,1,0
BRDA:199,4,0,0
BRDA:199,4,1,0
BRDA:200,5,0,0
BRDA:200,5,1,0
BRDA:201,6,0,0
BRDA:201,6,1,0
BRDA:210,7,0,0
BRDA:210,7,1,0
BRDA:217,8,0,0
BRDA:217,8,1,0
BRDA:244,9,0,1
BRDA:244,9,1,7
BRDA:244,10,0,8
BRDA:244,10,1,8
BRDA:250,11,0,4
BRDA:250,11,1,3
BRDA:270,12,0,0
BRDA:270,12,1,4
BRDA:270,13,0,4
BRDA:270,13,1,4
BRF:28
BRH:9
end_of_record
TN:
SF:hooks\useLocation.ts
FN:5,coordsToLocationObject
FN:20,useLocation
FN:41,reverseGeocode
FNF:3
FNH:0
FNDA:0,coordsToLocationObject
FNDA:0,useLocation
FNDA:0,reverseGeocode
DA:6,0
DA:28,0
DA:30,0
DA:32,0
DA:33,0
DA:37,0
DA:38,0
DA:42,0
DA:44,0
DA:45,0
DA:46,0
DA:49,0
DA:52,0
DA:53,0
DA:55,0
DA:56,0
DA:60,0
LF:17
LH:0
BRDA:32,0,0,0
BRDA:32,0,1,0
BRDA:32,1,0,0
BRDA:32,1,1,0
BRDA:37,2,0,0
BRDA:37,2,1,0
BRDA:37,3,0,0
BRDA:37,3,1,0
BRDA:45,4,0,0
BRDA:45,4,1,0
BRDA:53,5,0,0
BRDA:53,5,1,0
BRDA:63,6,0,0
BRDA:63,6,1,0
BRF:14
BRH:0
end_of_record
TN:
SF:hooks\useNativeDownload.ts
FN:27,(anonymous_0)
FN:43,(anonymous_1)
FN:47,(anonymous_2)
FN:57,(anonymous_3)
FN:65,(anonymous_4)
FN:96,(anonymous_5)
FN:108,(anonymous_6)
FN:130,(anonymous_7)
FN:148,(anonymous_8)
FN:159,(anonymous_9)
FN:162,(anonymous_10)
FN:177,(anonymous_11)
FN:187,(anonymous_12)
FN:188,(anonymous_13)
FN:197,(anonymous_14)
FN:200,(anonymous_15)
FN:201,(anonymous_16)
FN:214,(anonymous_17)
FN:216,(anonymous_18)
FN:225,(anonymous_19)
FN:228,(anonymous_20)
FN:230,(anonymous_21)
FN:239,(anonymous_22)
FN:263,(anonymous_23)
FN:276,(anonymous_24)
FN:292,(anonymous_25)
FN:308,(anonymous_26)
FNF:27
FNH:0
FNDA:0,(anonymous_0)
FNDA:0,(anonymous_1)
FNDA:0,(anonymous_2)
FNDA:0,(anonymous_3)
FNDA:0,(anonymous_4)
FNDA:0,(anonymous_5)
FNDA:0,(anonymous_6)
FNDA:0,(anonymous_7)
FNDA:0,(anonymous_8)
FNDA:0,(anonymous_9)
FNDA:0,(anonymous_10)
FNDA:0,(anonymous_11)
FNDA:0,(anonymous_12)
FNDA:0,(anonymous_13)
FNDA:0,(anonymous_14)
FNDA:0,(anonymous_15)
FNDA:0,(anonymous_16)
FNDA:0,(anonymous_17)
FNDA:0,(anonymous_18)
FNDA:0,(anonymous_19)
FNDA:0,(anonymous_20)
FNDA:0,(anonymous_21)
FNDA:0,(anonymous_22)
FNDA:0,(anonymous_23)
FNDA:0,(anonymous_24)
FNDA:0,(anonymous_25)
FNDA:0,(anonymous_26)
DA:27,0
DA:36,0
DA:39,0
DA:40,0
DA:42,0
DA:47,0
DA:48,0
DA:49,0
DA:55,0
DA:57,0
DA:60,0
DA:61,0
DA:64,0
DA:65,0
DA:66,0
DA:70,0
DA:81,0
DA:82,0
DA:85,0
DA:96,0
DA:97,0
DA:98,0
DA:99,0
DA:100,0
DA:103,0
DA:108,0
DA:109,0
DA:111,0
DA:112,0
DA:126,0
DA:128,0
DA:129,0
DA:131,0
DA:132,0
DA:138,0
DA:139,0
DA:144,0
DA:148,0
DA:149,0
DA:150,0
DA:153,0
DA:155,0
DA:157,0
DA:159,0
DA:160,0
DA:162,0
DA:163,0
DA:170,0
DA:173,0
DA:177,0
DA:178,0
DA:180,0
DA:182,0
DA:185,0
DA:187,0
DA:188,0
DA:189,0
DA:190,0
DA:195,0
DA:197,0
DA:200,0
DA:201,0
DA:202,0
DA:203,0
DA:204,0
DA:205,0
DA:210,0
DA:214,0
DA:216,0
DA:217,0
DA:218,0
DA:223,0
DA:225,0
DA:228,0
DA:230,0
DA:231,0
DA:232,0
DA:237,0
DA:239,0
DA:242,0
DA:246,0
DA:250,0
DA:254,0
DA:258,0
DA:263,0
DA:264,0
DA:265,0
DA:266,0
DA:267,0
DA:268,0
DA:275,0
DA:277,0
DA:278,0
DA:281,0
DA:282,0
DA:285,0
DA:286,0
DA:289,0
DA:291,0
DA:292,0
DA:293,0
DA:294,0
DA:299,0
DA:301,0
DA:307,0
DA:309,0
DA:310,0
DA:313,0
DA:314,0
DA:316,0
DA:317,0
DA:323,0
LF:112
LH:0
BRDA:60,0,0,0
BRDA:60,0,1,0
BRDA:60,1,0,0
BRDA:60,1,1,0
BRDA:66,2,0,0
BRDA:66,2,1,0
BRDA:81,3,0,0
BRDA:81,3,1,0
BRDA:109,4,0,0
BRDA:109,4,1,0
BRDA:128,5,0,0
BRDA:128,5,1,0
BRDA:131,6,0,0
BRDA:131,6,1,0
BRDA:131,7,0,0
BRDA:131,7,1,0
BRDA:149,8,0,0
BRDA:149,8,1,0
BRDA:180,9,0,0
BRDA:180,9,1,0
BRDA:204,10,0,0
BRDA:204,10,1,0
BRDA:277,11,0,0
BRDA:277,11,1,0
BRDA:285,12,0,0
BRDA:285,12,1,0
BRDA:297,13,0,0
BRDA:297,13,1,0
BRDA:309,14,0,0
BRDA:309,14,1,0
BRF:30
BRH:0
end_of_record
TN:
SF:hooks\usePrayerTimes.ts
FN:7,usePrayerTimes
FN:17,(anonymous_1)
FN:21,(anonymous_2)
FNF:3
FNH:0
FNDA:0,usePrayerTimes
FNDA:0,(anonymous_1)
FNDA:0,(anonymous_2)
DA:11,0
DA:12,0
DA:15,0
DA:16,0
DA:17,0
DA:18,0
DA:21,0
DA:22,0
DA:23,0
DA:24,0
DA:27,0
DA:31,0
DA:33,0
DA:34,0
DA:36,0
DA:37,0
DA:39,0
DA:40,0
DA:43,0
DA:44,0
DA:45,0
DA:47,0
DA:48,0
DA:50,0
DA:51,0
DA:53,0
DA:54,0
DA:56,0
DA:57,0
DA:59,0
DA:60,0
DA:63,0
DA:64,0
DA:67,0
DA:68,0
DA:71,0
LF:36
LH:0
BRDA:22,0,0,0
BRDA:22,0,1,0
BRDA:22,1,0,0
BRDA:22,1,1,0
BRDA:31,2,0,0
BRDA:31,2,1,0
BRDA:31,2,2,0
BRDA:31,2,3,0
BRDA:31,2,4,0
BRDA:31,2,5,0
BRDA:31,2,6,0
BRDA:31,2,7,0
BRDA:31,2,8,0
BRDA:31,2,9,0
BRF:14
BRH:0
end_of_record
TN:
SF:hooks\usePremiumContentReducer.ts
FN:48,premiumContentReducer
FN:67,(anonymous_1)
FN:84,(anonymous_2)
FN:97,(anonymous_3)
FN:103,(anonymous_4)
FN:117,usePremiumContentReducer
FN:124,(anonymous_6)
FN:128,(anonymous_7)
FN:132,(anonymous_8)
FN:138,(anonymous_9)
FN:144,(anonymous_10)
FN:149,(anonymous_11)
FN:153,(anonymous_12)
FN:157,(anonymous_13)
FN:162,(anonymous_14)
FN:168,(anonymous_15)
FNF:16
FNH:0
FNDA:0,premiumContentReducer
FNDA:0,(anonymous_1)
FNDA:0,(anonymous_2)
FNDA:0,(anonymous_3)
FNDA:0,(anonymous_4)
FNDA:0,usePremiumContentReducer
FNDA:0,(anonymous_6)
FNDA:0,(anonymous_7)
FNDA:0,(anonymous_8)
FNDA:0,(anonymous_9)
FNDA:0,(anonymous_10)
FNDA:0,(anonymous_11)
FNDA:0,(anonymous_12)
FNDA:0,(anonymous_13)
FNDA:0,(anonymous_14)
FNDA:0,(anonymous_15)
DA:29,0
DA:52,0
DA:54,0
DA:56,0
DA:57,0
DA:62,0
DA:64,0
DA:67,0
DA:71,0
DA:73,0
DA:81,0
DA:83,0
DA:84,0
DA:86,0
DA:87,0
DA:92,0
DA:94,0
DA:97,0
DA:101,0
DA:104,0
DA:110,0
DA:112,0
DA:118,0
DA:124,0
DA:125,0
DA:128,0
DA:129,0
DA:132,0
DA:133,0
DA:137,0
DA:139,0
DA:144,0
DA:145,0
DA:149,0
DA:150,0
DA:153,0
DA:154,0
DA:157,0
DA:158,0
DA:161,0
DA:163,0
DA:168,0
DA:169,0
DA:172,0
LF:44
LH:0
BRDA:52,0,0,0
BRDA:52,0,1,0
BRDA:52,0,2,0
BRDA:52,0,3,0
BRDA:52,0,4,0
BRDA:52,0,5,0
BRDA:52,0,6,0
BRDA:52,0,7,0
BRDA:52,0,8,0
BRDA:52,0,9,0
BRDA:52,0,10,0
BRDA:56,1,0,0
BRDA:56,1,1,0
BRDA:86,2,0,0
BRDA:86,2,1,0
BRDA:104,3,0,0
BRDA:104,3,1,0
BRF:17
BRH:0
end_of_record
TN:
SF:hooks\useSettingsOptimized.ts
FN:8,useSettingsOptimized
FNF:1
FNH:0
FNDA:0,useSettingsOptimized
DA:10,0
DA:11,0
DA:12,0
DA:13,0
DA:14,0
DA:16,0
LF:6
LH:0
BRF:0
BRH:0
end_of_record
TN:
SF:hooks\useThemeAssets.ts
FN:17,useThemeAssets
FN:46,useBackgroundImage
FN:52,useThemeColors
FN:58,useCurrentTheme
FNF:4
FNH:1
FNDA:9,useThemeAssets
FNDA:0,useBackgroundImage
FNDA:0,useThemeColors
FNDA:0,useCurrentTheme
DA:12,1
DA:18,9
DA:19,9
DA:23,9
DA:24,9
DA:26,0
DA:29,9
DA:47,0
DA:48,0
DA:53,0
DA:54,0
DA:59,0
DA:60,0
LF:13
LH:6
BRDA:18,0,0,9
BRDA:18,0,1,0
BRDA:23,1,0,9
BRDA:23,1,1,0
BRDA:23,2,0,9
BRDA:23,2,1,9
BRF:6
BRH:4
end_of_record
TN:
SF:hooks\useThemeColor.ts
FN:12,useCurrentThemeInternal
FN:33,useThemeColor
FN:52,useThemeColors
FN:58,useCurrentTheme
FN:63,useOverlayTextColor
FN:69,useOverlayIconColor
FN:75,useOverlaySecondaryTextColor
FNF:7
FNH:5
FNDA:81,useCurrentThemeInternal
FNDA:0,useThemeColor
FNDA:54,useThemeColors
FNDA:27,useCurrentTheme
FNDA:27,useOverlayTextColor
FNDA:27,useOverlayIconColor
FNDA:0,useOverlaySecondaryTextColor
DA:13,81
DA:14,81
DA:17,81
DA:18,81
DA:20,0
DA:22,0
DA:25,81
DA:30,0
DA:37,0
DA:40,0
DA:41,0
DA:42,0
DA:43,0
DA:48,0
DA:53,54
DA:54,54
DA:59,27
DA:64,27
DA:65,27
DA:70,27
DA:71,27
DA:76,0
DA:77,0
LF:23
LH:12
BRDA:14,0,0,81
BRDA:14,0,1,0
BRDA:17,1,0,81
BRDA:17,1,1,0
BRDA:17,2,0,81
BRDA:17,2,1,81
BRDA:18,3,0,0
BRDA:18,3,1,0
BRDA:18,3,2,81
BRDA:18,3,3,81
BRDA:40,4,0,0
BRDA:40,4,1,0
BRDA:42,5,0,0
BRDA:42,5,1,0
BRF:14
BRH:6
end_of_record
TN:
SF:hooks\useUIReducer.ts
FN:27,uiReducer
FN:47,useUIReducer
FN:51,(anonymous_2)
FN:55,(anonymous_3)
FN:59,(anonymous_4)
FN:63,(anonymous_5)
FN:67,(anonymous_6)
FN:71,(anonymous_7)
FNF:8
FNH:0
FNDA:0,uiReducer
FNDA:0,useUIReducer
FNDA:0,(anonymous_2)
FNDA:0,(anonymous_3)
FNDA:0,(anonymous_4)
FNDA:0,(anonymous_5)
FNDA:0,(anonymous_6)
FNDA:0,(anonymous_7)
DA:20,0
DA:28,0
DA:30,0
DA:32,0
DA:34,0
DA:36,0
DA:38,0
DA:40,0
DA:42,0
DA:48,0
DA:51,0
DA:52,0
DA:55,0
DA:56,0
DA:59,0
DA:60,0
DA:63,0
DA:64,0
DA:67,0
DA:68,0
DA:71,0
DA:72,0
DA:75,0
LF:23
LH:0
BRDA:28,0,0,0
BRDA:28,0,1,0
BRDA:28,0,2,0
BRDA:28,0,3,0
BRDA:28,0,4,0
BRDA:28,0,5,0
BRDA:28,0,6,0
BRF:7
BRH:0
end_of_record
TN:
SF:hooks\useUpdateUserStats.ts
FN:18,(anonymous_0)
FN:19,(anonymous_1)
FN:56,(anonymous_2)
FN:69,(anonymous_3)
FN:82,(anonymous_4)
FN:96,(anonymous_5)
FN:109,(anonymous_6)
FN:122,(anonymous_7)
FN:136,(anonymous_8)
FN:148,(anonymous_9)
FNF:10
FNH:3
FNDA:25,(anonymous_0)
FNDA:1,(anonymous_1)
FNDA:0,(anonymous_2)
FNDA:0,(anonymous_3)
FNDA:0,(anonymous_4)
FNDA:0,(anonymous_5)
FNDA:1,(anonymous_6)
FNDA:0,(anonymous_7)
FNDA:0,(anonymous_8)
FNDA:0,(anonymous_9)
DA:18,3
DA:19,25
DA:20,1
DA:21,1
DA:22,1
DA:23,1
DA:26,0
DA:39,0
DA:41,0
DA:42,0
DA:43,0
DA:45,0
DA:46,0
DA:49,1
DA:50,1
DA:55,25
DA:57,0
DA:68,25
DA:70,0
DA:81,25
DA:83,0
DA:95,25
DA:97,0
DA:108,25
DA:110,1
DA:121,25
DA:123,0
DA:135,25
DA:137,0
DA:148,25
DA:149,0
DA:155,25
LF:32
LH:18
BRDA:22,0,0,1
BRDA:22,0,1,0
BRDA:35,1,0,0
BRDA:35,1,1,0
BRDA:41,2,0,0
BRDA:41,2,1,0
BRDA:60,3,0,0
BRDA:60,3,1,0
BRDA:61,4,0,0
BRDA:61,4,1,0
BRDA:69,5,0,0
BRDA:69,6,0,0
BRDA:82,7,0,0
BRDA:109,8,0,0
BRDA:122,9,0,0
BRDA:122,10,0,0
BRDA:136,11,0,0
BRDA:136,12,0,0
BRF:18
BRH:1
end_of_record
TN:
SF:hooks\useUserStats.ts
FN:96,(anonymous_0)
FN:106,(anonymous_1)
FN:107,(anonymous_2)
FN:139,(anonymous_3)
FN:142,(anonymous_4)
FN:255,(anonymous_5)
FN:260,(anonymous_6)
FN:265,(anonymous_7)
FN:266,(anonymous_8)
FN:270,(anonymous_9)
FN:285,(anonymous_10)
FN:289,(anonymous_11)
FNF:12
FNH:0
FNDA:0,(anonymous_0)
FNDA:0,(anonymous_1)
FNDA:0,(anonymous_2)
FNDA:0,(anonymous_3)
FNDA:0,(anonymous_4)
FNDA:0,(anonymous_5)
FNDA:0,(anonymous_6)
FNDA:0,(anonymous_7)
FNDA:0,(anonymous_8)
FNDA:0,(anonymous_9)
FNDA:0,(anonymous_10)
FNDA:0,(anonymous_11)
DA:93,0
DA:94,0
DA:96,0
DA:97,0
DA:98,0
DA:99,0
DA:100,0
DA:101,0
DA:102,0
DA:103,0
DA:106,0
DA:107,0
DA:108,0
DA:109,0
DA:112,0
DA:113,0
DA:117,0
DA:118,0
DA:124,0
DA:126,0
DA:129,0
DA:134,0
DA:137,0
DA:139,0
DA:142,0
DA:143,0
DA:144,0
DA:145,0
DA:146,0
DA:147,0
DA:149,0
DA:150,0
DA:151,0
DA:155,0
DA:156,0
DA:157,0
DA:158,0
DA:159,0
DA:161,0
DA:162,0
DA:163,0
DA:164,0
DA:165,0
DA:172,0
DA:173,0
DA:175,0
DA:183,0
DA:186,0
DA:187,0
DA:188,0
DA:193,0
DA:194,0
DA:200,0
DA:201,0
DA:202,0
DA:206,0
DA:207,0
DA:210,0
DA:211,0
DA:212,0
DA:215,0
DA:223,0
DA:228,0
DA:231,0
DA:232,0
DA:233,0
DA:234,0
DA:235,0
DA:236,0
DA:237,0
DA:238,0
DA:241,0
DA:245,0
DA:246,0
DA:249,0
DA:251,0
DA:255,0
DA:256,0
DA:260,0
DA:261,0
DA:265,0
DA:266,0
DA:267,0
DA:270,0
DA:273,0
DA:285,0
DA:286,0
DA:288,0
DA:292,0
DA:295,0
DA:297,0
DA:303,0
LF:92
LH:0
BRDA:114,0,0,0
BRDA:114,0,1,0
BRDA:117,1,0,0
BRDA:117,1,1,0
BRDA:142,2,0,0
BRDA:150,3,0,0
BRDA:150,3,1,0
BRDA:155,4,0,0
BRDA:155,4,1,0
BRDA:157,5,0,0
BRDA:157,5,1,0
BRDA:161,6,0,0
BRDA:161,6,1,0
BRDA:187,7,0,0
BRDA:187,7,1,0
BRDA:187,8,0,0
BRDA:187,8,1,0
BRDA:200,9,0,0
BRDA:200,9,1,0
BRDA:200,10,0,0
BRDA:200,10,1,0
BRDA:203,11,0,0
BRDA:203,11,1,0
BRDA:210,12,0,0
BRDA:210,12,1,0
BRDA:210,13,0,0
BRDA:210,13,1,0
BRDA:224,14,0,0
BRDA:224,14,1,0
BRDA:233,15,0,0
BRDA:233,15,1,0
BRF:31
BRH:0
end_of_record
TN:
SF:hooks\useWeeklyPrayerTimes.ts
FN:13,useWeeklyPrayerTimes
FN:19,(anonymous_1)
FNF:2
FNH:0
FNDA:0,useWeeklyPrayerTimes
FNDA:0,(anonymous_1)
DA:17,0
DA:19,0
DA:20,0
DA:21,0
DA:24,0
DA:25,0
DA:32,0
DA:34,0
DA:35,0
DA:37,0
DA:38,0
DA:40,0
DA:41,0
DA:44,0
DA:45,0
DA:46,0
DA:48,0
DA:49,0
DA:51,0
DA:52,0
DA:54,0
DA:55,0
DA:57,0
DA:58,0
DA:60,0
DA:61,0
DA:63,0
DA:64,0
DA:67,0
DA:68,0
DA:69,0
DA:70,0
DA:71,0
DA:73,0
LF:34
LH:0
BRDA:20,0,0,0
BRDA:20,0,1,0
BRDA:20,1,0,0
BRDA:20,1,1,0
BRDA:32,2,0,0
BRDA:32,2,1,0
BRDA:32,2,2,0
BRDA:32,2,3,0
BRDA:32,2,4,0
BRDA:32,2,5,0
BRDA:32,2,6,0
BRDA:32,2,7,0
BRDA:32,2,8,0
BRDA:32,2,9,0
BRF:14
BRH:0
end_of_record
TN:
SF:screens\AboutScreen.tsx
FN:17,AboutScreen
FN:46,(anonymous_1)
FN:54,(anonymous_2)
FN:62,(anonymous_3)
FN:75,(anonymous_4)
FN:79,(anonymous_5)
FN:139,(anonymous_6)
FN:151,(anonymous_7)
FN:163,(anonymous_8)
FN:227,(anonymous_9)
FNF:10
FNH:9
FNDA:9,AboutScreen
FNDA:2,(anonymous_1)
FNDA:1,(anonymous_2)
FNDA:72,(anonymous_3)
FNDA:36,(anonymous_4)
FNDA:2,(anonymous_5)
FNDA:1,(anonymous_6)
FNDA:1,(anonymous_7)
FNDA:1,(anonymous_8)
FNDA:0,(anonymous_9)
DA:18,9
DA:19,9
DA:22,9
DA:23,9
DA:25,9
DA:36,9
DA:46,9
DA:47,2
DA:48,2
DA:49,2
DA:54,9
DA:55,1
DA:62,9
DA:63,72
DA:75,9
DA:76,36
DA:79,2
DA:95,9
DA:139,1
DA:151,1
DA:164,1
DA:228,0
DA:258,1
LF:23
LH:22
BRDA:79,0,0,1
BRDA:79,0,1,1
BRDA:84,1,0,1
BRDA:84,1,1,35
BRDA:89,2,0,36
BRDA:89,2,1,1
BRF:6
BRH:6
end_of_record
TN:
SF:screens\AsmaulHusnaScreen.tsx
FN:40,normalizeText
FN:53,(anonymous_1)
FN:60,(anonymous_2)
FN:78,(anonymous_3)
FN:89,(anonymous_4)
FN:101,(anonymous_5)
FN:113,(anonymous_6)
FN:133,(anonymous_7)
FN:150,(anonymous_8)
FN:291,(anonymous_9)
FNF:10
FNH:9
FNDA:6134,normalizeText
FNDA:28,(anonymous_1)
FNDA:2772,(anonymous_2)
FNDA:2772,(anonymous_3)
FNDA:211,(anonymous_4)
FNDA:21,(anonymous_5)
FNDA:0,(anonymous_6)
FNDA:211,(anonymous_7)
FNDA:21,(anonymous_8)
FNDA:296,(anonymous_9)
DA:38,1
DA:41,6134
DA:53,1
DA:54,28
DA:55,28
DA:56,28
DA:57,28
DA:58,28
DA:60,28
DA:61,2772
DA:62,2772
DA:79,2772
DA:80,2772
DA:89,28
DA:91,211
DA:101,28
DA:102,21
DA:103,3
DA:105,21
DA:107,21
DA:109,0
DA:113,0
DA:115,21
DA:116,19
DA:117,19
DA:123,21
DA:124,21
DA:133,28
DA:134,211
DA:135,211
DA:137,211
DA:142,211
DA:150,21
DA:262,28
DA:291,296
DA:304,1
LF:36
LH:34
BRDA:81,0,0,2772
BRDA:81,0,1,198
BRDA:81,0,2,197
BRDA:81,0,3,195
BRDA:102,1,0,3
BRDA:102,1,1,18
BRDA:107,2,0,0
BRDA:107,2,1,21
BRDA:115,3,0,19
BRDA:115,3,1,2
BRDA:135,4,0,211
BRDA:135,4,1,171
BRDA:167,5,0,21
BRDA:167,5,1,190
BRDA:177,6,0,211
BRDA:177,6,1,211
BRDA:192,7,0,211
BRDA:192,7,1,211
BRDA:200,8,0,211
BRDA:200,8,1,211
BRDA:208,9,0,211
BRDA:208,9,1,211
BRDA:216,10,0,211
BRDA:216,10,1,211
BRDA:224,11,0,211
BRDA:224,11,1,211
BRDA:232,12,0,211
BRDA:232,12,1,211
BRDA:240,13,0,211
BRDA:240,13,1,211
BRDA:248,14,0,211
BRDA:248,14,1,211
BRF:32
BRH:31
end_of_record
TN:
SF:screens\DhikrScreen.tsx
FN:34,useDhikrData
FN:43,DhikrScreen
FN:47,(anonymous_2)
FN:68,(anonymous_3)
FN:77,(anonymous_4)
FN:94,(anonymous_5)
FN:105,(anonymous_6)
FN:130,(anonymous_7)
FN:134,(anonymous_8)
FN:143,(anonymous_9)
FN:148,(anonymous_10)
FN:149,(anonymous_11)
FN:164,(anonymous_12)
FN:165,(anonymous_13)
FN:175,(anonymous_14)
FN:245,(anonymous_15)
FN:261,(anonymous_16)
FN:269,(anonymous_17)
FN:293,(anonymous_18)
FN:303,(anonymous_19)
FNF:20
FNH:12
FNDA:6,useDhikrData
FNDA:6,DhikrScreen
FNDA:9,(anonymous_2)
FNDA:0,(anonymous_3)
FNDA:7,(anonymous_4)
FNDA:10,(anonymous_5)
FNDA:6,(anonymous_6)
FNDA:4,(anonymous_7)
FNDA:0,(anonymous_8)
FNDA:0,(anonymous_9)
FNDA:0,(anonymous_10)
FNDA:0,(anonymous_11)
FNDA:9,(anonymous_12)
FNDA:0,(anonymous_13)
FNDA:0,(anonymous_14)
FNDA:9,(anonymous_15)
FNDA:1,(anonymous_16)
FNDA:30,(anonymous_17)
FNDA:13,(anonymous_18)
FNDA:0,(anonymous_19)
DA:24,1
DA:35,6
DA:36,6
DA:37,6
DA:38,6
DA:39,6
DA:40,6
DA:44,6
DA:47,6
DA:51,9
DA:62,6
DA:65,6
DA:67,6
DA:68,0
DA:72,6
DA:74,6
DA:75,6
DA:77,7
DA:78,6
DA:80,6
DA:81,6
DA:83,6
DA:91,6
DA:92,6
DA:94,6
DA:95,10
DA:96,10
DA:97,2
DA:105,6
DA:106,6
DA:113,0
DA:117,0
DA:118,0
DA:122,0
DA:125,0
DA:130,6
DA:131,4
DA:134,0
DA:136,0
DA:137,0
DA:138,0
DA:143,6
DA:148,0
DA:149,0
DA:150,0
DA:151,0
DA:159,6
DA:160,6
DA:163,6
DA:165,9
DA:166,0
DA:167,0
DA:181,0
DA:184,0
DA:185,0
DA:186,0
DA:192,0
DA:193,0
DA:200,9
DA:241,6
DA:244,6
DA:246,9
DA:251,6
DA:262,1
DA:263,1
DA:264,1
DA:270,30
DA:293,13
DA:303,0
DA:315,1
LF:70
LH:47
BRDA:36,0,0,6
BRDA:36,0,1,0
BRDA:37,1,0,6
BRDA:37,1,1,6
BRDA:38,2,0,6
BRDA:38,2,1,0
BRDA:39,3,0,6
BRDA:39,3,1,0
BRDA:54,4,0,9
BRDA:54,4,1,0
BRDA:55,5,0,9
BRDA:55,5,1,0
BRDA:56,6,0,9
BRDA:56,6,1,0
BRDA:57,7,0,9
BRDA:57,7,1,0
BRDA:58,8,0,9
BRDA:58,8,1,0
BRDA:58,8,2,0
BRDA:62,9,0,0
BRDA:62,9,1,6
BRDA:68,10,0,0
BRDA:68,10,1,6
BRDA:68,11,0,6
BRDA:68,11,1,0
BRDA:92,12,0,6
BRDA:92,12,1,0
BRDA:96,13,0,8
BRDA:96,13,1,2
BRDA:98,14,0,2
BRDA:98,14,1,0
BRDA:98,14,2,2
BRDA:98,14,3,0
BRDA:98,14,4,2
BRDA:98,14,5,0
BRDA:106,15,0,0
BRDA:106,15,1,6
BRDA:107,16,0,6
BRDA:107,16,1,0
BRDA:107,16,2,0
BRDA:107,16,3,0
BRDA:113,17,0,0
BRDA:113,17,1,0
BRDA:131,18,0,0
BRDA:131,18,1,4
BRDA:132,19,0,4
BRDA:132,19,1,0
BRDA:132,19,2,0
BRDA:150,20,0,0
BRDA:150,20,1,0
BRDA:166,21,0,0
BRDA:166,21,1,0
BRDA:220,22,0,0
BRDA:220,22,1,9
BRDA:225,23,0,9
BRDA:225,23,1,9
BRDA:225,23,2,9
BRDA:228,24,0,9
BRDA:228,24,1,9
BRDA:231,25,0,9
BRDA:231,25,1,9
BRDA:232,26,0,9
BRDA:232,26,1,9
BRDA:232,26,2,0
BRDA:232,26,3,9
BRDA:234,27,0,9
BRDA:234,27,1,0
BRDA:266,28,0,6
BRDA:266,28,1,0
BRDA:282,29,0,6
BRDA:282,29,1,0
BRF:71
BRH:37
end_of_record
TN:
SF:screens\FavoritesScreen.tsx
FN:32,(anonymous_0)
FN:89,(anonymous_1)
FN:93,(anonymous_2)
FN:97,(anonymous_3)
FN:135,(anonymous_4)
FN:148,(anonymous_5)
FN:155,(anonymous_6)
FN:177,(anonymous_7)
FN:199,(anonymous_8)
FN:210,(anonymous_9)
FN:249,(anonymous_10)
FN:254,(anonymous_11)
FN:308,(anonymous_12)
FN:339,(anonymous_13)
FN:368,(anonymous_14)
FN:375,(anonymous_15)
FN:381,(anonymous_16)
FN:428,(anonymous_17)
FN:440,(anonymous_18)
FN:451,(anonymous_19)
FN:484,(anonymous_20)
FN:499,(anonymous_21)
FN:515,(anonymous_22)
FNF:23
FNH:0
FNDA:0,(anonymous_0)
FNDA:0,(anonymous_1)
FNDA:0,(anonymous_2)
FNDA:0,(anonymous_3)
FNDA:0,(anonymous_4)
FNDA:0,(anonymous_5)
FNDA:0,(anonymous_6)
FNDA:0,(anonymous_7)
FNDA:0,(anonymous_8)
FNDA:0,(anonymous_9)
FNDA:0,(anonymous_10)
FNDA:0,(anonymous_11)
FNDA:0,(anonymous_12)
FNDA:0,(anonymous_13)
FNDA:0,(anonymous_14)
FNDA:0,(anonymous_15)
FNDA:0,(anonymous_16)
FNDA:0,(anonymous_17)
FNDA:0,(anonymous_18)
FNDA:0,(anonymous_19)
FNDA:0,(anonymous_20)
FNDA:0,(anonymous_21)
FNDA:0,(anonymous_22)
DA:27,0
DA:32,0
DA:33,0
DA:34,0
DA:35,0
DA:36,0
DA:37,0
DA:38,0
DA:45,0
DA:47,0
DA:55,0
DA:89,0
DA:90,0
DA:91,0
DA:93,0
DA:97,0
DA:98,0
DA:99,0
DA:101,0
DA:103,0
DA:108,0
DA:110,0
DA:115,0
DA:117,0
DA:120,0
DA:122,0
DA:125,0
DA:128,0
DA:130,0
DA:135,0
DA:136,0
DA:148,0
DA:155,0
DA:156,0
DA:158,0
DA:177,0
DA:178,0
DA:199,0
DA:210,0
DA:245,0
DA:248,0
DA:249,0
DA:254,0
DA:255,0
DA:257,0
DA:268,0
DA:281,0
DA:292,0
DA:303,0
DA:308,0
DA:309,0
DA:328,0
DA:330,0
DA:339,0
DA:368,0
DA:376,0
DA:381,0
DA:428,0
DA:440,0
DA:451,0
DA:455,0
DA:456,0
DA:458,0
DA:460,0
DA:462,0
DA:464,0
DA:466,0
DA:469,0
DA:471,0
DA:473,0
DA:475,0
DA:477,0
DA:479,0
DA:484,0
DA:485,0
DA:487,0
DA:489,0
DA:491,0
DA:493,0
DA:495,0
DA:499,0
DA:500,0
DA:502,0
DA:504,0
DA:506,0
DA:508,0
DA:510,0
DA:515,0
DA:520,0
LF:89
LH:0
BRDA:58,0,0,0
BRDA:58,0,1,0
BRDA:64,1,0,0
BRDA:64,1,1,0
BRDA:70,2,0,0
BRDA:70,2,1,0
BRDA:76,3,0,0
BRDA:76,3,1,0
BRDA:82,4,0,0
BRDA:82,4,1,0
BRDA:90,5,0,0
BRDA:90,5,1,0
BRDA:101,6,0,0
BRDA:101,6,1,0
BRDA:101,6,2,0
BRDA:101,6,3,0
BRDA:110,7,0,0
BRDA:110,7,1,0
BRDA:118,8,0,0
BRDA:118,8,1,0
BRDA:137,9,0,0
BRDA:137,9,1,0
BRDA:138,10,0,0
BRDA:138,10,1,0
BRDA:142,11,0,0
BRDA:142,11,1,0
BRDA:146,12,0,0
BRDA:146,12,1,0
BRDA:156,13,0,0
BRDA:156,13,1,0
BRDA:159,14,0,0
BRDA:159,14,1,0
BRDA:160,15,0,0
BRDA:160,15,1,0
BRDA:164,16,0,0
BRDA:164,16,1,0
BRDA:168,17,0,0
BRDA:168,17,1,0
BRDA:204,18,0,0
BRDA:204,18,1,0
BRDA:226,19,0,0
BRDA:226,19,1,0
BRDA:231,20,0,0
BRDA:231,20,1,0
BRDA:255,21,0,0
BRDA:255,21,1,0
BRDA:255,21,2,0
BRDA:255,21,3,0
BRDA:255,21,4,0
BRDA:270,22,0,0
BRDA:270,22,1,0
BRDA:285,23,0,0
BRDA:285,23,1,0
BRDA:316,24,0,0
BRDA:316,24,1,0
BRDA:317,25,0,0
BRDA:317,25,1,0
BRDA:318,26,0,0
BRDA:318,26,1,0
BRDA:322,27,0,0
BRDA:322,27,1,0
BRDA:348,28,0,0
BRDA:348,28,1,0
BRDA:352,29,0,0
BRDA:352,29,1,0
BRDA:379,30,0,0
BRDA:379,30,1,0
BRDA:387,31,0,0
BRDA:387,31,1,0
BRDA:389,32,0,0
BRDA:389,32,1,0
BRDA:397,33,0,0
BRDA:397,33,1,0
BRDA:402,34,0,0
BRDA:402,34,1,0
BRDA:406,35,0,0
BRDA:406,35,1,0
BRDA:412,36,0,0
BRDA:412,36,1,0
BRDA:431,37,0,0
BRDA:431,37,1,0
BRDA:455,38,0,0
BRDA:455,38,1,0
BRDA:456,39,0,0
BRDA:456,39,1,0
BRDA:456,39,2,0
BRDA:456,39,3,0
BRDA:456,39,4,0
BRDA:469,40,0,0
BRDA:469,40,1,0
BRDA:469,40,2,0
BRDA:469,40,3,0
BRDA:469,40,4,0
BRDA:485,41,0,0
BRDA:485,41,1,0
BRDA:485,41,2,0
BRDA:485,41,3,0
BRDA:485,41,4,0
BRDA:500,42,0,0
BRDA:500,42,1,0
BRDA:500,42,2,0
BRDA:500,42,3,0
BRDA:500,42,4,0
BRDA:532,43,0,0
BRDA:532,43,1,0
BRDA:567,44,0,0
BRDA:567,44,1,0
BRDA:570,45,0,0
BRDA:570,45,1,0
BRDA:577,46,0,0
BRDA:577,46,1,0
BRDA:588,47,0,0
BRDA:588,47,1,0
BRDA:601,48,0,0
BRDA:601,48,1,0
BRDA:626,49,0,0
BRDA:626,49,1,0
BRDA:652,50,0,0
BRDA:652,50,1,0
BRDA:675,51,0,0
BRDA:675,51,1,0
BRDA:685,52,0,0
BRDA:685,52,1,0
BRDA:694,53,0,0
BRDA:694,53,1,0
BRDA:712,54,0,0
BRDA:712,54,1,0
BRDA:735,55,0,0
BRDA:735,55,1,0
BRF:129
BRH:0
end_of_record
TN:
SF:screens\HadithScreen.tsx
FN:42,HadithScreen
FN:46,(anonymous_1)
FN:87,(anonymous_2)
FN:98,(anonymous_3)
FN:102,(anonymous_4)
FN:107,(anonymous_5)
FN:114,(anonymous_6)
FN:129,(anonymous_7)
FN:130,(anonymous_8)
FN:134,(anonymous_9)
FN:141,(anonymous_10)
FN:153,(anonymous_11)
FN:154,(anonymous_12)
FN:160,(anonymous_13)
FN:169,(anonymous_14)
FN:182,getSelectedBookLabel
FN:184,(anonymous_16)
FN:188,getSelectedChapterLabel
FN:190,(anonymous_18)
FN:197,(anonymous_19)
FN:203,(anonymous_20)
FN:219,(anonymous_21)
FN:225,(anonymous_22)
FN:245,(anonymous_23)
FN:255,(anonymous_24)
FN:287,(anonymous_25)
FN:307,(anonymous_26)
FN:353,(anonymous_27)
FN:367,(anonymous_28)
FN:377,(anonymous_29)
FN:381,(anonymous_30)
FN:392,(anonymous_31)
FN:396,(anonymous_32)
FN:422,(anonymous_33)
FN:428,(anonymous_34)
FN:433,(anonymous_35)
FN:438,(anonymous_36)
FN:441,(anonymous_37)
FNF:38
FNH:0
FNDA:0,HadithScreen
FNDA:0,(anonymous_1)
FNDA:0,(anonymous_2)
FNDA:0,(anonymous_3)
FNDA:0,(anonymous_4)
FNDA:0,(anonymous_5)
FNDA:0,(anonymous_6)
FNDA:0,(anonymous_7)
FNDA:0,(anonymous_8)
FNDA:0,(anonymous_9)
FNDA:0,(anonymous_10)
FNDA:0,(anonymous_11)
FNDA:0,(anonymous_12)
FNDA:0,(anonymous_13)
FNDA:0,(anonymous_14)
FNDA:0,getSelectedBookLabel
FNDA:0,(anonymous_16)
FNDA:0,getSelectedChapterLabel
FNDA:0,(anonymous_18)
FNDA:0,(anonymous_19)
FNDA:0,(anonymous_20)
FNDA:0,(anonymous_21)
FNDA:0,(anonymous_22)
FNDA:0,(anonymous_23)
FNDA:0,(anonymous_24)
FNDA:0,(anonymous_25)
FNDA:0,(anonymous_26)
FNDA:0,(anonymous_27)
FNDA:0,(anonymous_28)
FNDA:0,(anonymous_29)
FNDA:0,(anonymous_30)
FNDA:0,(anonymous_31)
FNDA:0,(anonymous_32)
FNDA:0,(anonymous_33)
FNDA:0,(anonymous_34)
FNDA:0,(anonymous_35)
FNDA:0,(anonymous_36)
FNDA:0,(anonymous_37)
DA:39,1
DA:40,1
DA:43,0
DA:46,0
DA:52,0
DA:63,0
DA:64,0
DA:65,0
DA:66,0
DA:68,0
DA:69,0
DA:70,0
DA:71,0
DA:72,0
DA:73,0
DA:74,0
DA:75,0
DA:76,0
DA:77,0
DA:78,0
DA:79,0
DA:80,0
DA:82,0
DA:87,0
DA:88,0
DA:97,0
DA:100,0
DA:104,0
DA:105,0
DA:108,0
DA:109,0
DA:114,0
DA:115,0
DA:116,0
DA:117,0
DA:118,0
DA:119,0
DA:120,0
DA:121,0
DA:123,0
DA:125,0
DA:126,0
DA:129,0
DA:131,0
DA:132,0
DA:135,0
DA:136,0
DA:141,0
DA:142,0
DA:143,0
DA:144,0
DA:145,0
DA:147,0
DA:149,0
DA:150,0
DA:153,0
DA:155,0
DA:156,0
DA:157,0
DA:158,0
DA:161,0
DA:162,0
DA:163,0
DA:169,0
DA:170,0
DA:171,0
DA:183,0
DA:184,0
DA:185,0
DA:189,0
DA:190,0
DA:191,0
DA:192,0
DA:197,0
DA:198,0
DA:204,0
DA:205,0
DA:219,0
DA:220,0
DA:226,0
DA:227,0
DA:245,0
DA:246,0
DA:247,0
DA:250,0
DA:253,0
DA:255,0
DA:256,0
DA:258,0
DA:259,0
DA:262,0
DA:263,0
DA:264,0
DA:266,0
DA:274,0
DA:275,0
DA:276,0
DA:278,0
DA:288,0
DA:289,0
DA:308,0
DA:309,0
DA:353,0
DA:367,0
DA:377,0
DA:381,0
DA:392,0
DA:396,0
DA:422,0
DA:428,0
DA:434,0
DA:437,0
DA:438,0
DA:440,0
DA:441,0
DA:443,0
DA:446,0
DA:447,0
DA:451,0
DA:506,1
LF:120
LH:3
BRDA:39,0,0,1
BRDA:39,0,1,0
BRDA:58,1,0,0
BRDA:58,1,1,0
BRDA:60,2,0,0
BRDA:60,2,1,0
BRDA:104,3,0,0
BRDA:104,3,1,0
BRDA:123,4,0,0
BRDA:123,4,1,0
BRDA:131,5,0,0
BRDA:131,5,1,0
BRDA:147,6,0,0
BRDA:147,6,1,0
BRDA:147,7,0,0
BRDA:147,7,1,0
BRDA:155,8,0,0
BRDA:155,8,1,0
BRDA:155,8,2,0
BRDA:157,9,0,0
BRDA:157,9,1,0
BRDA:170,10,0,0
BRDA:170,10,1,0
BRDA:183,11,0,0
BRDA:183,11,1,0
BRDA:185,12,0,0
BRDA:185,12,1,0
BRDA:189,13,0,0
BRDA:189,13,1,0
BRDA:191,14,0,0
BRDA:191,14,1,0
BRDA:192,15,0,0
BRDA:192,15,1,0
BRDA:193,16,0,0
BRDA:193,16,1,0
BRDA:201,17,0,0
BRDA:201,17,1,0
BRDA:211,18,0,0
BRDA:211,18,1,0
BRDA:223,19,0,0
BRDA:223,19,1,0
BRDA:233,20,0,0
BRDA:233,20,1,0
BRDA:237,21,0,0
BRDA:237,21,1,0
BRDA:238,22,0,0
BRDA:238,22,1,0
BRDA:246,23,0,0
BRDA:246,23,1,0
BRDA:256,24,0,0
BRDA:256,24,1,0
BRDA:258,25,0,0
BRDA:258,25,1,0
BRDA:263,26,0,0
BRDA:263,26,1,0
BRDA:264,27,0,0
BRDA:264,27,1,0
BRDA:267,28,0,0
BRDA:267,28,1,0
BRDA:274,29,0,0
BRDA:274,29,1,0
BRDA:275,30,0,0
BRDA:275,30,1,0
BRDA:295,31,0,0
BRDA:295,31,1,0
BRDA:300,32,0,0
BRDA:300,32,1,0
BRDA:300,32,2,0
BRDA:302,33,0,0
BRDA:302,33,1,0
BRDA:321,34,0,0
BRDA:321,34,1,0
BRDA:321,34,2,0
BRDA:321,34,3,0
BRDA:328,35,0,0
BRDA:328,35,1,0
BRDA:340,36,0,0
BRDA:340,36,1,0
BRDA:344,37,0,0
BRDA:344,37,1,0
BRDA:361,38,0,0
BRDA:361,38,1,0
BRDA:372,39,0,0
BRDA:372,39,1,0
BRDA:408,40,0,0
BRDA:408,40,1,0
BRDA:408,40,2,0
BRDA:408,40,3,0
BRDA:411,41,0,0
BRDA:411,41,1,0
BRDA:413,42,0,0
BRDA:413,42,1,0
BRDA:415,43,0,0
BRDA:415,43,1,0
BRDA:443,44,0,0
BRDA:443,44,1,0
BRDA:446,45,0,0
BRDA:446,45,1,0
BRDA:447,46,0,0
BRDA:447,46,1,0
BRDA:455,47,0,0
BRDA:455,47,1,0
BRDA:461,48,0,0
BRDA:461,48,1,0
BRDA:487,49,0,0
BRDA:487,49,1,0
BRDA:487,50,0,0
BRDA:487,50,1,0
BRF:108
BRH:1
end_of_record
TN:
[...]
DA:2367,0
DA:2370,0
DA:2373,0
DA:2374,0
DA:2377,0
DA:2378,0
DA:2381,0
DA:2382,0
DA:2384,0
DA:2388,0
DA:2389,0
DA:2390,0
DA:2392,0
DA:2393,0
DA:2396,0
DA:2397,0
DA:2399,0
DA:2400,0
DA:2407,0
DA:2414,0
DA:2415,0
DA:2439,0
DA:2441,0
DA:2442,0
DA:2444,0
DA:2446,0
DA:2447,0
DA:2449,0
DA:2450,0
DA:2452,0
DA:2453,0
DA:2454,0
DA:2457,0
DA:2458,0
DA:2459,0
DA:2461,0
DA:2480,0
DA:2481,0
DA:2484,0
DA:2487,0
DA:2488,0
DA:2489,0
DA:2492,0
DA:2498,0
DA:2499,0
DA:2501,0
DA:2502,0
DA:2514,0
DA:2515,0
DA:2521,0
DA:2531,0
DA:2533,0
DA:2537,0
DA:2539,0
DA:2540,0
DA:2546,0
DA:2547,0
DA:2550,0
DA:2551,0
DA:2552,0
DA:2553,0
DA:2557,0
DA:2560,0
DA:2562,0
DA:2563,0
DA:2564,0
DA:2567,0
DA:2568,0
DA:2569,0
DA:2572,0
DA:2574,0
DA:2577,0
DA:2578,0
DA:2579,0
DA:2580,0
DA:2583,0
DA:2587,0
DA:2588,0
DA:2589,0
DA:2594,0
DA:2596,0
DA:2601,0
DA:2607,0
DA:2608,0
DA:2610,0
DA:2613,0
DA:2614,0
DA:2615,0
DA:2618,0
DA:2622,0
DA:2624,0
DA:2630,0
DA:2631,0
DA:2632,0
DA:2633,0
DA:2636,0
DA:2637,0
DA:2638,0
DA:2642,0
DA:2643,0
DA:2644,0
DA:2645,0
DA:2652,0
DA:2653,0
DA:2659,0
DA:2663,0
DA:2668,0
DA:2674,0
DA:2677,0
DA:2678,0
DA:2680,0
DA:2681,0
DA:2686,0
DA:2687,0
DA:2688,0
DA:2689,0
DA:2690,0
DA:2694,0
DA:2701,0
DA:2703,0
DA:2705,0
DA:2707,0
DA:2709,0
DA:2710,0
DA:2711,0
DA:2713,0
DA:2714,0
DA:2717,0
DA:2721,0
DA:2722,0
DA:2723,0
DA:2725,0
DA:2726,0
DA:2729,0
DA:2733,0
DA:2734,0
DA:2735,0
DA:2737,0
DA:2738,0
DA:2741,0
DA:2745,0
DA:2746,0
DA:2747,0
DA:2749,0
DA:2750,0
DA:2753,0
DA:2759,0
DA:2760,0
DA:2761,0
DA:2763,0
DA:2764,0
DA:2765,0
DA:2769,0
DA:2770,0
DA:2771,0
DA:2773,0
DA:2774,0
DA:2775,0
DA:2778,0
DA:2780,0
DA:2784,0
DA:2793,0
DA:2794,0
DA:2799,0
DA:2801,0
DA:2802,0
DA:2805,0
DA:2806,0
DA:2807,0
DA:2810,0
DA:2814,0
DA:2815,0
DA:2816,0
DA:2819,0
DA:2820,0
DA:2824,0
DA:2827,0
DA:2828,0
DA:2829,0
DA:2832,0
DA:2833,0
DA:2834,0
DA:2836,0
DA:2839,0
DA:2841,0
DA:2842,0
DA:2845,0
DA:2846,0
DA:2853,0
DA:2856,0
DA:2857,0
DA:2858,0
DA:2859,0
DA:2863,0
DA:2866,0
DA:2867,0
DA:2869,0
DA:2870,0
DA:2875,0
DA:2876,0
DA:2880,0
DA:2881,0
DA:2882,0
DA:2883,0
DA:2886,0
DA:2888,0
DA:2889,0
DA:2897,0
DA:2898,0
DA:2902,0
DA:2903,0
DA:2905,0
DA:2907,0
DA:2908,0
DA:2909,0
DA:2912,0
DA:2914,0
DA:2915,0
DA:2921,0
DA:2922,0
DA:2923,0
DA:2925,0
DA:2926,0
DA:2927,0
DA:2929,0
DA:2930,0
DA:2931,0
DA:2932,0
DA:2936,0
DA:2938,0
DA:2939,0
DA:2945,0
DA:2946,0
DA:2950,0
DA:2954,0
DA:2956,0
DA:2962,0
DA:2963,0
DA:2964,0
DA:2965,0
DA:2966,0
DA:2967,0
DA:2968,0
DA:2969,0
DA:2971,0
DA:2977,0
DA:2978,0
DA:2979,0
DA:2980,0
DA:2981,0
DA:2983,0
DA:2989,0
DA:2990,0
DA:2993,0
DA:2996,0
DA:2997,0
DA:2998,0
DA:3000,0
DA:3003,0
DA:3017,0
DA:3018,0
DA:3020,0
DA:3031,0
DA:3034,0
DA:3035,0
DA:3036,0
DA:3038,0
DA:3042,0
DA:3043,0
DA:3044,0
DA:3045,0
DA:3048,0
DA:3050,0
DA:3052,0
DA:3056,0
DA:3057,0
DA:3058,0
DA:3059,0
DA:3060,0
DA:3061,0
DA:3062,0
DA:3063,0
DA:3067,0
DA:3070,0
DA:3074,0
DA:3075,0
DA:3076,0
DA:3077,0
DA:3078,0
DA:3079,0
DA:3080,0
DA:3081,0
DA:3082,0
DA:3086,0
DA:3089,0
DA:3093,0
DA:3097,0
DA:3098,0
DA:3102,0
DA:3103,0
DA:3107,0
DA:3108,0
DA:3112,0
DA:3113,0
DA:3118,0
DA:3119,0
DA:3124,0
DA:3128,0
DA:3133,0
DA:3134,0
DA:3139,0
DA:3140,0
DA:3142,0
DA:3143,0
DA:3153,0
DA:3154,0
DA:3156,0
DA:3163,0
DA:3166,0
DA:3167,0
DA:3168,0
DA:3169,0
DA:3170,0
DA:3171,0
DA:3172,0
DA:3173,0
DA:3178,0
DA:3182,0
DA:3183,0
DA:3184,0
DA:3185,0
DA:3186,0
DA:3187,0
DA:3188,0
DA:3189,0
DA:3191,0
DA:3192,0
DA:3198,0
DA:3202,0
DA:3204,0
DA:3205,0
DA:3207,0
DA:3208,0
DA:3210,0
DA:3211,0
DA:3213,0
DA:3214,0
DA:3215,0
DA:3219,0
DA:3225,0
DA:3227,0
DA:3232,0
DA:3240,0
DA:3241,0
DA:3243,0
DA:3244,0
DA:3246,0
DA:3247,0
DA:3260,0
DA:3261,0
DA:3263,0
DA:3273,0
DA:3274,0
DA:3275,0
DA:3276,0
DA:3279,0
DA:3280,0
DA:3281,0
DA:3282,0
DA:3285,0
DA:3288,0
DA:3289,0
DA:3296,0
DA:3297,0
DA:3300,0
DA:3304,0
DA:3305,0
DA:3312,0
DA:3313,0
DA:3314,0
DA:3316,0
DA:3317,0
DA:3318,0
DA:3325,0
DA:3328,0
DA:3330,0
DA:3332,0
DA:3333,0
DA:3340,0
DA:3341,0
DA:3342,0
DA:3344,0
DA:3346,0
DA:3347,0
DA:3352,0
DA:3353,0
DA:3359,0
DA:3360,0
DA:3362,0
DA:3363,0
DA:3384,0
DA:3385,0
DA:3387,0
DA:3395,0
DA:3396,0
DA:3397,0
DA:3398,0
DA:3399,0
DA:3402,0
DA:3403,0
DA:3404,0
DA:3405,0
DA:3406,0
DA:3409,0
DA:3412,0
DA:3413,0
DA:3415,0
DA:3418,0
DA:3419,0
DA:3420,0
DA:3421,0
DA:3425,0
DA:3426,0
DA:3427,0
DA:3428,0
DA:3429,0
DA:3432,0
DA:3433,0
DA:3434,0
DA:3438,0
DA:3440,0
DA:3441,0
DA:3442,0
DA:3443,0
DA:3446,0
DA:3447,0
DA:3449,0
DA:3452,0
DA:3453,0
DA:3454,0
DA:3457,0
DA:3458,0
DA:3459,0
DA:3462,0
DA:3463,0
DA:3466,0
DA:3467,0
DA:3470,0
DA:3471,0
DA:3473,0
DA:3474,0
DA:3476,0
DA:3477,0
DA:3479,0
DA:3480,0
DA:3481,0
DA:3484,0
DA:3485,0
DA:3486,0
DA:3497,0
DA:3498,0
DA:3500,0
DA:3505,0
DA:3507,0
DA:3508,0
DA:3509,0
DA:3510,0
DA:3511,0
DA:3513,0
DA:3514,0
DA:3515,0
DA:3516,0
DA:3517,0
DA:3519,0
DA:3520,0
DA:3521,0
DA:3522,0
DA:3524,0
DA:3528,0
DA:3530,0
DA:3531,0
DA:3532,0
DA:3535,0
DA:3541,0
DA:3544,0
DA:3545,0
DA:3548,0
DA:3551,0
DA:3555,0
DA:3562,0
DA:3570,0
DA:3572,0
DA:3573,0
DA:3576,0
DA:3586,0
DA:3590,0
DA:3591,0
DA:3595,0
DA:3598,0
DA:3612,0
DA:3613,0
DA:3615,0
DA:3626,0
DA:3627,0
DA:3628,0
DA:3629,0
DA:3630,0
DA:3631,0
DA:3632,0
DA:3633,0
DA:3634,0
DA:3640,0
DA:3644,0
DA:3652,0
DA:3653,0
DA:3655,0
DA:3656,0
DA:3666,0
DA:3667,0
DA:3669,0
DA:3676,0
DA:3678,0
DA:3679,0
DA:3680,0
DA:3682,0
DA:3683,0
DA:3684,0
DA:3685,0
DA:3686,0
DA:3687,0
DA:3688,0
DA:3690,0
DA:3698,0
DA:3699,0
DA:3700,0
DA:3701,0
DA:3703,0
DA:3708,0
DA:3716,0
DA:3717,0
DA:3720,0
DA:3721,0
DA:3722,0
DA:3724,0
DA:3725,0
DA:3727,0
DA:3731,0
DA:3735,0
DA:3741,0
DA:3744,0
DA:3747,0
DA:3750,0
DA:3752,0
DA:3753,0
LF:1403
LH:0
BRDA:68,0,0,0
BRDA:68,0,1,0
BRDA:79,1,0,0
BRDA:79,1,1,0
BRDA:86,2,0,0
BRDA:86,2,1,0
BRDA:96,3,0,0
BRDA:96,3,1,0
BRDA:131,4,0,0
BRDA:131,4,1,0
BRDA:193,5,0,0
BRDA:193,5,1,0
BRDA:193,6,0,0
BRDA:193,6,1,0
BRDA:209,7,0,0
BRDA:209,7,1,0
BRDA:213,8,0,0
BRDA:213,8,1,0
BRDA:213,9,0,0
BRDA:213,9,1,0
BRDA:247,10,0,0
BRDA:247,10,1,0
BRDA:323,11,0,0
BRDA:323,11,1,0
BRDA:335,12,0,0
BRDA:335,12,1,0
BRDA:342,13,0,0
BRDA:342,13,1,0
BRDA:352,14,0,0
BRDA:352,14,1,0
BRDA:352,15,0,0
BRDA:352,15,1,0
BRDA:408,16,0,0
BRDA:408,16,1,0
BRDA:437,17,0,0
BRDA:437,17,1,0
BRDA:497,18,0,0
BRDA:497,18,1,0
BRDA:497,19,0,0
BRDA:497,19,1,0
BRDA:502,20,0,0
BRDA:502,20,1,0
BRDA:531,21,0,0
BRDA:537,22,0,0
BRDA:537,22,1,0
BRDA:539,23,0,0
BRDA:539,23,1,0
BRDA:581,24,0,0
BRDA:581,24,1,0
BRDA:606,25,0,0
BRDA:606,25,1,0
BRDA:606,26,0,0
BRDA:606,26,1,0
BRDA:625,27,0,0
BRDA:625,27,1,0
BRDA:651,28,0,0
BRDA:651,28,1,0
BRDA:651,29,0,0
BRDA:651,29,1,0
BRDA:656,30,0,0
BRDA:656,30,1,0
BRDA:697,31,0,0
BRDA:697,31,1,0
BRDA:697,32,0,0
BRDA:697,32,1,0
BRDA:707,33,0,0
BRDA:707,33,1,0
BRDA:714,34,0,0
BRDA:714,34,1,0
BRDA:715,35,0,0
BRDA:715,35,1,0
BRDA:736,36,0,0
BRDA:736,36,1,0
BRDA:754,37,0,0
BRDA:754,37,1,0
BRDA:895,38,0,0
BRDA:895,38,1,0
BRDA:910,39,0,0
BRDA:910,39,1,0
BRDA:910,39,2,0
BRDA:910,39,3,0
BRDA:910,39,4,0
BRDA:928,40,0,0
BRDA:928,40,1,0
BRDA:928,40,2,0
BRDA:928,40,3,0
BRDA:928,40,4,0
BRDA:984,41,0,0
BRDA:984,41,1,0
BRDA:984,42,0,0
BRDA:984,42,1,0
BRDA:996,43,0,0
BRDA:996,43,1,0
BRDA:1002,44,0,0
BRDA:1002,44,1,0
BRDA:1009,45,0,0
BRDA:1009,45,1,0
BRDA:1013,46,0,0
BRDA:1013,46,1,0
BRDA:1047,47,0,0
BRDA:1047,47,1,0
BRDA:1057,48,0,0
BRDA:1057,48,1,0
BRDA:1080,49,0,0
BRDA:1080,49,1,0
BRDA:1081,50,0,0
BRDA:1081,50,1,0
BRDA:1088,51,0,0
BRDA:1088,51,1,0
BRDA:1089,52,0,0
BRDA:1089,52,1,0
BRDA:1089,52,2,0
BRDA:1108,53,0,0
BRDA:1108,53,1,0
BRDA:1123,54,0,0
BRDA:1123,54,1,0
BRDA:1123,55,0,0
BRDA:1123,55,1,0
BRDA:1123,55,2,0
BRDA:1139,56,0,0
BRDA:1139,56,1,0
BRDA:1139,57,0,0
BRDA:1139,57,1,0
BRDA:1158,58,0,0
BRDA:1158,58,1,0
BRDA:1158,59,0,0
BRDA:1158,59,1,0
BRDA:1172,60,0,0
BRDA:1172,60,1,0
BRDA:1207,61,0,0
BRDA:1207,61,1,0
BRDA:1225,62,0,0
BRDA:1225,62,1,0
BRDA:1229,63,0,0
BRDA:1229,63,1,0
BRDA:1229,64,0,0
BRDA:1229,64,1,0
BRDA:1252,65,0,0
BRDA:1252,65,1,0
BRDA:1255,66,0,0
BRDA:1255,66,1,0
BRDA:1273,67,0,0
BRDA:1273,67,1,0
BRDA:1282,68,0,0
BRDA:1282,68,1,0
BRDA:1285,69,0,0
BRDA:1285,69,1,0
BRDA:1285,70,0,0
BRDA:1285,70,1,0
BRDA:1298,71,0,0
BRDA:1298,71,1,0
BRDA:1298,72,0,0
BRDA:1298,72,1,0
BRDA:1301,73,0,0
BRDA:1301,73,1,0
BRDA:1302,74,0,0
BRDA:1302,74,1,0
BRDA:1302,74,2,0
BRDA:1302,74,3,0
BRDA:1302,74,4,0
BRDA:1319,75,0,0
BRDA:1319,75,1,0
BRDA:1353,76,0,0
BRDA:1353,76,1,0
BRDA:1365,77,0,0
BRDA:1365,77,1,0
BRDA:1370,78,0,0
BRDA:1370,78,1,0
BRDA:1370,79,0,0
BRDA:1370,79,1,0
BRDA:1375,80,0,0
BRDA:1375,80,1,0
BRDA:1387,81,0,0
BRDA:1387,81,1,0
BRDA:1409,82,0,0
BRDA:1409,82,1,0
BRDA:1412,83,0,0
BRDA:1412,83,1,0
BRDA:1419,84,0,0
BRDA:1419,84,1,0
BRDA:1419,85,0,0
BRDA:1419,85,1,0
BRDA:1424,86,0,0
BRDA:1424,86,1,0
BRDA:1433,87,0,0
BRDA:1433,87,1,0
BRDA:1454,88,0,0
BRDA:1454,88,1,0
BRDA:1457,89,0,0
BRDA:1457,89,1,0
BRDA:1463,90,0,0
BRDA:1463,90,1,0
BRDA:1478,91,0,0
BRDA:1478,91,1,0
BRDA:1494,92,0,0
BRDA:1494,92,1,0
BRDA:1498,93,0,0
BRDA:1498,93,1,0
BRDA:1541,94,0,0
BRDA:1541,94,1,0
BRDA:1560,95,0,0
BRDA:1560,95,1,0
BRDA:1561,96,0,0
BRDA:1561,96,1,0
BRDA:1564,97,0,0
BRDA:1564,97,1,0
BRDA:1567,98,0,0
BRDA:1567,98,1,0
BRDA:1574,99,0,0
BRDA:1574,99,1,0
BRDA:1575,100,0,0
BRDA:1575,100,1,0
BRDA:1621,101,0,0
BRDA:1621,101,1,0
BRDA:1643,102,0,0
BRDA:1643,102,1,0
BRDA:1647,103,0,0
BRDA:1647,103,1,0
BRDA:1674,104,0,0
BRDA:1674,104,1,0
BRDA:1705,105,0,0
BRDA:1705,105,1,0
BRDA:1769,106,0,0
BRDA:1769,106,1,0
BRDA:1769,107,0,0
BRDA:1769,107,1,0
BRDA:1777,108,0,0
BRDA:1777,108,1,0
BRDA:1806,109,0,0
BRDA:1806,109,1,0
BRDA:1817,110,0,0
BRDA:1817,110,1,0
BRDA:1819,111,0,0
BRDA:1819,111,1,0
BRDA:1824,112,0,0
BRDA:1824,112,1,0
BRDA:1824,112,2,0
BRDA:1824,112,3,0
BRDA:1824,112,4,0
BRDA:1830,113,0,0
BRDA:1830,113,1,0
BRDA:1837,114,0,0
BRDA:1837,114,1,0
BRDA:1850,115,0,0
BRDA:1850,115,1,0
BRDA:1853,116,0,0
BRDA:1853,116,1,0
BRDA:1860,117,0,0
BRDA:1860,117,1,0
BRDA:1873,118,0,0
BRDA:1873,118,1,0
BRDA:1883,119,0,0
BRDA:1883,119,1,0
BRDA:1896,120,0,0
BRDA:1896,120,1,0
BRDA:1929,121,0,0
BRDA:1929,121,1,0
BRDA:1947,122,0,0
BRDA:1947,122,1,0
BRDA:1947,122,2,0
BRDA:1947,122,3,0
BRDA:1975,123,0,0
BRDA:1975,123,1,0
BRDA:1976,124,0,0
BRDA:1976,124,1,0
BRDA:2048,125,0,0
BRDA:2048,125,1,0
BRDA:2049,126,0,0
BRDA:2049,126,1,0
BRDA:2059,127,0,0
BRDA:2059,127,1,0
BRDA:2070,128,0,0
BRDA:2070,128,1,0
BRDA:2070,129,0,0
BRDA:2070,129,1,0
BRDA:2102,130,0,0
BRDA:2102,130,1,0
BRDA:2134,131,0,0
BRDA:2134,131,1,0
BRDA:2137,132,0,0
BRDA:2137,132,1,0
BRDA:2139,133,0,0
BRDA:2139,133,1,0
BRDA:2140,134,0,0
BRDA:2140,134,1,0
BRDA:2140,134,2,0
BRDA:2153,135,0,0
BRDA:2153,135,1,0
BRDA:2153,136,0,0
BRDA:2153,136,1,0
BRDA:2167,137,0,0
BRDA:2167,137,1,0
BRDA:2170,138,0,0
BRDA:2170,138,1,0
BRDA:2170,139,0,0
BRDA:2170,139,1,0
BRDA:2173,140,0,0
BRDA:2173,140,1,0
BRDA:2180,141,0,0
BRDA:2180,141,1,0
BRDA:2210,142,0,0
BRDA:2210,142,1,0
BRDA:2210,143,0,0
BRDA:2210,143,1,0
BRDA:2214,144,0,0
BRDA:2214,144,1,0
BRDA:2218,145,0,0
BRDA:2218,145,1,0
BRDA:2250,146,0,0
BRDA:2250,146,1,0
BRDA:2279,147,0,0
BRDA:2279,147,1,0
BRDA:2287,148,0,0
BRDA:2287,148,1,0
BRDA:2315,149,0,0
BRDA:2315,149,1,0
BRDA:2320,150,0,0
BRDA:2320,150,1,0
BRDA:2321,151,0,0
BRDA:2321,151,1,0
BRDA:2322,152,0,0
BRDA:2322,152,1,0
BRDA:2331,153,0,0
BRDA:2331,153,1,0
BRDA:2331,154,0,0
BRDA:2331,154,1,0
BRDA:2332,155,0,0
BRDA:2332,155,1,0
BRDA:2332,156,0,0
BRDA:2332,156,1,0
BRDA:2333,157,0,0
BRDA:2333,157,1,0
BRDA:2333,158,0,0
BRDA:2333,158,1,0
BRDA:2334,159,0,0
BRDA:2334,159,1,0
BRDA:2334,160,0,0
BRDA:2334,160,1,0
BRDA:2335,161,0,0
BRDA:2335,161,1,0
BRDA:2336,162,0,0
BRDA:2336,162,1,0
BRDA:2337,163,0,0
BRDA:2337,163,1,0
BRDA:2338,164,0,0
BRDA:2338,164,1,0
BRDA:2339,165,0,0
BRDA:2339,165,1,0
BRDA:2356,166,0,0
BRDA:2356,166,1,0
BRDA:2374,167,0,0
BRDA:2374,167,1,0
BRDA:2377,168,0,0
BRDA:2377,168,1,0
BRDA:2381,169,0,0
BRDA:2381,169,1,0
BRDA:2444,170,0,0
BRDA:2444,170,1,0
BRDA:2444,170,2,0
BRDA:2488,171,0,0
BRDA:2488,171,1,0
BRDA:2514,172,0,0
BRDA:2514,172,1,0
BRDA:2515,173,0,0
BRDA:2515,173,1,0
BRDA:2537,174,0,0
BRDA:2537,174,1,0
BRDA:2551,175,0,0
BRDA:2551,175,1,0
BRDA:2560,176,0,0
BRDA:2560,176,1,0
BRDA:2577,177,0,0
BRDA:2577,177,1,0
BRDA:2579,178,0,0
BRDA:2579,178,1,0
BRDA:2587,179,0,0
BRDA:2587,179,1,0
BRDA:2594,180,0,0
BRDA:2594,180,1,0
BRDA:2596,181,0,0
BRDA:2596,181,1,0
BRDA:2597,182,0,0
BRDA:2597,182,1,0
BRDA:2614,183,0,0
BRDA:2614,183,1,0
BRDA:2622,184,0,0
BRDA:2622,184,1,0
BRDA:2642,185,0,0
BRDA:2642,185,1,0
BRDA:2652,186,0,0
BRDA:2652,186,1,0
BRDA:2677,187,0,0
BRDA:2677,187,1,0
BRDA:2686,188,0,0
BRDA:2686,188,1,0
BRDA:2688,189,0,0
BRDA:2688,189,1,0
BRDA:2703,190,0,0
BRDA:2703,190,1,0
BRDA:2703,191,0,0
BRDA:2703,191,1,0
BRDA:2713,192,0,0
BRDA:2713,192,1,0
BRDA:2725,193,0,0
BRDA:2725,193,1,0
BRDA:2737,194,0,0
BRDA:2737,194,1,0
BRDA:2749,195,0,0
BRDA:2749,195,1,0
BRDA:2763,196,0,0
BRDA:2763,196,1,0
BRDA:2773,197,0,0
BRDA:2773,197,1,0
BRDA:2799,198,0,0
BRDA:2799,198,1,0
BRDA:2799,199,0,0
BRDA:2799,199,1,0
BRDA:2828,200,0,0
BRDA:2828,200,1,0
BRDA:2856,201,0,0
BRDA:2856,201,1,0
BRDA:2858,202,0,0
BRDA:2858,202,1,0
BRDA:2881,203,0,0
BRDA:2881,203,1,0
BRDA:2892,204,0,0
BRDA:2892,204,1,0
BRDA:2905,205,0,0
BRDA:2905,205,1,0
BRDA:2905,206,0,0
BRDA:2905,206,1,0
BRDA:2912,207,0,0
BRDA:2912,207,1,0
BRDA:2925,208,0,0
BRDA:2925,208,1,0
BRDA:2925,209,0,0
BRDA:2925,209,1,0
BRDA:2929,210,0,0
BRDA:2929,210,1,0
BRDA:2997,211,0,0
BRDA:2997,211,1,0
BRDA:3034,212,0,0
BRDA:3034,212,1,0
BRDA:3043,213,0,0
BRDA:3043,213,1,0
BRDA:3046,214,0,0
BRDA:3046,214,1,0
BRDA:3048,215,0,0
BRDA:3048,215,1,0
BRDA:3058,216,0,0
BRDA:3058,216,1,0
BRDA:3061,217,0,0
BRDA:3061,217,1,0
BRDA:3077,218,0,0
BRDA:3077,218,1,0
BRDA:3080,219,0,0
BRDA:3080,219,1,0
BRDA:3112,220,0,0
BRDA:3112,220,1,0
BRDA:3118,221,0,0
BRDA:3118,221,1,0
BRDA:3124,222,0,0
BRDA:3124,222,1,0
BRDA:3125,223,0,0
BRDA:3125,223,1,0
BRDA:3133,224,0,0
BRDA:3133,224,1,0
BRDA:3168,225,0,0
BRDA:3168,225,1,0
BRDA:3171,226,0,0
BRDA:3171,226,1,0
BRDA:3171,227,0,0
BRDA:3171,227,1,0
BRDA:3185,228,0,0
BRDA:3185,228,1,0
BRDA:3188,229,0,0
BRDA:3188,229,1,0
BRDA:3188,230,0,0
BRDA:3188,230,1,0
BRDA:3191,231,0,0
BRDA:3191,231,1,0
BRDA:3208,232,0,0
BRDA:3208,232,1,0
BRDA:3211,233,0,0
BRDA:3211,233,1,0
BRDA:3274,234,0,0
BRDA:3274,234,1,0
BRDA:3280,235,0,0
BRDA:3280,235,1,0
BRDA:3291,236,0,0
BRDA:3291,236,1,0
BRDA:3306,237,0,0
BRDA:3306,237,1,0
BRDA:3317,238,0,0
BRDA:3317,238,1,0
BRDA:3319,239,0,0
BRDA:3319,239,1,0
BRDA:3328,240,0,0
BRDA:3328,240,1,0
BRDA:3330,241,0,0
BRDA:3330,241,1,0
BRDA:3334,242,0,0
BRDA:3334,242,1,0
BRDA:3348,243,0,0
BRDA:3348,243,1,0
BRDA:3355,244,0,0
BRDA:3355,244,1,0
BRDA:3396,245,0,0
BRDA:3396,245,1,0
BRDA:3403,246,0,0
BRDA:3403,246,1,0
BRDA:3419,247,0,0
BRDA:3419,247,1,0
BRDA:3426,248,0,0
BRDA:3426,248,1,0
BRDA:3442,249,0,0
BRDA:3442,249,1,0
BRDA:3458,250,0,0
BRDA:3458,250,1,0
BRDA:3511,251,0,0
BRDA:3511,251,1,0
BRDA:3511,252,0,0
BRDA:3511,252,1,0
BRDA:3513,253,0,0
BRDA:3513,253,1,0
BRDA:3515,254,0,0
BRDA:3515,254,1,0
BRDA:3545,255,0,0
BRDA:3545,255,1,0
BRDA:3551,256,0,0
BRDA:3551,256,1,0
BRDA:3590,257,0,0
BRDA:3590,257,1,0
BRDA:3628,258,0,0
BRDA:3628,258,1,0
BRDA:3632,259,0,0
BRDA:3632,259,1,0
BRDA:3632,260,0,0
BRDA:3632,260,1,0
BRDA:3679,261,0,0
BRDA:3679,261,1,0
BRDA:3684,262,0,0
BRDA:3684,262,1,0
BRDA:3720,263,0,0
BRDA:3720,263,1,0
BRDA:3727,264,0,0
BRDA:3727,264,1,0
BRDA:3728,265,0,0
BRDA:3728,265,1,0
BRF:549
BRH:0
end_of_record
TN:
SF:utils\quranApi.ts
FN:17,detectLang
FN:34,getQuranVersesWithTranslations
FN:55,(anonymous_2)
FNF:3
FNH:3
FNDA:22,detectLang
FNDA:24,getQuranVersesWithTranslations
FNDA:52,(anonymous_2)
DA:1,3
DA:18,22
DA:19,20
DA:20,7
DA:21,6
DA:22,6
DA:23,4
DA:24,4
DA:25,3
DA:26,2
DA:27,2
DA:28,2
DA:29,1
DA:30,1
DA:31,1
DA:39,24
DA:42,23
DA:43,23
DA:46,22
DA:47,22
DA:48,22
DA:51,22
DA:52,22
DA:55,52
LF:24
LH:24
BRDA:18,0,0,2
BRDA:18,0,1,20
BRDA:19,1,0,13
BRDA:19,1,1,7
BRDA:20,2,0,1
BRDA:20,2,1,6
BRDA:21,3,0,0
BRDA:21,3,1,6
BRDA:22,4,0,2
BRDA:22,4,1,4
BRDA:23,5,0,0
BRDA:23,5,1,4
BRDA:24,6,0,1
BRDA:24,6,1,3
BRDA:25,7,0,1
BRDA:25,7,1,2
BRDA:26,8,0,0
BRDA:26,8,1,2
BRDA:27,9,0,0
BRDA:27,9,1,2
BRDA:28,10,0,1
BRDA:28,10,1,1
BRDA:29,11,0,0
BRDA:29,11,1,1
BRDA:30,12,0,0
BRDA:30,12,1,1
BRDA:43,13,0,23
BRDA:43,13,1,3
BRDA:47,14,0,22
BRDA:47,14,1,1
BRDA:52,15,0,22
BRDA:52,15,1,0
BRDA:57,16,0,52
BRDA:57,16,1,1
BRF:34
BRH:27
end_of_record
TN:
SF:utils\sheduleAllNotificationsFor30Days.ts
FN:42,scheduleNotificationsFor2Days
FN:128,(anonymous_1)
FN:163,(anonymous_2)
FN:177,(anonymous_3)
FN:228,(anonymous_4)
FN:242,(anonymous_5)
FN:274,(anonymous_6)
FN:275,(anonymous_7)
FNF:8
FNH:0
FNDA:0,scheduleNotificationsFor2Days
FNDA:0,(anonymous_1)
FNDA:0,(anonymous_2)
FNDA:0,(anonymous_3)
FNDA:0,(anonymous_4)
FNDA:0,(anonymous_5)
FNDA:0,(anonymous_6)
FNDA:0,(anonymous_7)
DA:51,0
DA:52,0
DA:53,0
DA:54,0
DA:59,0
DA:60,0
DA:61,0
DA:62,0
DA:63,0
DA:65,0
DA:67,0
DA:68,0
DA:72,0
DA:73,0
DA:74,0
DA:75,0
DA:76,0
DA:77,0
DA:78,0
DA:81,0
DA:92,0
DA:95,0
DA:98,0
DA:101,0
DA:102,0
DA:103,0
DA:104,0
DA:107,0
DA:108,0
DA:111,0
DA:116,0
DA:118,0
DA:119,0
DA:120,0
DA:124,0
DA:125,0
DA:127,0
DA:128,0
DA:131,0
DA:132,0
DA:133,0
DA:135,0
DA:138,0
DA:145,0
DA:151,0
DA:154,0
DA:159,0
DA:160,0
DA:162,0
DA:163,0
DA:164,0
DA:165,0
DA:166,0
DA:169,0
DA:171,0
DA:176,0
DA:178,0
DA:179,0
DA:186,0
DA:190,0
DA:191,0
DA:193,0
DA:197,0
DA:203,0
DA:211,0
DA:221,0
DA:227,0
DA:229,0
DA:230,0
DA:231,0
DA:237,0
DA:238,0
DA:242,0
DA:251,0
DA:256,0
DA:260,0
DA:261,0
DA:262,0
DA:269,0
DA:273,0
DA:274,0
DA:275,0
DA:277,0
DA:278,0
DA:279,0
DA:284,0
DA:288,0
DA:290,0
LF:88
LH:0
BRDA:59,0,0,0
BRDA:59,0,1,0
BRDA:118,1,0,0
BRDA:118,1,1,0
BRDA:159,2,0,0
BRDA:159,2,1,0
BRDA:186,3,0,0
BRDA:186,3,1,0
BRDA:186,3,2,0
BRDA:191,4,0,0
BRDA:191,4,1,0
BRDA:191,5,0,0
BRDA:191,5,1,0
BRDA:193,6,0,0
BRDA:193,6,1,0
BRDA:213,7,0,0
BRDA:213,7,1,0
BRDA:215,8,0,0
BRDA:215,8,1,0
BRDA:237,9,0,0
BRDA:237,9,1,0
BRDA:237,10,0,0
BRDA:237,10,1,0
BRDA:260,11,0,0
BRDA:260,11,1,0
BRDA:260,12,0,0
BRDA:260,12,1,0
BRDA:277,13,0,0
BRDA:277,13,1,0
BRDA:277,14,0,0
BRDA:277,14,1,0
BRF:31
BRH:0
end_of_record
TN:
SF:utils\syncManager.ts
FN:10,(anonymous_0)
FN:18,(anonymous_1)
FN:59,(anonymous_2)
FN:67,(anonymous_3)
FN:95,(anonymous_4)
FN:120,(anonymous_5)
FN:129,(anonymous_6)
FN:135,(anonymous_7)
FN:146,(anonymous_8)
FNF:9
FNH:0
FNDA:0,(anonymous_0)
FNDA:0,(anonymous_1)
FNDA:0,(anonymous_2)
FNDA:0,(anonymous_3)
FNDA:0,(anonymous_4)
FNDA:0,(anonymous_5)
FNDA:0,(anonymous_6)
FNDA:0,(anonymous_7)
FNDA:0,(anonymous_8)
DA:7,0
DA:8,0
DA:11,0
DA:12,0
DA:14,0
DA:19,0
DA:21,0
DA:24,0
DA:25,0
DA:29,0
DA:30,0
DA:31,0
DA:32,0
DA:35,0
DA:38,0
DA:40,0
DA:42,0
DA:43,0
DA:45,0
DA:46,0
DA:49,0
DA:50,0
DA:52,0
DA:60,0
DA:63,0
DA:72,0
DA:75,0
DA:77,0
DA:79,0
DA:80,0
DA:82,0
DA:86,0
DA:89,0
DA:90,0
DA:102,0
DA:108,0
DA:110,0
DA:113,0
DA:116,0
DA:121,0
DA:126,0
DA:129,0
DA:130,0
DA:139,0
DA:148,0
DA:149,0
LF:46
LH:0
BRDA:11,0,0,0
BRDA:11,0,1,0
BRDA:19,1,0,0
BRDA:19,1,1,0
BRDA:30,2,0,0
BRDA:30,2,1,0
BRDA:40,3,0,0
BRDA:40,3,1,0
BRDA:77,4,0,0
BRDA:77,4,1,0
BRDA:108,5,0,0
BRDA:108,5,1,0
BRDA:110,6,0,0
BRDA:110,6,1,0
BRDA:120,7,0,0
BRF:15
BRH:0
end_of_record
TN:
SF:utils\userAuth.ts
FN:20,(anonymous_0)
FN:61,(anonymous_1)
FN:96,(anonymous_2)
FN:104,(anonymous_3)
FN:117,(anonymous_4)
FN:190,(anonymous_5)
FNF:6
FNH:2
FNDA:1,(anonymous_0)
FNDA:0,(anonymous_1)
FNDA:0,(anonymous_2)
FNDA:0,(anonymous_3)
FNDA:0,(anonymous_4)
FNDA:1,(anonymous_5)
DA:20,7
DA:21,1
DA:23,1
DA:26,1
DA:29,1
DA:30,1
DA:33,1
DA:37,0
DA:38,0
DA:39,0
DA:40,0
DA:41,0
DA:44,0
DA:47,0
DA:50,0
DA:52,0
DA:53,0
DA:61,7
DA:62,0
DA:64,0
DA:67,0
DA:68,0
DA:71,0
DA:75,0
DA:76,0
DA:77,0
DA:80,0
DA:83,0
DA:86,0
DA:88,0
DA:89,0
DA:96,7
DA:97,0
DA:98,0
DA:104,7
DA:105,0
DA:106,0
DA:107,0
DA:109,0
DA:117,7
DA:118,0
DA:120,0
DA:121,0
DA:124,0
DA:128,0
DA:129,0
DA:134,0
DA:146,0
DA:147,0
DA:151,0
DA:154,0
DA:173,0
DA:174,0
DA:180,0
DA:181,0
DA:183,0
DA:190,7
DA:191,1
DA:192,1
DA:195,1
DA:197,1
DA:198,1
DA:199,1
DA:201,1
DA:202,0
DA:203,0
DA:204,0
DA:209,0
DA:212,1
DA:214,0
LF:70
LH:20
BRDA:29,0,0,1
BRDA:29,0,1,0
BRDA:38,1,0,0
BRDA:38,1,1,0
BRDA:40,2,0,0
BRDA:40,2,1,0
BRDA:67,3,0,0
BRDA:67,3,1,0
BRDA:76,4,0,0
BRDA:76,4,1,0
BRDA:128,5,0,0
BRDA:128,5,1,0
BRDA:199,6,0,0
BRDA:199,6,1,1
BRDA:201,7,0,0
BRDA:201,7,1,1
BRDA:206,8,0,0
BRDA:206,8,1,0
BRF:18
BRH:3
end_of_record
