TN:
SF:contexts\BackupContext.tsx
FN:71,(anonymous_0)
FN:88,(anonymous_1)
FN:89,(anonymous_2)
FN:131,(anonymous_3)
FN:133,(anonymous_4)
FN:137,(anonymous_5)
FN:142,(anonymous_6)
FN:163,(anonymous_7)
FN:180,(anonymous_8)
FN:207,(anonymous_9)
FN:242,(anonymous_10)
FN:243,(anonymous_11)
FN:244,(anonymous_12)
FN:245,(anonymous_13)
FN:247,(anonymous_14)
FN:305,(anonymous_15)
FN:386,(anonymous_16)
FN:413,(anonymous_17)
FN:529,(anonymous_18)
FN:561,(anonymous_19)
FN:599,(anonymous_20)
FNF:21
FNH:0
FNDA:0,(anonymous_0)
FNDA:0,(anonymous_1)
FNDA:0,(anonymous_2)
FNDA:0,(anonymous_3)
FNDA:0,(anonymous_4)
FNDA:0,(anonymous_5)
FNDA:0,(anonymous_6)
FNDA:0,(anonymous_7)
FNDA:0,(anonymous_8)
FNDA:0,(anonymous_9)
FNDA:0,(anonymous_10)
FNDA:0,(anonymous_11)
FNDA:0,(anonymous_12)
FNDA:0,(anonymous_13)
FNDA:0,(anonymous_14)
FNDA:0,(anonymous_15)
FNDA:0,(anonymous_16)
FNDA:0,(anonymous_17)
FNDA:0,(anonymous_18)
FNDA:0,(anonymous_19)
FNDA:0,(anonymous_20)
DA:65,0
DA:71,0
DA:72,0
DA:73,0
DA:76,0
DA:77,0
DA:78,0
DA:79,0
DA:80,0
DA:83,0
DA:84,0
DA:85,0
DA:88,0
DA:89,0
DA:90,0
DA:92,0
DA:93,0
DA:94,0
DA:95,0
DA:96,0
DA:97,0
DA:102,0
DA:105,0
DA:107,0
DA:108,0
DA:109,0
DA:110,0
DA:113,0
DA:114,0
DA:115,0
DA:119,0
DA:120,0
DA:121,0
DA:122,0
DA:123,0
DA:127,0
DA:131,0
DA:132,0
DA:133,0
DA:134,0
DA:137,0
DA:142,0
DA:143,0
DA:145,0
DA:148,0
DA:150,0
DA:151,0
DA:152,0
DA:154,0
DA:157,0
DA:158,0
DA:163,0
DA:164,0
DA:166,0
DA:167,0
DA:168,0
DA:170,0
DA:171,0
DA:172,0
DA:175,0
DA:180,0
DA:181,0
DA:183,0
DA:184,0
DA:188,0
DA:190,0
DA:193,0
DA:195,0
DA:196,0
DA:199,0
DA:201,0
DA:202,0
DA:207,0
DA:208,0
DA:209,0
DA:214,0
DA:218,0
DA:219,0
DA:220,0
DA:225,0
DA:228,0
DA:229,0
DA:230,0
DA:233,0
DA:240,0
DA:241,0
DA:242,0
DA:243,0
DA:244,0
DA:245,0
DA:247,0
DA:252,0
DA:269,0
DA:271,0
DA:272,0
DA:276,0
DA:280,0
DA:282,0
DA:283,0
DA:288,0
DA:289,0
DA:291,0
DA:292,0
DA:297,0
DA:298,0
DA:300,0
DA:305,0
DA:306,0
DA:307,0
DA:312,0
DA:315,0
DA:316,0
DA:317,0
DA:320,0
DA:322,0
DA:323,0
DA:324,0
DA:325,0
DA:329,0
DA:331,0
DA:338,0
DA:340,0
DA:341,0
DA:344,0
DA:346,0
DA:347,0
DA:349,0
DA:350,0
DA:354,0
DA:356,0
DA:363,0
DA:365,0
DA:366,0
DA:368,0
DA:372,0
DA:373,0
DA:378,0
DA:379,0
DA:381,0
DA:386,0
DA:387,0
DA:389,0
DA:391,0
DA:392,0
DA:393,0
DA:394,0
DA:395,0
DA:396,0
DA:399,0
DA:400,0
DA:402,0
DA:408,0
DA:413,0
DA:414,0
DA:415,0
DA:420,0
DA:424,0
DA:425,0
DA:426,0
DA:431,0
DA:434,0
DA:435,0
DA:436,0
DA:440,0
DA:442,0
DA:443,0
DA:448,0
DA:452,0
DA:468,0
DA:469,0
DA:473,0
DA:482,0
DA:488,0
DA:489,0
DA:494,0
DA:495,0
DA:502,0
DA:503,0
DA:505,0
DA:506,0
DA:511,0
DA:512,0
DA:513,0
DA:515,0
DA:516,0
DA:521,0
DA:522,0
DA:524,0
DA:529,0
DA:530,0
DA:531,0
DA:537,0
DA:540,0
DA:541,0
DA:543,0
DA:544,0
DA:550,0
DA:552,0
DA:561,0
DA:562,0
DA:565,0
DA:594,0
DA:599,0
DA:600,0
DA:601,0
DA:602,0
DA:604,0
LF:207
LH:0
BRDA:90,0,0,0
BRDA:90,0,1,0
BRDA:93,1,0,0
BRDA:93,1,1,0
BRDA:98,2,0,0
BRDA:98,2,1,0
BRDA:132,3,0,0
BRDA:132,3,1,0
BRDA:132,4,0,0
BRDA:132,4,1,0
BRDA:132,4,2,0
BRDA:143,5,0,0
BRDA:143,5,1,0
BRDA:150,6,0,0
BRDA:150,6,1,0
BRDA:164,7,0,0
BRDA:164,7,1,0
BRDA:171,8,0,0
BRDA:171,8,1,0
BRDA:188,9,0,0
BRDA:188,9,1,0
BRDA:188,10,0,0
BRDA:188,10,1,0
BRDA:208,11,0,0
BRDA:208,11,1,0
BRDA:219,12,0,0
BRDA:219,12,1,0
BRDA:240,13,0,0
BRDA:240,13,1,0
BRDA:247,14,0,0
BRDA:247,14,1,0
BRDA:255,15,0,0
BRDA:255,15,1,0
BRDA:256,16,0,0
BRDA:256,16,1,0
BRDA:271,17,0,0
BRDA:271,17,1,0
BRDA:272,18,0,0
BRDA:272,18,1,0
BRDA:306,19,0,0
BRDA:306,19,1,0
BRDA:322,20,0,0
BRDA:322,20,1,0
BRDA:326,21,0,0
BRDA:326,21,1,0
BRDA:346,22,0,0
BRDA:346,22,1,0
BRDA:346,23,0,0
BRDA:346,23,1,0
BRDA:351,24,0,0
BRDA:351,24,1,0
BRDA:368,25,0,0
BRDA:368,25,1,0
BRDA:387,26,0,0
BRDA:387,26,1,0
BRDA:414,27,0,0
BRDA:414,27,1,0
BRDA:425,28,0,0
BRDA:425,28,1,0
BRDA:442,29,0,0
BRDA:442,29,1,0
BRDA:468,30,0,0
BRDA:468,30,1,0
BRDA:468,31,0,0
BRDA:468,31,1,0
BRDA:474,32,0,0
BRDA:474,32,1,0
BRDA:475,33,0,0
BRDA:475,33,1,0
BRDA:476,34,0,0
BRDA:476,34,1,0
BRDA:477,35,0,0
BRDA:477,35,1,0
BRDA:478,36,0,0
BRDA:478,36,1,0
BRDA:488,37,0,0
BRDA:488,37,1,0
BRDA:494,38,0,0
BRDA:494,38,1,0
BRDA:530,39,0,0
BRDA:530,39,1,0
BRDA:543,40,0,0
BRDA:543,40,1,0
BRDA:543,41,0,0
BRDA:543,41,1,0
BRDA:567,42,0,0
BRDA:567,42,1,0
BRDA:568,43,0,0
BRDA:568,43,1,0
BRDA:569,44,0,0
BRDA:569,44,1,0
BRDA:570,45,0,0
BRDA:570,45,1,0
BRDA:571,46,0,0
BRDA:571,46,1,0
BRDA:583,47,0,0
BRDA:583,47,1,0
BRDA:586,48,0,0
BRDA:586,48,1,0
BRDA:587,49,0,0
BRDA:587,49,1,0
BRDA:601,50,0,0
BRDA:601,50,1,0
BRF:103
BRH:0
end_of_record
TN:
SF:contexts\FavoritesContext.tsx
FN:118,(anonymous_0)
FN:119,(anonymous_1)
FN:120,(anonymous_2)
FN:121,(anonymous_3)
FN:122,(anonymous_4)
FN:123,(anonymous_5)
FN:124,(anonymous_6)
FN:125,(anonymous_7)
FN:126,(anonymous_8)
FN:127,(anonymous_9)
FN:142,(anonymous_10)
FN:147,(anonymous_11)
FN:175,(anonymous_12)
FN:188,(anonymous_13)
FN:193,(anonymous_14)
FN:207,(anonymous_15)
FN:213,(anonymous_16)
FN:223,(anonymous_17)
FN:239,(anonymous_18)
FN:250,(anonymous_19)
FN:275,(anonymous_20)
FN:286,(anonymous_21)
FN:339,(anonymous_22)
FN:383,(anonymous_23)
FN:401,(anonymous_24)
FN:418,(anonymous_25)
FN:447,(anonymous_26)
FN:449,(anonymous_27)
FN:455,(anonymous_28)
FN:471,(anonymous_29)
FN:473,(anonymous_30)
FN:476,(anonymous_31)
FN:477,(anonymous_32)
FN:480,(anonymous_33)
FN:485,(anonymous_34)
FN:493,(anonymous_35)
FN:503,(anonymous_36)
FN:529,(anonymous_37)
FN:533,(anonymous_38)
FN:534,(anonymous_39)
FN:560,(anonymous_40)
FNF:41
FNH:0
FNDA:0,(anonymous_0)
FNDA:0,(anonymous_1)
FNDA:0,(anonymous_2)
FNDA:0,(anonymous_3)
FNDA:0,(anonymous_4)
FNDA:0,(anonymous_5)
FNDA:0,(anonymous_6)
FNDA:0,(anonymous_7)
FNDA:0,(anonymous_8)
FNDA:0,(anonymous_9)
FNDA:0,(anonymous_10)
FNDA:0,(anonymous_11)
FNDA:0,(anonymous_12)
FNDA:0,(anonymous_13)
FNDA:0,(anonymous_14)
FNDA:0,(anonymous_15)
FNDA:0,(anonymous_16)
FNDA:0,(anonymous_17)
FNDA:0,(anonymous_18)
FNDA:0,(anonymous_19)
FNDA:0,(anonymous_20)
FNDA:0,(anonymous_21)
FNDA:0,(anonymous_22)
FNDA:0,(anonymous_23)
FNDA:0,(anonymous_24)
FNDA:0,(anonymous_25)
FNDA:0,(anonymous_26)
FNDA:0,(anonymous_27)
FNDA:0,(anonymous_28)
FNDA:0,(anonymous_29)
FNDA:0,(anonymous_30)
FNDA:0,(anonymous_31)
FNDA:0,(anonymous_32)
FNDA:0,(anonymous_33)
FNDA:0,(anonymous_34)
FNDA:0,(anonymous_35)
FNDA:0,(anonymous_36)
FNDA:0,(anonymous_37)
FNDA:0,(anonymous_38)
FNDA:0,(anonymous_39)
FNDA:0,(anonymous_40)
DA:115,0
DA:118,0
DA:119,0
DA:120,0
DA:121,0
DA:122,0
DA:123,0
DA:124,0
DA:125,0
DA:126,0
DA:127,0
DA:132,0
DA:135,0
DA:142,0
DA:143,0
DA:147,0
DA:150,0
DA:152,0
DA:153,0
DA:155,0
DA:156,0
DA:158,0
DA:159,0
DA:163,0
DA:164,0
DA:166,0
DA:175,0
DA:178,0
DA:179,0
DA:180,0
DA:182,0
DA:183,0
DA:184,0
DA:185,0
DA:188,0
DA:189,0
DA:193,0
DA:198,0
DA:202,0
DA:207,0
DA:208,0
DA:213,0
DA:223,0
DA:224,0
DA:225,0
DA:226,0
DA:229,0
DA:231,0
DA:234,0
DA:235,0
DA:239,0
DA:240,0
DA:241,0
DA:244,0
DA:247,0
DA:249,0
DA:250,0
DA:256,0
DA:259,0
DA:260,0
DA:261,0
DA:262,0
DA:268,0
DA:269,0
DA:271,0
DA:275,0
DA:276,0
DA:277,0
DA:282,0
DA:286,0
DA:287,0
DA:288,0
DA:294,0
DA:298,0
DA:299,0
DA:300,0
DA:305,0
DA:308,0
DA:309,0
DA:312,0
DA:313,0
DA:315,0
DA:316,0
DA:317,0
DA:319,0
DA:321,0
DA:327,0
DA:329,0
DA:330,0
DA:335,0
DA:339,0
DA:347,0
DA:351,0
DA:355,0
DA:356,0
DA:360,0
DA:361,0
DA:368,0
DA:371,0
DA:380,0
DA:383,0
DA:386,0
DA:388,0
DA:389,0
DA:390,0
DA:395,0
DA:398,0
DA:401,0
DA:403,0
DA:406,0
DA:412,0
DA:413,0
DA:414,0
DA:417,0
DA:418,0
DA:422,0
DA:423,0
DA:424,0
DA:429,0
DA:435,0
DA:437,0
DA:438,0
DA:443,0
DA:447,0
DA:448,0
DA:449,0
DA:450,0
DA:451,0
DA:454,0
DA:455,0
DA:458,0
DA:464,0
DA:466,0
DA:467,0
DA:471,0
DA:472,0
DA:473,0
DA:476,0
DA:477,0
DA:480,0
DA:484,0
DA:485,0
DA:486,0
DA:488,0
DA:489,0
DA:492,0
DA:493,0
DA:496,0
DA:498,0
DA:499,0
DA:503,0
DA:504,0
DA:505,0
DA:506,0
DA:509,0
DA:510,0
DA:513,0
DA:519,0
DA:521,0
DA:525,0
DA:529,0
DA:530,0
DA:533,0
DA:534,0
DA:537,0
DA:553,0
DA:560,0
DA:561,0
DA:562,0
DA:563,0
DA:565,0
LF:171
LH:0
BRDA:150,0,0,0
BRDA:150,0,1,0
BRDA:150,0,2,0
BRDA:150,0,3,0
BRDA:150,0,4,0
BRDA:198,1,0,0
BRDA:198,1,1,0
BRDA:225,2,0,0
BRDA:225,2,1,0
BRDA:249,3,0,0
BRDA:249,3,1,0
BRDA:259,4,0,0
BRDA:259,4,1,0
BRDA:259,5,0,0
BRDA:259,5,1,0
BRDA:287,6,0,0
BRDA:287,6,1,0
BRDA:299,7,0,0
BRDA:299,7,1,0
BRDA:347,8,0,0
BRDA:347,8,1,0
BRDA:360,9,0,0
BRDA:360,9,1,0
BRDA:389,10,0,0
BRDA:389,10,1,0
BRDA:393,11,0,0
BRDA:393,11,1,0
BRDA:401,12,0,0
BRDA:401,12,1,0
BRDA:417,13,0,0
BRDA:417,13,1,0
BRDA:417,14,0,0
BRDA:417,14,1,0
BRDA:431,15,0,0
BRDA:431,15,1,0
BRDA:454,16,0,0
BRDA:454,16,1,0
BRDA:454,17,0,0
BRDA:454,17,1,0
BRDA:460,18,0,0
BRDA:460,18,1,0
BRDA:486,19,0,0
BRDA:486,19,1,0
BRDA:492,20,0,0
BRDA:492,20,1,0
BRDA:492,21,0,0
BRDA:492,21,1,0
BRDA:509,22,0,0
BRDA:509,22,1,0
BRDA:509,23,0,0
BRDA:509,23,1,0
BRDA:562,24,0,0
BRDA:562,24,1,0
BRF:53
BRH:0
end_of_record
TN:
SF:contexts\PremiumContext.tsx
FN:74,(anonymous_0)
FN:75,(anonymous_1)
FN:76,(anonymous_2)
FN:77,(anonymous_3)
FN:78,(anonymous_4)
FN:79,(anonymous_5)
FN:80,(anonymous_6)
FN:81,(anonymous_7)
FN:82,(anonymous_8)
FN:102,(anonymous_9)
FN:110,(anonymous_10)
FN:115,(anonymous_11)
FN:116,(anonymous_12)
FN:175,(anonymous_13)
FN:178,(anonymous_14)
FN:224,(anonymous_15)
FN:228,(anonymous_16)
FN:283,(anonymous_17)
FN:303,(anonymous_18)
FN:307,(anonymous_19)
FN:314,(anonymous_20)
FN:363,(anonymous_21)
FN:384,(anonymous_22)
FN:431,(anonymous_23)
FN:572,(anonymous_24)
FN:581,(anonymous_25)
FN:587,(anonymous_26)
FNF:27
FNH:0
FNDA:0,(anonymous_0)
FNDA:0,(anonymous_1)
FNDA:0,(anonymous_2)
FNDA:0,(anonymous_3)
FNDA:0,(anonymous_4)
FNDA:0,(anonymous_5)
FNDA:0,(anonymous_6)
FNDA:0,(anonymous_7)
FNDA:0,(anonymous_8)
FNDA:0,(anonymous_9)
FNDA:0,(anonymous_10)
FNDA:0,(anonymous_11)
FNDA:0,(anonymous_12)
FNDA:0,(anonymous_13)
FNDA:0,(anonymous_14)
FNDA:0,(anonymous_15)
FNDA:0,(anonymous_16)
FNDA:0,(anonymous_17)
FNDA:0,(anonymous_18)
FNDA:0,(anonymous_19)
FNDA:0,(anonymous_20)
FNDA:0,(anonymous_21)
FNDA:0,(anonymous_22)
FNDA:0,(anonymous_23)
FNDA:0,(anonymous_24)
FNDA:0,(anonymous_25)
FNDA:0,(anonymous_26)
DA:61,0
DA:71,0
DA:77,0
DA:78,0
DA:79,0
DA:82,0
DA:89,0
DA:92,0
DA:102,0
DA:105,0
DA:106,0
DA:107,0
DA:110,0
DA:111,0
DA:115,0
DA:116,0
DA:117,0
DA:119,0
DA:121,0
DA:125,0
DA:126,0
DA:130,0
DA:131,0
DA:135,0
DA:136,0
DA:140,0
DA:141,0
DA:142,0
DA:146,0
DA:147,0
DA:165,0
DA:170,0
DA:173,0
DA:175,0
DA:178,0
DA:179,0
DA:180,0
DA:182,0
DA:183,0
DA:184,0
DA:188,0
DA:190,0
DA:210,0
DA:218,0
DA:220,0
DA:224,0
DA:225,0
DA:228,0
DA:232,0
DA:233,0
DA:236,0
DA:239,0
DA:241,0
DA:242,0
DA:244,0
DA:245,0
DA:247,0
DA:248,0
DA:250,0
DA:254,0
DA:264,0
DA:267,0
DA:277,0
DA:279,0
DA:283,0
DA:284,0
DA:286,0
DA:287,0
DA:288,0
DA:289,0
DA:290,0
DA:292,0
DA:296,0
DA:303,0
DA:304,0
DA:307,0
DA:310,0
DA:314,0
DA:315,0
DA:317,0
DA:319,0
DA:323,0
DA:324,0
DA:327,0
DA:328,0
DA:332,0
DA:333,0
DA:337,0
DA:338,0
DA:339,0
DA:343,0
DA:344,0
DA:354,0
DA:357,0
DA:358,0
DA:363,0
DA:364,0
DA:370,0
DA:371,0
DA:372,0
DA:375,0
DA:379,0
DA:384,0
DA:385,0
DA:387,0
DA:389,0
DA:395,0
DA:396,0
DA:397,0
DA:406,0
DA:412,0
DA:415,0
DA:426,0
DA:431,0
DA:437,0
DA:441,0
DA:442,0
DA:443,0
DA:444,0
DA:445,0
DA:446,0
DA:448,0
DA:450,0
DA:463,0
DA:464,0
DA:465,0
DA:466,0
DA:467,0
DA:468,0
DA:469,0
DA:471,0
DA:473,0
DA:485,0
DA:488,0
DA:489,0
DA:502,0
DA:503,0
DA:505,0
DA:511,0
DA:512,0
DA:516,0
DA:517,0
DA:519,0
DA:521,0
DA:537,0
DA:542,0
DA:543,0
DA:550,0
DA:564,0
DA:572,0
DA:573,0
DA:574,0
DA:575,0
DA:577,0
DA:581,0
DA:582,0
DA:583,0
DA:587,0
DA:588,0
DA:589,0
LF:160
LH:0
BRDA:121,0,0,0
BRDA:121,0,1,0
BRDA:131,1,0,0
BRDA:131,1,1,0
BRDA:131,2,0,0
BRDA:131,2,1,0
BRDA:142,3,0,0
BRDA:142,3,1,0
BRDA:183,4,0,0
BRDA:183,4,1,0
BRDA:188,5,0,0
BRDA:188,5,1,0
BRDA:188,5,2,0
BRDA:192,6,0,0
BRDA:192,6,1,0
BRDA:196,7,0,0
BRDA:196,7,1,0
BRDA:239,8,0,0
BRDA:239,8,1,0
BRDA:239,8,2,0
BRDA:239,8,3,0
BRDA:288,9,0,0
BRDA:288,9,1,0
BRDA:304,10,0,0
BRDA:304,10,1,0
BRDA:319,11,0,0
BRDA:319,11,1,0
BRDA:328,12,0,0
BRDA:328,12,1,0
BRDA:328,13,0,0
BRDA:328,13,1,0
BRDA:339,14,0,0
BRDA:339,14,1,0
BRDA:387,15,0,0
BRDA:387,15,1,0
BRDA:398,16,0,0
BRDA:398,16,1,0
BRDA:399,17,0,0
BRDA:399,17,1,0
BRDA:401,18,0,0
BRDA:401,18,1,0
BRDA:442,19,0,0
BRDA:442,19,1,0
BRDA:444,20,0,0
BRDA:444,20,1,0
BRDA:444,21,0,0
BRDA:444,21,1,0
BRDA:448,22,0,0
BRDA:448,22,1,0
BRDA:465,23,0,0
BRDA:465,23,1,0
BRDA:465,24,0,0
BRDA:465,24,1,0
BRDA:467,25,0,0
BRDA:467,25,1,0
BRDA:467,26,0,0
BRDA:467,26,1,0
BRDA:471,27,0,0
BRDA:471,27,1,0
BRDA:485,28,0,0
BRDA:485,28,1,0
BRDA:488,29,0,0
BRDA:488,29,1,0
BRDA:505,30,0,0
BRDA:505,30,1,0
BRDA:506,31,0,0
BRDA:506,31,1,0
BRDA:506,31,2,0
BRDA:506,31,3,0
BRDA:512,32,0,0
BRDA:512,32,1,0
BRDA:513,33,0,0
BRDA:513,33,1,0
BRDA:519,34,0,0
BRDA:519,34,1,0
BRDA:574,35,0,0
BRDA:574,35,1,0
BRF:77
BRH:0
end_of_record
TN:
SF:contexts\SettingsContext.tsx
FN:155,(anonymous_0)
FN:156,(anonymous_1)
FN:157,(anonymous_2)
FN:158,(anonymous_3)
FN:159,(anonymous_4)
FN:160,(anonymous_5)
FN:161,(anonymous_6)
FN:162,(anonymous_7)
FN:163,(anonymous_8)
FN:164,(anonymous_9)
FN:165,(anonymous_10)
FN:166,(anonymous_11)
FN:167,(anonymous_12)
FN:168,(anonymous_13)
FN:169,(anonymous_14)
FN:170,(anonymous_15)
FN:171,(anonymous_16)
FN:172,(anonymous_17)
FN:173,(anonymous_18)
FN:174,(anonymous_19)
FN:175,(anonymous_20)
FN:176,(anonymous_21)
FN:177,(anonymous_22)
FN:178,(anonymous_23)
FN:179,(anonymous_24)
FN:181,(anonymous_25)
FN:182,(anonymous_26)
FN:189,(anonymous_27)
FN:250,(anonymous_28)
FN:317,(anonymous_29)
FN:340,(anonymous_30)
FN:398,(anonymous_31)
FN:425,(anonymous_32)
FN:467,(anonymous_33)
FN:468,(anonymous_34)
FN:675,(anonymous_35)
FN:676,(anonymous_36)
FN:690,(anonymous_37)
FN:695,(anonymous_38)
FN:699,(anonymous_39)
FN:732,(anonymous_40)
FN:741,(anonymous_41)
FN:750,(anonymous_42)
FN:760,(anonymous_43)
FN:838,(anonymous_44)
FN:851,(anonymous_45)
FN:863,(anonymous_46)
FN:875,(anonymous_47)
FN:887,(anonymous_48)
FN:931,(anonymous_49)
FN:950,(anonymous_50)
FN:970,(anonymous_51)
FN:994,(anonymous_52)
FN:1010,(anonymous_53)
FN:1031,(anonymous_54)
FN:1040,(anonymous_55)
FN:1052,(anonymous_56)
FN:1064,(anonymous_57)
FN:1076,(anonymous_58)
FN:1088,(anonymous_59)
FN:1100,(anonymous_60)
FN:1112,(anonymous_61)
FN:1124,(anonymous_62)
FN:1147,(anonymous_63)
FN:1151,(anonymous_64)
FN:1156,(anonymous_65)
FN:1160,(anonymous_66)
FN:1164,(anonymous_67)
FN:1168,(anonymous_68)
FN:1174,(anonymous_69)
FN:1186,(anonymous_70)
FN:1202,(anonymous_71)
FN:1211,(anonymous_72)
FNF:73
FNH:0
FNDA:0,(anonymous_0)
FNDA:0,(anonymous_1)
FNDA:0,(anonymous_2)
FNDA:0,(anonymous_3)
FNDA:0,(anonymous_4)
FNDA:0,(anonymous_5)
FNDA:0,(anonymous_6)
FNDA:0,(anonymous_7)
FNDA:0,(anonymous_8)
FNDA:0,(anonymous_9)
FNDA:0,(anonymous_10)
FNDA:0,(anonymous_11)
FNDA:0,(anonymous_12)
FNDA:0,(anonymous_13)
FNDA:0,(anonymous_14)
FNDA:0,(anonymous_15)
FNDA:0,(anonymous_16)
FNDA:0,(anonymous_17)
FNDA:0,(anonymous_18)
FNDA:0,(anonymous_19)
FNDA:0,(anonymous_20)
FNDA:0,(anonymous_21)
FNDA:0,(anonymous_22)
FNDA:0,(anonymous_23)
FNDA:0,(anonymous_24)
FNDA:0,(anonymous_25)
FNDA:0,(anonymous_26)
FNDA:0,(anonymous_27)
FNDA:0,(anonymous_28)
FNDA:0,(anonymous_29)
FNDA:0,(anonymous_30)
FNDA:0,(anonymous_31)
FNDA:0,(anonymous_32)
FNDA:0,(anonymous_33)
FNDA:0,(anonymous_34)
FNDA:0,(anonymous_35)
FNDA:0,(anonymous_36)
FNDA:0,(anonymous_37)
FNDA:0,(anonymous_38)
FNDA:0,(anonymous_39)
FNDA:0,(anonymous_40)
FNDA:0,(anonymous_41)
FNDA:0,(anonymous_42)
FNDA:0,(anonymous_43)
FNDA:0,(anonymous_44)
FNDA:0,(anonymous_45)
FNDA:0,(anonymous_46)
FNDA:0,(anonymous_47)
FNDA:0,(anonymous_48)
FNDA:0,(anonymous_49)
FNDA:0,(anonymous_50)
FNDA:0,(anonymous_51)
FNDA:0,(anonymous_52)
FNDA:0,(anonymous_53)
FNDA:0,(anonymous_54)
FNDA:0,(anonymous_55)
FNDA:0,(anonymous_56)
FNDA:0,(anonymous_57)
FNDA:0,(anonymous_58)
FNDA:0,(anonymous_59)
FNDA:0,(anonymous_60)
FNDA:0,(anonymous_61)
FNDA:0,(anonymous_62)
FNDA:0,(anonymous_63)
FNDA:0,(anonymous_64)
FNDA:0,(anonymous_65)
FNDA:0,(anonymous_66)
FNDA:0,(anonymous_67)
FNDA:0,(anonymous_68)
FNDA:0,(anonymous_69)
FNDA:0,(anonymous_70)
FNDA:0,(anonymous_71)
FNDA:0,(anonymous_72)
DA:16,0
DA:123,0
DA:187,0
DA:189,0
DA:194,0
DA:195,0
DA:196,0
DA:198,0
DA:199,0
DA:200,0
DA:201,0
DA:202,0
DA:203,0
DA:204,0
DA:205,0
DA:206,0
DA:207,0
DA:208,0
DA:209,0
DA:210,0
DA:211,0
DA:212,0
DA:215,0
DA:216,0
DA:217,0
DA:220,0
DA:221,0
DA:222,0
DA:225,0
DA:228,0
DA:231,0
DA:234,0
DA:237,0
DA:238,0
DA:241,0
DA:242,0
DA:243,0
DA:247,0
DA:250,0
DA:251,0
DA:317,0
DA:318,0
DA:320,0
DA:321,0
DA:322,0
DA:324,0
DA:325,0
DA:327,0
DA:328,0
DA:329,0
DA:331,0
DA:334,0
DA:336,0
DA:340,0
DA:341,0
DA:342,0
DA:344,0
DA:346,0
DA:347,0
DA:348,0
DA:351,0
DA:352,0
DA:354,0
DA:359,0
DA:365,0
DA:366,0
DA:368,0
DA:369,0
DA:371,0
DA:372,0
DA:374,0
DA:375,0
DA:376,0
DA:377,0
DA:380,0
DA:381,0
DA:383,0
DA:384,0
DA:389,0
DA:390,0
DA:393,0
DA:395,0
DA:398,0
DA:399,0
DA:400,0
DA:403,0
DA:408,0
DA:409,0
DA:412,0
DA:415,0
DA:416,0
DA:417,0
DA:421,0
DA:425,0
DA:426,0
DA:427,0
DA:428,0
DA:430,0
DA:431,0
DA:432,0
DA:433,0
DA:434,0
DA:435,0
DA:438,0
DA:442,0
DA:447,0
DA:448,0
DA:450,0
DA:451,0
DA:452,0
DA:454,0
DA:459,0
DA:460,0
DA:461,0
DA:463,0
DA:467,0
DA:468,0
DA:495,0
DA:523,0
DA:524,0
DA:531,0
DA:537,0
DA:538,0
DA:542,0
DA:543,0
DA:544,0
DA:547,0
DA:548,0
DA:551,0
DA:552,0
DA:555,0
DA:560,0
DA:561,0
DA:562,0
DA:563,0
DA:564,0
DA:565,0
DA:568,0
DA:569,0
DA:570,0
DA:571,0
DA:572,0
DA:573,0
DA:574,0
DA:575,0
DA:578,0
DA:579,0
DA:582,0
DA:583,0
DA:584,0
DA:585,0
DA:588,0
DA:589,0
DA:590,0
DA:591,0
DA:594,0
DA:595,0
DA:598,0
DA:599,0
DA:600,0
DA:601,0
DA:605,0
DA:607,0
DA:608,0
DA:612,0
DA:613,0
DA:615,0
DA:616,0
DA:620,0
DA:621,0
DA:623,0
DA:624,0
DA:631,0
DA:632,0
DA:634,0
DA:635,0
DA:637,0
DA:638,0
DA:642,0
DA:643,0
DA:644,0
DA:645,0
DA:646,0
DA:649,0
DA:652,0
DA:656,0
DA:658,0
DA:663,0
DA:664,0
DA:671,0
DA:675,0
DA:676,0
DA:677,0
DA:678,0
DA:679,0
DA:680,0
DA:683,0
DA:686,0
DA:690,0
DA:692,0
DA:695,0
DA:696,0
DA:699,0
DA:732,0
DA:733,0
DA:734,0
DA:735,0
DA:737,0
DA:741,0
DA:742,0
DA:743,0
DA:744,0
DA:746,0
DA:750,0
DA:751,0
DA:752,0
DA:753,0
DA:755,0
DA:760,0
DA:761,0
DA:762,0
DA:765,0
DA:767,0
DA:773,0
DA:774,0
DA:777,0
DA:799,0
DA:803,0
DA:839,0
DA:840,0
DA:844,0
DA:845,0
DA:848,0
DA:852,0
DA:853,0
DA:856,0
DA:857,0
DA:860,0
DA:864,0
DA:865,0
DA:868,0
DA:869,0
DA:872,0
DA:876,0
DA:877,0
DA:878,0
DA:879,0
DA:881,0
DA:882,0
DA:886,0
DA:887,0
DA:888,0
DA:889,0
DA:893,0
DA:894,0
DA:898,0
DA:899,0
DA:902,0
DA:905,0
DA:907,0
DA:916,0
DA:917,0
DA:922,0
DA:923,0
DA:930,0
DA:931,0
DA:932,0
DA:936,0
DA:940,0
DA:943,0
DA:947,0
DA:950,0
DA:953,0
DA:956,0
DA:959,0
DA:962,0
DA:971,0
DA:972,0
DA:973,0
DA:976,0
DA:977,0
DA:978,0
DA:979,0
DA:984,0
DA:993,0
DA:994,0
DA:995,0
DA:996,0
DA:1002,0
DA:1003,0
DA:1007,0
DA:1010,0
DA:1013,0
DA:1017,0
DA:1018,0
DA:1023,0
DA:1032,0
DA:1033,0
DA:1036,0
DA:1037,0
DA:1041,0
DA:1042,0
DA:1045,0
DA:1046,0
DA:1049,0
DA:1053,0
DA:1054,0
DA:1057,0
DA:1058,0
DA:1061,0
DA:1065,0
DA:1066,0
DA:1069,0
DA:1070,0
DA:1073,0
DA:1077,0
DA:1078,0
DA:1081,0
DA:1082,0
DA:1085,0
DA:1089,0
DA:1090,0
DA:1093,0
DA:1094,0
DA:1097,0
DA:1101,0
DA:1102,0
DA:1105,0
DA:1106,0
DA:1109,0
DA:1113,0
DA:1114,0
DA:1117,0
DA:1118,0
DA:1121,0
DA:1125,0
DA:1126,0
DA:1129,0
DA:1133,0
DA:1134,0
DA:1139,0
DA:1141,0
DA:1142,0
DA:1144,0
DA:1148,0
DA:1149,0
DA:1152,0
DA:1153,0
DA:1157,0
DA:1158,0
DA:1161,0
DA:1162,0
DA:1165,0
DA:1166,0
DA:1169,0
DA:1170,0
DA:1175,0
DA:1176,0
DA:1177,0
DA:1180,0
DA:1181,0
DA:1183,0
DA:1187,0
DA:1188,0
DA:1189,0
DA:1194,0
DA:1202,0
DA:1203,0
DA:1204,0
DA:1205,0
DA:1207,0
DA:1211,0
DA:1212,0
DA:1213,0
LF:374
LH:0
BRDA:247,0,0,0
BRDA:247,0,1,0
BRDA:247,1,0,0
BRDA:247,1,1,0
BRDA:254,2,0,0
BRDA:254,2,1,0
BRDA:255,3,0,0
BRDA:255,3,1,0
BRDA:256,4,0,0
BRDA:256,4,1,0
BRDA:257,5,0,0
BRDA:257,5,1,0
BRDA:258,6,0,0
BRDA:258,6,1,0
BRDA:318,7,0,0
BRDA:318,7,1,0
BRDA:318,8,0,0
BRDA:318,8,1,0
BRDA:327,9,0,0
BRDA:327,9,1,0
BRDA:346,10,0,0
BRDA:346,10,1,0
BRDA:346,11,0,0
BRDA:346,11,1,0
BRDA:351,12,0,0
BRDA:351,12,1,0
BRDA:354,13,0,0
BRDA:354,13,1,0
BRDA:355,14,0,0
BRDA:355,14,1,0
BRDA:355,14,2,0
BRDA:365,15,0,0
BRDA:365,15,1,0
BRDA:368,16,0,0
BRDA:368,16,1,0
BRDA:371,17,0,0
BRDA:371,17,1,0
BRDA:374,18,0,0
BRDA:374,18,1,0
BRDA:376,19,0,0
BRDA:376,19,1,0
BRDA:380,20,0,0
BRDA:380,20,1,0
BRDA:383,21,0,0
BRDA:383,21,1,0
BRDA:405,22,0,0
BRDA:405,22,1,0
BRDA:408,23,0,0
BRDA:408,23,1,0
BRDA:415,24,0,0
BRDA:415,24,1,0
BRDA:431,25,0,0
BRDA:431,25,1,0
BRDA:450,26,0,0
BRDA:450,26,1,0
BRDA:450,27,0,0
BRDA:450,27,1,0
BRDA:450,27,2,0
BRDA:524,28,0,0
BRDA:524,28,1,0
BRDA:525,29,0,0
BRDA:525,29,1,0
BRDA:525,29,2,0
BRDA:525,29,3,0
BRDA:525,29,4,0
BRDA:537,30,0,0
BRDA:537,30,1,0
BRDA:542,31,0,0
BRDA:542,31,1,0
BRDA:547,32,0,0
BRDA:547,32,1,0
BRDA:547,33,0,0
BRDA:547,33,1,0
BRDA:560,34,0,0
BRDA:560,34,1,0
BRDA:562,35,0,0
BRDA:562,35,1,0
BRDA:563,36,0,0
BRDA:563,36,1,0
BRDA:564,37,0,0
BRDA:564,37,1,0
BRDA:568,38,0,0
BRDA:568,38,1,0
BRDA:571,39,0,0
BRDA:571,39,1,0
BRDA:572,40,0,0
BRDA:572,40,1,0
BRDA:574,41,0,0
BRDA:574,41,1,0
BRDA:578,42,0,0
BRDA:578,42,1,0
BRDA:582,43,0,0
BRDA:582,43,1,0
BRDA:584,44,0,0
BRDA:584,44,1,0
BRDA:588,45,0,0
BRDA:588,45,1,0
BRDA:590,46,0,0
BRDA:590,46,1,0
BRDA:594,47,0,0
BRDA:594,47,1,0
BRDA:598,48,0,0
BRDA:598,48,1,0
BRDA:600,49,0,0
BRDA:600,49,1,0
BRDA:605,50,0,0
BRDA:605,50,1,0
BRDA:612,51,0,0
BRDA:612,51,1,0
BRDA:615,52,0,0
BRDA:615,52,1,0
BRDA:620,53,0,0
BRDA:620,53,1,0
BRDA:623,54,0,0
BRDA:623,54,1,0
BRDA:631,55,0,0
BRDA:631,55,1,0
BRDA:634,56,0,0
BRDA:634,56,1,0
BRDA:637,57,0,0
BRDA:637,57,1,0
BRDA:642,58,0,0
BRDA:642,58,1,0
BRDA:645,59,0,0
BRDA:645,59,1,0
BRDA:645,60,0,0
BRDA:645,60,1,0
BRDA:645,60,2,0
BRDA:658,61,0,0
BRDA:658,61,1,0
BRDA:679,62,0,0
BRDA:679,62,1,0
BRDA:679,63,0,0
BRDA:679,63,1,0
BRDA:692,64,0,0
BRDA:692,64,1,0
BRDA:692,65,0,0
BRDA:692,65,1,0
BRDA:692,65,2,0
BRDA:743,66,0,0
BRDA:743,66,1,0
BRDA:752,67,0,0
BRDA:752,67,1,0
BRDA:761,68,0,0
BRDA:761,68,1,0
BRDA:761,69,0,0
BRDA:761,69,1,0
BRDA:761,69,2,0
BRDA:767,70,0,0
BRDA:767,70,1,0
BRDA:767,71,0,0
BRDA:767,71,1,0
BRDA:769,72,0,0
BRDA:769,72,1,0
BRDA:773,73,0,0
BRDA:773,73,1,0
BRDA:844,74,0,0
BRDA:844,74,1,0
BRDA:844,75,0,0
BRDA:844,75,1,0
BRDA:844,75,2,0
BRDA:848,76,0,0
BRDA:848,76,1,0
BRDA:856,77,0,0
BRDA:856,77,1,0
BRDA:856,78,0,0
BRDA:856,78,1,0
BRDA:856,78,2,0
BRDA:860,79,0,0
BRDA:860,79,1,0
BRDA:868,80,0,0
BRDA:868,80,1,0
BRDA:868,81,0,0
BRDA:868,81,1,0
BRDA:868,81,2,0
BRDA:872,82,0,0
BRDA:872,82,1,0
BRDA:877,83,0,0
BRDA:877,83,1,0
BRDA:877,84,0,0
BRDA:877,84,1,0
BRDA:886,85,0,0
BRDA:886,85,1,0
BRDA:893,86,0,0
BRDA:893,86,1,0
BRDA:893,87,0,0
BRDA:893,87,1,0
BRDA:907,88,0,0
BRDA:907,88,1,0
BRDA:907,89,0,0
BRDA:907,89,1,0
BRDA:909,90,0,0
BRDA:909,90,1,0
BRDA:916,91,0,0
BRDA:916,91,1,0
BRDA:976,92,0,0
BRDA:976,92,1,0
BRDA:976,93,0,0
BRDA:976,93,1,0
BRDA:993,94,0,0
BRDA:993,94,1,0
BRDA:1002,95,0,0
BRDA:1002,95,1,0
BRDA:1002,96,0,0
BRDA:1002,96,1,0
BRDA:1036,97,0,0
BRDA:1036,97,1,0
BRDA:1036,98,0,0
BRDA:1036,98,1,0
BRDA:1045,99,0,0
BRDA:1045,99,1,0
BRDA:1045,100,0,0
BRDA:1045,100,1,0
BRDA:1045,100,2,0
BRDA:1049,101,0,0
BRDA:1049,101,1,0
BRDA:1057,102,0,0
BRDA:1057,102,1,0
BRDA:1057,103,0,0
BRDA:1057,103,1,0
BRDA:1057,103,2,0
BRDA:1061,104,0,0
BRDA:1061,104,1,0
BRDA:1069,105,0,0
BRDA:1069,105,1,0
BRDA:1069,106,0,0
BRDA:1069,106,1,0
BRDA:1069,106,2,0
BRDA:1073,107,0,0
BRDA:1073,107,1,0
BRDA:1081,108,0,0
BRDA:1081,108,1,0
BRDA:1081,109,0,0
BRDA:1081,109,1,0
BRDA:1081,109,2,0
BRDA:1085,110,0,0
BRDA:1085,110,1,0
BRDA:1093,111,0,0
BRDA:1093,111,1,0
BRDA:1093,112,0,0
BRDA:1093,112,1,0
BRDA:1093,112,2,0
BRDA:1097,113,0,0
BRDA:1097,113,1,0
BRDA:1105,114,0,0
BRDA:1105,114,1,0
BRDA:1105,115,0,0
BRDA:1105,115,1,0
BRDA:1105,115,2,0
BRDA:1109,116,0,0
BRDA:1109,116,1,0
BRDA:1117,117,0,0
BRDA:1117,117,1,0
BRDA:1117,118,0,0
BRDA:1117,118,1,0
BRDA:1117,118,2,0
BRDA:1121,119,0,0
BRDA:1121,119,1,0
BRDA:1133,120,0,0
BRDA:1133,120,1,0
BRDA:1133,121,0,0
BRDA:1133,121,1,0
BRDA:1133,121,2,0
BRDA:1144,122,0,0
BRDA:1144,122,1,0
BRDA:1149,123,0,0
BRDA:1149,123,1,0
BRDA:1204,124,0,0
BRDA:1204,124,1,0
BRF:269
BRH:0
end_of_record
TN:
SF:contexts\ToastContext.tsx
FN:17,(anonymous_0)
FN:20,(anonymous_1)
FN:27,(anonymous_2)
FN:30,(anonymous_3)
FN:31,(anonymous_4)
FN:31,(anonymous_5)
FN:38,(anonymous_6)
FN:57,(anonymous_7)
FNF:8
FNH:0
FNDA:0,(anonymous_0)
FNDA:0,(anonymous_1)
FNDA:0,(anonymous_2)
FNDA:0,(anonymous_3)
FNDA:0,(anonymous_4)
FNDA:0,(anonymous_5)
FNDA:0,(anonymous_6)
FNDA:0,(anonymous_7)
DA:11,0
DA:17,0
DA:18,0
DA:20,0
DA:21,0
DA:22,0
DA:27,0
DA:30,0
DA:31,0
DA:34,0
DA:39,0
DA:46,0
DA:57,0
DA:58,0
DA:59,0
DA:60,0
DA:62,0
LF:17
LH:0
BRDA:59,0,0,0
BRDA:59,0,1,0
BRF:2
BRH:0
end_of_record
TN:
SF:hooks\useAudioPlayer.ts
FN:71,audioReducer
FN:141,useAudioPlayer
FN:147,(anonymous_2)
FN:155,(anonymous_3)
FN:159,(anonymous_4)
FN:163,(anonymous_5)
FN:167,(anonymous_6)
FN:171,(anonymous_7)
FN:175,(anonymous_8)
FN:179,(anonymous_9)
FN:183,(anonymous_10)
FN:188,(anonymous_11)
FN:192,(anonymous_12)
FN:196,(anonymous_13)
FN:200,(anonymous_14)
FN:204,(anonymous_15)
FN:208,(anonymous_16)
FN:213,(anonymous_17)
FN:217,(anonymous_18)
FN:223,(anonymous_19)
FN:233,(anonymous_20)
FNF:21
FNH:0
FNDA:0,audioReducer
FNDA:0,useAudioPlayer
FNDA:0,(anonymous_2)
FNDA:0,(anonymous_3)
FNDA:0,(anonymous_4)
FNDA:0,(anonymous_5)
FNDA:0,(anonymous_6)
FNDA:0,(anonymous_7)
FNDA:0,(anonymous_8)
FNDA:0,(anonymous_9)
FNDA:0,(anonymous_10)
FNDA:0,(anonymous_11)
FNDA:0,(anonymous_12)
FNDA:0,(anonymous_13)
FNDA:0,(anonymous_14)
FNDA:0,(anonymous_15)
FNDA:0,(anonymous_16)
FNDA:0,(anonymous_17)
FNDA:0,(anonymous_18)
FNDA:0,(anonymous_19)
FNDA:0,(anonymous_20)
DA:53,0
DA:72,0
DA:74,0
DA:76,0
DA:78,0
DA:80,0
DA:82,0
DA:84,0
DA:86,0
DA:88,0
DA:90,0
DA:92,0
DA:94,0
DA:96,0
DA:98,0
DA:100,0
DA:102,0
DA:108,0
DA:114,0
DA:126,0
DA:136,0
DA:142,0
DA:143,0
DA:144,0
DA:147,0
DA:148,0
DA:149,0
DA:150,0
DA:151,0
DA:155,0
DA:156,0
DA:159,0
DA:160,0
DA:163,0
DA:164,0
DA:167,0
DA:168,0
DA:171,0
DA:172,0
DA:175,0
DA:176,0
DA:179,0
DA:180,0
DA:183,0
DA:184,0
DA:188,0
DA:189,0
DA:192,0
DA:193,0
DA:196,0
DA:197,0
DA:200,0
DA:201,0
DA:204,0
DA:205,0
DA:208,0
DA:209,0
DA:213,0
DA:214,0
DA:217,0
DA:218,0
DA:222,0
DA:224,0
DA:232,0
DA:234,0
DA:242,0
LF:66
LH:0
BRDA:72,0,0,0
BRDA:72,0,1,0
BRDA:72,0,2,0
BRDA:72,0,3,0
BRDA:72,0,4,0
BRDA:72,0,5,0
BRDA:72,0,6,0
BRDA:72,0,7,0
BRDA:72,0,8,0
BRDA:72,0,9,0
BRDA:72,0,10,0
BRDA:72,0,11,0
BRDA:72,0,12,0
BRDA:72,0,13,0
BRDA:72,0,14,0
BRDA:72,0,15,0
BRDA:72,0,16,0
BRDA:72,0,17,0
BRDA:72,0,18,0
BRF:19
BRH:0
end_of_record
TN:
SF:hooks\useCitySearch.ts
FN:17,useCitySearch
FN:23,searchCity
FN:30,(anonymous_2)
FN:55,(anonymous_3)
FN:56,(anonymous_4)
FNF:5
FNH:0
FNDA:0,useCitySearch
FNDA:0,searchCity
FNDA:0,(anonymous_2)
FNDA:0,(anonymous_3)
FNDA:0,(anonymous_4)
DA:18,0
DA:19,0
DA:20,0
DA:21,0
DA:24,0
DA:25,0
DA:26,0
DA:27,0
DA:29,0
DA:30,0
DA:31,0
DA:32,0
DA:33,0
DA:34,0
DA:35,0
DA:36,0
DA:37,0
DA:39,0
DA:40,0
DA:41,0
DA:45,0
DA:50,0
DA:51,0
DA:54,0
DA:56,0
DA:58,0
DA:60,0
DA:62,0
DA:67,0
LF:29
LH:0
BRDA:21,0,0,0
BRDA:21,0,1,0
BRDA:24,1,0,0
BRDA:24,1,1,0
BRDA:25,2,0,0
BRDA:25,2,1,0
BRDA:25,3,0,0
BRDA:25,3,1,0
BRDA:35,4,0,0
BRDA:35,4,1,0
BRDA:37,5,0,0
BRDA:37,5,1,0
BRDA:56,6,0,0
BRDA:56,6,1,0
BRF:14
BRH:0
end_of_record
TN:
SF:hooks\useCitySearchReducer.ts
FN:27,citySearchReducer
FN:48,useCitySearchReducer
FN:55,(anonymous_2)
FN:59,(anonymous_3)
FN:63,(anonymous_4)
FN:67,(anonymous_5)
FN:71,(anonymous_6)
FNF:7
FNH:0
FNDA:0,citySearchReducer
FNDA:0,useCitySearchReducer
FNDA:0,(anonymous_2)
FNDA:0,(anonymous_3)
FNDA:0,(anonymous_4)
FNDA:0,(anonymous_5)
FNDA:0,(anonymous_6)
DA:20,0
DA:31,0
DA:33,0
DA:35,0
DA:37,0
DA:39,0
DA:41,0
DA:43,0
DA:49,0
DA:55,0
DA:56,0
DA:59,0
DA:60,0
DA:63,0
DA:64,0
DA:67,0
DA:68,0
DA:71,0
DA:72,0
DA:75,0
LF:20
LH:0
BRDA:31,0,0,0
BRDA:31,0,1,0
BRDA:31,0,2,0
BRDA:31,0,3,0
BRDA:31,0,4,0
BRDA:31,0,5,0
BRF:6
BRH:0
end_of_record
TN:
SF:hooks\useColorScheme.ts
FNF:0
FNH:0
LF:0
LH:0
BRF:0
BRH:0
end_of_record
TN:
SF:hooks\useColorScheme.web.ts
FN:7,useColorScheme
FN:10,(anonymous_1)
FNF:2
FNH:0
FNDA:0,useColorScheme
FNDA:0,(anonymous_1)
DA:8,0
DA:10,0
DA:11,0
DA:14,0
DA:16,0
DA:17,0
DA:20,0
LF:7
LH:0
BRDA:16,0,0,0
BRDA:16,0,1,0
BRF:2
BRH:0
end_of_record
TN:
SF:hooks\useDownloadReducer.ts
FN:35,downloadReducer
FN:98,useDownloadReducer
FN:102,(anonymous_2)
FN:106,(anonymous_3)
FN:110,(anonymous_4)
FN:115,(anonymous_5)
FN:124,(anonymous_6)
FN:129,(anonymous_7)
FN:138,(anonymous_8)
FN:142,(anonymous_9)
FNF:10
FNH:0
FNDA:0,downloadReducer
FNDA:0,useDownloadReducer
FNDA:0,(anonymous_2)
FNDA:0,(anonymous_3)
FNDA:0,(anonymous_4)
FNDA:0,(anonymous_5)
FNDA:0,(anonymous_6)
FNDA:0,(anonymous_7)
FNDA:0,(anonymous_8)
FNDA:0,(anonymous_9)
DA:28,0
DA:39,0
DA:41,0
DA:49,0
DA:50,0
DA:51,0
DA:56,0
DA:61,0
DA:69,0
DA:70,0
DA:71,0
DA:76,0
DA:84,0
DA:85,0
DA:86,0
DA:91,0
DA:93,0
DA:99,0
DA:102,0
DA:103,0
DA:106,0
DA:107,0
DA:110,0
DA:111,0
DA:114,0
DA:116,0
DA:124,0
DA:125,0
DA:128,0
DA:130,0
DA:138,0
DA:139,0
DA:142,0
DA:143,0
DA:146,0
LF:35
LH:0
BRDA:39,0,0,0
BRDA:39,0,1,0
BRDA:39,0,2,0
BRDA:39,0,3,0
BRDA:39,0,4,0
BRDA:39,0,5,0
BRDA:39,0,6,0
BRDA:39,0,7,0
BRDA:39,0,8,0
BRF:9
BRH:0
end_of_record
TN:
SF:hooks\useFileManager.ts
FN:5,useFileManager
FN:8,(anonymous_1)
FN:14,(anonymous_2)
FN:112,(anonymous_3)
FN:128,(anonymous_4)
FN:159,(anonymous_5)
FN:164,(anonymous_6)
FN:238,(anonymous_7)
FN:239,(anonymous_8)
FN:268,(anonymous_9)
FNF:10
FNH:4
FNDA:25,useFileManager
FNDA:0,(anonymous_1)
FNDA:0,(anonymous_2)
FNDA:0,(anonymous_3)
FNDA:0,(anonymous_4)
FNDA:0,(anonymous_5)
FNDA:0,(anonymous_6)
FNDA:4,(anonymous_7)
FNDA:4,(anonymous_8)
FNDA:3,(anonymous_9)
DA:7,25
DA:14,0
DA:15,0
DA:16,0
DA:22,0
DA:23,0
DA:26,0
DA:29,0
DA:32,0
DA:33,0
DA:38,0
DA:41,0
DA:42,0
DA:44,0
DA:45,0
DA:50,0
DA:54,0
DA:55,0
DA:57,0
DA:58,0
DA:63,0
DA:66,0
DA:72,0
DA:73,0
DA:76,0
DA:77,0
DA:78,0
DA:83,0
DA:87,0
DA:91,0
DA:92,0
DA:93,0
DA:94,0
DA:95,0
DA:97,0
DA:98,0
DA:101,0
DA:106,0
DA:107,0
DA:111,0
DA:112,0
DA:118,0
DA:121,0
DA:128,0
DA:131,0
DA:133,0
DA:135,0
DA:145,0
DA:146,0
DA:158,5
DA:164,0
DA:165,0
DA:166,0
DA:172,0
DA:175,0
DA:178,0
DA:183,0
DA:186,0
DA:189,0
DA:192,0
DA:195,0
DA:196,0
DA:215,0
DA:222,0
DA:224,0
DA:225,0
DA:237,5
DA:239,4
DA:240,4
DA:241,4
DA:243,4
DA:244,1
DA:248,3
DA:249,3
DA:250,2
DA:251,2
DA:260,2
DA:261,12
DA:263,2
DA:266,1
DA:268,3
DA:274,5
LF:82
LH:18
BRDA:32,0,0,0
BRDA:32,0,1,0
BRDA:44,1,0,0
BRDA:44,1,1,0
BRDA:57,2,0,0
BRDA:57,2,1,0
BRDA:77,3,0,0
BRDA:77,3,1,0
BRDA:198,4,0,0
BRDA:198,4,1,0
BRDA:199,5,0,0
BRDA:199,5,1,0
BRDA:200,6,0,0
BRDA:200,6,1,0
BRDA:209,7,0,0
BRDA:209,7,1,0
BRDA:216,8,0,0
BRDA:216,8,1,0
BRDA:243,9,0,1
BRDA:243,9,1,3
BRDA:243,10,0,4
BRDA:243,10,1,4
BRDA:249,11,0,2
BRDA:249,11,1,1
BRF:24
BRH:6
end_of_record
TN:
SF:hooks\useLocation.ts
FN:5,coordsToLocationObject
FN:20,useLocation
FN:41,reverseGeocode
FNF:3
FNH:0
FNDA:0,coordsToLocationObject
FNDA:0,useLocation
FNDA:0,reverseGeocode
DA:6,0
DA:28,0
DA:30,0
DA:32,0
DA:33,0
DA:37,0
DA:38,0
DA:42,0
DA:43,0
DA:44,0
DA:46,0
DA:50,0
LF:12
LH:0
BRDA:32,0,0,0
BRDA:32,0,1,0
BRDA:32,1,0,0
BRDA:32,1,1,0
BRDA:37,2,0,0
BRDA:37,2,1,0
BRDA:37,3,0,0
BRDA:37,3,1,0
BRDA:44,4,0,0
BRDA:44,4,1,0
BRDA:53,5,0,0
BRDA:53,5,1,0
BRF:12
BRH:0
end_of_record
TN:
SF:hooks\useNativeDownload.ts
FN:27,(anonymous_0)
FN:43,(anonymous_1)
FN:47,(anonymous_2)
FN:57,(anonymous_3)
FN:65,(anonymous_4)
FN:96,(anonymous_5)
FN:108,(anonymous_6)
FN:130,(anonymous_7)
FN:148,(anonymous_8)
FN:159,(anonymous_9)
FN:162,(anonymous_10)
FN:177,(anonymous_11)
FN:187,(anonymous_12)
FN:188,(anonymous_13)
FN:197,(anonymous_14)
FN:200,(anonymous_15)
FN:201,(anonymous_16)
FN:214,(anonymous_17)
FN:216,(anonymous_18)
FN:225,(anonymous_19)
FN:228,(anonymous_20)
FN:230,(anonymous_21)
FN:239,(anonymous_22)
FN:263,(anonymous_23)
FN:276,(anonymous_24)
FN:292,(anonymous_25)
FN:308,(anonymous_26)
FNF:27
FNH:0
FNDA:0,(anonymous_0)
FNDA:0,(anonymous_1)
FNDA:0,(anonymous_2)
FNDA:0,(anonymous_3)
FNDA:0,(anonymous_4)
FNDA:0,(anonymous_5)
FNDA:0,(anonymous_6)
FNDA:0,(anonymous_7)
FNDA:0,(anonymous_8)
FNDA:0,(anonymous_9)
FNDA:0,(anonymous_10)
FNDA:0,(anonymous_11)
FNDA:0,(anonymous_12)
FNDA:0,(anonymous_13)
FNDA:0,(anonymous_14)
FNDA:0,(anonymous_15)
FNDA:0,(anonymous_16)
FNDA:0,(anonymous_17)
FNDA:0,(anonymous_18)
FNDA:0,(anonymous_19)
FNDA:0,(anonymous_20)
FNDA:0,(anonymous_21)
FNDA:0,(anonymous_22)
FNDA:0,(anonymous_23)
FNDA:0,(anonymous_24)
FNDA:0,(anonymous_25)
FNDA:0,(anonymous_26)
DA:27,0
DA:36,0
DA:39,0
DA:40,0
DA:42,0
DA:47,0
DA:48,0
DA:49,0
DA:55,0
DA:57,0
DA:60,0
DA:61,0
DA:64,0
DA:65,0
DA:66,0
DA:70,0
DA:81,0
DA:82,0
DA:85,0
DA:96,0
DA:97,0
DA:98,0
DA:99,0
DA:100,0
DA:103,0
DA:108,0
DA:109,0
DA:111,0
DA:112,0
DA:126,0
DA:128,0
DA:129,0
DA:131,0
DA:132,0
DA:138,0
DA:139,0
DA:144,0
DA:148,0
DA:149,0
DA:150,0
DA:153,0
DA:155,0
DA:157,0
DA:159,0
DA:160,0
DA:162,0
DA:163,0
DA:170,0
DA:173,0
DA:177,0
DA:178,0
DA:180,0
DA:182,0
DA:185,0
DA:187,0
DA:188,0
DA:189,0
DA:190,0
DA:195,0
DA:197,0
DA:200,0
DA:201,0
DA:202,0
DA:203,0
DA:204,0
DA:205,0
DA:210,0
DA:214,0
DA:216,0
DA:217,0
DA:218,0
DA:223,0
DA:225,0
DA:228,0
DA:230,0
DA:231,0
DA:232,0
DA:237,0
DA:239,0
DA:242,0
DA:246,0
DA:250,0
DA:254,0
DA:258,0
DA:263,0
DA:264,0
DA:265,0
DA:266,0
DA:267,0
DA:268,0
DA:275,0
DA:277,0
DA:278,0
DA:281,0
DA:282,0
DA:285,0
DA:286,0
DA:289,0
DA:291,0
DA:292,0
DA:293,0
DA:294,0
DA:299,0
DA:301,0
DA:307,0
DA:309,0
DA:310,0
DA:313,0
DA:314,0
DA:316,0
DA:317,0
DA:323,0
LF:112
LH:0
BRDA:60,0,0,0
BRDA:60,0,1,0
BRDA:60,1,0,0
BRDA:60,1,1,0
BRDA:66,2,0,0
BRDA:66,2,1,0
BRDA:81,3,0,0
BRDA:81,3,1,0
BRDA:109,4,0,0
BRDA:109,4,1,0
BRDA:128,5,0,0
BRDA:128,5,1,0
BRDA:131,6,0,0
BRDA:131,6,1,0
BRDA:131,7,0,0
BRDA:131,7,1,0
BRDA:149,8,0,0
BRDA:149,8,1,0
BRDA:180,9,0,0
BRDA:180,9,1,0
BRDA:204,10,0,0
BRDA:204,10,1,0
BRDA:277,11,0,0
BRDA:277,11,1,0
BRDA:285,12,0,0
BRDA:285,12,1,0
BRDA:297,13,0,0
BRDA:297,13,1,0
BRDA:309,14,0,0
BRDA:309,14,1,0
BRF:30
BRH:0
end_of_record
TN:
SF:hooks\usePrayerTimes.ts
FN:7,usePrayerTimes
FN:17,(anonymous_1)
FN:21,(anonymous_2)
FNF:3
FNH:0
FNDA:0,usePrayerTimes
FNDA:0,(anonymous_1)
FNDA:0,(anonymous_2)
DA:11,0
DA:12,0
DA:15,0
DA:16,0
DA:17,0
DA:18,0
DA:21,0
DA:22,0
DA:23,0
DA:24,0
DA:27,0
DA:31,0
DA:33,0
DA:34,0
DA:36,0
DA:37,0
DA:39,0
DA:40,0
DA:42,0
DA:43,0
DA:45,0
DA:46,0
DA:48,0
DA:49,0
DA:51,0
DA:52,0
DA:54,0
DA:55,0
DA:57,0
DA:58,0
DA:61,0
DA:62,0
DA:65,0
DA:66,0
DA:69,0
LF:35
LH:0
BRDA:22,0,0,0
BRDA:22,0,1,0
BRDA:22,1,0,0
BRDA:22,1,1,0
BRDA:31,2,0,0
BRDA:31,2,1,0
BRDA:31,2,2,0
BRDA:31,2,3,0
BRDA:31,2,4,0
BRDA:31,2,5,0
BRDA:31,2,6,0
BRDA:31,2,7,0
BRDA:31,2,8,0
BRDA:31,2,9,0
BRF:14
BRH:0
end_of_record
TN:
SF:hooks\usePremiumContentReducer.ts
FN:48,premiumContentReducer
FN:67,(anonymous_1)
FN:84,(anonymous_2)
FN:97,(anonymous_3)
FN:103,(anonymous_4)
FN:117,usePremiumContentReducer
FN:124,(anonymous_6)
FN:128,(anonymous_7)
FN:132,(anonymous_8)
FN:138,(anonymous_9)
FN:144,(anonymous_10)
FN:149,(anonymous_11)
FN:153,(anonymous_12)
FN:157,(anonymous_13)
FN:162,(anonymous_14)
FN:168,(anonymous_15)
FNF:16
FNH:0
FNDA:0,premiumContentReducer
FNDA:0,(anonymous_1)
FNDA:0,(anonymous_2)
FNDA:0,(anonymous_3)
FNDA:0,(anonymous_4)
FNDA:0,usePremiumContentReducer
FNDA:0,(anonymous_6)
FNDA:0,(anonymous_7)
FNDA:0,(anonymous_8)
FNDA:0,(anonymous_9)
FNDA:0,(anonymous_10)
FNDA:0,(anonymous_11)
FNDA:0,(anonymous_12)
FNDA:0,(anonymous_13)
FNDA:0,(anonymous_14)
FNDA:0,(anonymous_15)
DA:29,0
DA:52,0
DA:54,0
DA:56,0
DA:57,0
DA:62,0
DA:64,0
DA:67,0
DA:71,0
DA:73,0
DA:81,0
DA:83,0
DA:84,0
DA:86,0
DA:87,0
DA:92,0
DA:94,0
DA:97,0
DA:101,0
DA:104,0
DA:110,0
DA:112,0
DA:118,0
DA:124,0
DA:125,0
DA:128,0
DA:129,0
DA:132,0
DA:133,0
DA:137,0
DA:139,0
DA:144,0
DA:145,0
DA:149,0
DA:150,0
DA:153,0
DA:154,0
DA:157,0
DA:158,0
DA:161,0
DA:163,0
DA:168,0
DA:169,0
DA:172,0
LF:44
LH:0
BRDA:52,0,0,0
BRDA:52,0,1,0
BRDA:52,0,2,0
BRDA:52,0,3,0
BRDA:52,0,4,0
BRDA:52,0,5,0
BRDA:52,0,6,0
BRDA:52,0,7,0
BRDA:52,0,8,0
BRDA:52,0,9,0
BRDA:52,0,10,0
BRDA:56,1,0,0
BRDA:56,1,1,0
BRDA:86,2,0,0
BRDA:86,2,1,0
BRDA:104,3,0,0
BRDA:104,3,1,0
BRF:17
BRH:0
end_of_record
TN:
SF:hooks\useSettingsOptimized.ts
FN:8,useSettingsOptimized
FNF:1
FNH:0
FNDA:0,useSettingsOptimized
DA:10,0
DA:11,0
DA:12,0
DA:13,0
DA:14,0
DA:16,0
LF:6
LH:0
BRF:0
BRH:0
end_of_record
TN:
SF:hooks\useThemeAssets.ts
FN:17,useThemeAssets
FN:46,useBackgroundImage
FN:52,useThemeColors
FN:58,useCurrentTheme
FNF:4
FNH:0
FNDA:0,useThemeAssets
FNDA:0,useBackgroundImage
FNDA:0,useThemeColors
FNDA:0,useCurrentTheme
DA:12,0
DA:18,0
DA:19,0
DA:23,0
DA:24,0
DA:26,0
DA:29,0
DA:47,0
DA:48,0
DA:53,0
DA:54,0
DA:59,0
DA:60,0
LF:13
LH:0
BRDA:18,0,0,0
BRDA:18,0,1,0
BRDA:23,1,0,0
BRDA:23,1,1,0
BRDA:23,2,0,0
BRDA:23,2,1,0
BRF:6
BRH:0
end_of_record
TN:
SF:hooks\useThemeColor.ts
FN:12,useCurrentThemeInternal
FN:33,useThemeColor
FN:52,useThemeColors
FN:58,useCurrentTheme
FN:63,useOverlayTextColor
FN:69,useOverlayIconColor
FN:75,useOverlaySecondaryTextColor
FNF:7
FNH:0
FNDA:0,useCurrentThemeInternal
FNDA:0,useThemeColor
FNDA:0,useThemeColors
FNDA:0,useCurrentTheme
FNDA:0,useOverlayTextColor
FNDA:0,useOverlayIconColor
FNDA:0,useOverlaySecondaryTextColor
DA:13,0
DA:14,0
DA:17,0
DA:18,0
DA:20,0
DA:22,0
DA:25,0
DA:30,0
DA:37,0
DA:40,0
DA:41,0
DA:42,0
DA:43,0
DA:48,0
DA:53,0
DA:54,0
DA:59,0
DA:64,0
DA:65,0
DA:70,0
DA:71,0
DA:76,0
DA:77,0
LF:23
LH:0
BRDA:14,0,0,0
BRDA:14,0,1,0
BRDA:17,1,0,0
BRDA:17,1,1,0
BRDA:17,2,0,0
BRDA:17,2,1,0
BRDA:18,3,0,0
BRDA:18,3,1,0
BRDA:18,3,2,0
BRDA:18,3,3,0
BRDA:40,4,0,0
BRDA:40,4,1,0
BRDA:42,5,0,0
BRDA:42,5,1,0
BRF:14
BRH:0
end_of_record
TN:
SF:hooks\useUIReducer.ts
FN:27,uiReducer
FN:47,useUIReducer
FN:51,(anonymous_2)
FN:55,(anonymous_3)
FN:59,(anonymous_4)
FN:63,(anonymous_5)
FN:67,(anonymous_6)
FN:71,(anonymous_7)
FNF:8
FNH:0
FNDA:0,uiReducer
FNDA:0,useUIReducer
FNDA:0,(anonymous_2)
FNDA:0,(anonymous_3)
FNDA:0,(anonymous_4)
FNDA:0,(anonymous_5)
FNDA:0,(anonymous_6)
FNDA:0,(anonymous_7)
DA:20,0
DA:28,0
DA:30,0
DA:32,0
DA:34,0
DA:36,0
DA:38,0
DA:40,0
DA:42,0
DA:48,0
DA:51,0
DA:52,0
DA:55,0
DA:56,0
DA:59,0
DA:60,0
DA:63,0
DA:64,0
DA:67,0
DA:68,0
DA:71,0
DA:72,0
DA:75,0
LF:23
LH:0
BRDA:28,0,0,0
BRDA:28,0,1,0
BRDA:28,0,2,0
BRDA:28,0,3,0
BRDA:28,0,4,0
BRDA:28,0,5,0
BRDA:28,0,6,0
BRF:7
BRH:0
end_of_record
TN:
SF:hooks\useWeeklyPrayerTimes.ts
FN:13,useWeeklyPrayerTimes
FN:19,(anonymous_1)
FNF:2
FNH:0
FNDA:0,useWeeklyPrayerTimes
FNDA:0,(anonymous_1)
DA:17,0
DA:19,0
DA:20,0
DA:21,0
DA:24,0
DA:25,0
DA:32,0
DA:34,0
DA:35,0
DA:37,0
DA:38,0
DA:40,0
DA:41,0
DA:43,0
DA:44,0
DA:46,0
DA:47,0
DA:49,0
DA:50,0
DA:52,0
DA:53,0
DA:55,0
DA:56,0
DA:58,0
DA:59,0
DA:61,0
DA:62,0
DA:65,0
DA:66,0
DA:67,0
DA:68,0
DA:69,0
DA:71,0
LF:33
LH:0
BRDA:20,0,0,0
BRDA:20,0,1,0
BRDA:20,1,0,0
BRDA:20,1,1,0
BRDA:32,2,0,0
BRDA:32,2,1,0
BRDA:32,2,2,0
BRDA:32,2,3,0
BRDA:32,2,4,0
BRDA:32,2,5,0
BRDA:32,2,6,0
BRDA:32,2,7,0
BRDA:32,2,8,0
BRDA:32,2,9,0
BRF:14
BRH:0
end_of_record
TN:
SF:utils\apiClient.ts
FN:34,(anonymous_0)
FN:42,(anonymous_1)
FN:100,(anonymous_2)
FN:117,(anonymous_3)
FN:170,(anonymous_4)
FN:184,(anonymous_5)
FN:193,(anonymous_6)
FN:199,(anonymous_7)
FN:208,(anonymous_8)
FN:219,(anonymous_9)
FN:229,(anonymous_10)
FN:240,(anonymous_11)
FN:253,(anonymous_12)
FN:268,(anonymous_13)
FN:292,(anonymous_14)
FN:307,(anonymous_15)
FN:318,(anonymous_16)
FN:330,(anonymous_17)
FN:341,(anonymous_18)
FN:350,(anonymous_19)
FN:363,(anonymous_20)
FN:372,(anonymous_21)
FN:384,(anonymous_22)
FN:395,(anonymous_23)
FN:406,(anonymous_24)
FN:421,(anonymous_25)
FN:431,(anonymous_26)
FN:442,(anonymous_27)
FN:452,(anonymous_28)
FN:468,(anonymous_29)
FN:471,(anonymous_30)
FN:492,(anonymous_31)
FNF:32
FNH:0
FNDA:0,(anonymous_0)
FNDA:0,(anonymous_1)
FNDA:0,(anonymous_2)
FNDA:0,(anonymous_3)
FNDA:0,(anonymous_4)
FNDA:0,(anonymous_5)
FNDA:0,(anonymous_6)
FNDA:0,(anonymous_7)
FNDA:0,(anonymous_8)
FNDA:0,(anonymous_9)
FNDA:0,(anonymous_10)
FNDA:0,(anonymous_11)
FNDA:0,(anonymous_12)
FNDA:0,(anonymous_13)
FNDA:0,(anonymous_14)
FNDA:0,(anonymous_15)
FNDA:0,(anonymous_16)
FNDA:0,(anonymous_17)
FNDA:0,(anonymous_18)
FNDA:0,(anonymous_19)
FNDA:0,(anonymous_20)
FNDA:0,(anonymous_21)
FNDA:0,(anonymous_22)
FNDA:0,(anonymous_23)
FNDA:0,(anonymous_24)
FNDA:0,(anonymous_25)
FNDA:0,(anonymous_26)
FNDA:0,(anonymous_27)
FNDA:0,(anonymous_28)
FNDA:0,(anonymous_29)
FNDA:0,(anonymous_30)
FNDA:0,(anonymous_31)
DA:4,0
DA:5,0
DA:6,0
DA:12,0
DA:13,0
DA:32,0
DA:35,0
DA:36,0
DA:38,0
DA:43,0
DA:44,0
DA:46,0
DA:48,0
DA:50,0
DA:52,0
DA:53,0
DA:55,0
DA:61,0
DA:62,0
DA:63,0
DA:64,0
DA:65,0
DA:70,0
DA:75,0
DA:79,0
DA:82,0
DA:88,0
DA:92,0
DA:96,0
DA:106,0
DA:107,0
DA:110,0
DA:111,0
DA:112,0
DA:116,0
DA:117,0
DA:118,0
DA:121,0
DA:131,0
DA:132,0
DA:137,0
DA:138,0
DA:139,0
DA:142,0
DA:144,0
DA:145,0
DA:151,0
DA:154,0
DA:156,0
DA:157,0
DA:160,0
DA:163,0
DA:164,0
DA:176,0
DA:178,0
DA:185,0
DA:187,0
DA:194,0
DA:200,0
DA:202,0
DA:209,0
DA:211,0
DA:220,0
DA:222,0
DA:230,0
DA:232,0
DA:244,0
DA:246,0
DA:258,0
DA:260,0
DA:283,0
DA:285,0
DA:296,0
DA:298,0
DA:308,0
DA:310,0
DA:311,0
DA:312,0
DA:315,0
DA:322,0
DA:324,0
DA:331,0
DA:333,0
DA:342,0
DA:344,0
DA:354,0
DA:356,0
DA:364,0
DA:366,0
DA:373,0
DA:375,0
DA:385,0
DA:387,0
DA:396,0
DA:398,0
DA:411,0
DA:413,0
DA:422,0
DA:424,0
DA:432,0
DA:434,0
DA:443,0
DA:445,0
DA:456,0
DA:458,0
DA:469,0
DA:470,0
DA:471,0
DA:472,0
DA:475,0
DA:476,0
DA:480,0
DA:481,0
DA:483,0
DA:484,0
DA:487,0
DA:497,0
DA:499,0
DA:501,0
DA:503,0
DA:508,0
DA:510,0
DA:511,0
LF:123
LH:0
BRDA:35,0,0,0
BRDA:35,0,1,0
BRDA:43,1,0,0
BRDA:43,1,1,0
BRDA:48,2,0,0
BRDA:48,2,1,0
BRDA:52,3,0,0
BRDA:52,3,1,0
BRDA:102,4,0,0
BRDA:110,5,0,0
BRDA:110,5,1,0
BRDA:110,6,0,0
BRDA:110,6,1,0
BRDA:131,7,0,0
BRDA:131,7,1,0
BRDA:131,8,0,0
BRDA:131,8,1,0
BRDA:144,9,0,0
BRDA:144,9,1,0
BRDA:146,10,0,0
BRDA:146,10,1,0
BRDA:156,11,0,0
BRDA:156,11,1,0
BRDA:311,12,0,0
BRDA:311,12,1,0
BRDA:501,13,0,0
BRDA:501,13,1,0
BRDA:508,14,0,0
BRDA:508,14,1,0
BRF:29
BRH:0
end_of_record
TN:
SF:utils\audioAnalysis.ts
FN:28,(anonymous_0)
FN:33,(anonymous_1)
FN:67,(anonymous_2)
FN:97,(anonymous_3)
FN:110,(anonymous_4)
FN:117,(anonymous_5)
FN:130,(anonymous_6)
FN:139,(anonymous_7)
FN:144,(anonymous_8)
FN:149,(anonymous_9)
FN:172,(anonymous_10)
FNF:11
FNH:0
FNDA:0,(anonymous_0)
FNDA:0,(anonymous_1)
FNDA:0,(anonymous_2)
FNDA:0,(anonymous_3)
FNDA:0,(anonymous_4)
FNDA:0,(anonymous_5)
FNDA:0,(anonymous_6)
FNDA:0,(anonymous_7)
FNDA:0,(anonymous_8)
FNDA:0,(anonymous_9)
FNDA:0,(anonymous_10)
DA:22,0
DA:23,0
DA:24,0
DA:25,0
DA:26,0
DA:34,0
DA:35,0
DA:38,0
DA:44,0
DA:45,0
DA:46,0
DA:51,0
DA:52,0
DA:55,0
DA:59,0
DA:61,0
DA:62,0
DA:70,0
DA:71,0
DA:73,0
DA:75,0
DA:76,0
DA:77,0
DA:80,0
DA:81,0
DA:82,0
DA:84,0
DA:92,0
DA:93,0
DA:98,0
DA:100,0
DA:101,0
DA:103,0
DA:111,0
DA:112,0
DA:113,0
DA:118,0
DA:119,0
DA:123,0
DA:126,0
DA:134,0
DA:135,0
DA:140,0
DA:145,0
DA:153,0
DA:154,0
DA:156,0
DA:157,0
DA:158,0
DA:160,0
DA:168,0
DA:176,0
DA:181,0
LF:53
LH:0
BRDA:45,0,0,0
BRDA:45,0,1,0
BRDA:45,1,0,0
BRDA:45,1,1,0
BRDA:98,2,0,0
BRDA:98,2,1,0
BRDA:119,3,0,0
BRDA:119,3,1,0
BRDA:120,4,0,0
BRDA:120,4,1,0
BRF:10
BRH:0
end_of_record
TN:
SF:utils\audioStreaming.ts
FN:48,(anonymous_0)
FN:55,(anonymous_1)
FN:60,(anonymous_2)
FN:68,(anonymous_3)
FN:113,(anonymous_4)
FN:151,(anonymous_5)
FN:169,(anonymous_6)
FN:178,(anonymous_7)
FN:218,(anonymous_8)
FN:237,(anonymous_9)
FN:272,(anonymous_10)
FN:306,(anonymous_11)
FN:335,(anonymous_12)
FN:351,(anonymous_13)
FN:383,(anonymous_14)
FN:412,(anonymous_15)
FN:445,(anonymous_16)
FN:465,(anonymous_17)
FN:473,(anonymous_18)
FN:481,(anonymous_19)
FN:496,(anonymous_20)
FN:508,(anonymous_21)
FN:515,(anonymous_22)
FN:522,(anonymous_23)
FN:527,(anonymous_24)
FN:541,(anonymous_25)
FN:542,(anonymous_26)
FN:545,(anonymous_27)
FN:549,(anonymous_28)
FNF:29
FNH:0
FNDA:0,(anonymous_0)
FNDA:0,(anonymous_1)
FNDA:0,(anonymous_2)
FNDA:0,(anonymous_3)
FNDA:0,(anonymous_4)
FNDA:0,(anonymous_5)
FNDA:0,(anonymous_6)
FNDA:0,(anonymous_7)
FNDA:0,(anonymous_8)
FNDA:0,(anonymous_9)
FNDA:0,(anonymous_10)
FNDA:0,(anonymous_11)
FNDA:0,(anonymous_12)
FNDA:0,(anonymous_13)
FNDA:0,(anonymous_14)
FNDA:0,(anonymous_15)
FNDA:0,(anonymous_16)
FNDA:0,(anonymous_17)
FNDA:0,(anonymous_18)
FNDA:0,(anonymous_19)
FNDA:0,(anonymous_20)
FNDA:0,(anonymous_21)
FNDA:0,(anonymous_22)
FNDA:0,(anonymous_23)
FNDA:0,(anonymous_24)
FNDA:0,(anonymous_25)
FNDA:0,(anonymous_26)
FNDA:0,(anonymous_27)
FNDA:0,(anonymous_28)
DA:34,0
DA:37,0
DA:45,0
DA:46,0
DA:49,0
DA:50,0
DA:52,0
DA:56,0
DA:57,0
DA:60,0
DA:61,0
DA:73,0
DA:75,0
DA:77,0
DA:84,0
DA:95,0
DA:98,0
DA:100,0
DA:103,0
DA:105,0
DA:106,0
DA:118,0
DA:119,0
DA:120,0
DA:123,0
DA:124,0
DA:126,0
DA:128,0
DA:129,0
DA:130,0
DA:136,0
DA:145,0
DA:158,0
DA:161,0
DA:163,0
DA:170,0
DA:171,0
DA:172,0
DA:175,0
DA:177,0
DA:178,0
DA:181,0
DA:182,0
DA:186,0
DA:187,0
DA:188,0
DA:192,0
DA:198,0
DA:199,0
DA:203,0
DA:213,0
DA:214,0
DA:215,0
DA:218,0
DA:219,0
DA:223,0
DA:225,0
DA:226,0
DA:228,0
DA:229,0
DA:230,0
DA:241,0
DA:242,0
DA:244,0
DA:246,0
DA:250,0
DA:252,0
DA:256,0
DA:259,0
DA:260,0
DA:264,0
DA:265,0
DA:273,0
DA:274,0
DA:276,0
DA:277,0
DA:279,0
DA:280,0
DA:283,0
DA:289,0
DA:292,0
DA:294,0
DA:299,0
DA:312,0
DA:313,0
DA:315,0
DA:316,0
DA:318,0
DA:319,0
DA:320,0
DA:321,0
DA:325,0
DA:326,0
DA:327,0
DA:331,0
DA:339,0
DA:340,0
DA:342,0
DA:343,0
DA:345,0
DA:356,0
DA:358,0
DA:360,0
DA:365,0
DA:367,0
DA:370,0
DA:376,0
DA:388,0
DA:390,0
DA:392,0
DA:397,0
DA:398,0
DA:402,0
DA:404,0
DA:405,0
DA:416,0
DA:417,0
DA:419,0
DA:422,0
DA:423,0
DA:424,0
DA:425,0
DA:427,0
DA:432,0
DA:433,0
DA:436,0
DA:446,0
DA:447,0
DA:449,0
DA:450,0
DA:451,0
DA:452,0
DA:455,0
DA:456,0
DA:458,0
DA:466,0
DA:467,0
DA:469,0
DA:473,0
DA:474,0
DA:482,0
DA:483,0
DA:485,0
DA:486,0
DA:488,0
DA:489,0
DA:490,0
DA:497,0
DA:498,0
DA:499,0
DA:500,0
DA:501,0
DA:514,0
DA:515,0
DA:519,0
DA:520,0
DA:521,0
DA:522,0
DA:525,0
DA:527,0
DA:529,0
DA:532,0
DA:542,0
DA:546,0
DA:550,0
DA:551,0
DA:552,0
DA:554,0
DA:557,0
LF:169
LH:0
BRDA:49,0,0,0
BRDA:49,0,1,0
BRDA:89,1,0,0
BRDA:89,1,1,0
BRDA:120,2,0,0
BRDA:120,2,1,0
BRDA:161,3,0,0
BRDA:161,3,1,0
BRDA:171,4,0,0
BRDA:171,4,1,0
BRDA:181,5,0,0
BRDA:181,5,1,0
BRDA:187,6,0,0
BRDA:187,6,1,0
BRDA:198,7,0,0
BRDA:198,7,1,0
BRDA:242,8,0,0
BRDA:242,8,1,0
BRDA:242,9,0,0
BRDA:242,9,1,0
BRDA:250,10,0,0
BRDA:250,10,1,0
BRDA:259,11,0,0
BRDA:259,11,1,0
BRDA:264,12,0,0
BRDA:264,12,1,0
BRDA:274,13,0,0
BRDA:274,13,1,0
BRDA:277,14,0,0
BRDA:277,14,1,0
BRDA:289,15,0,0
BRDA:289,15,1,0
BRDA:289,16,0,0
BRDA:289,16,1,0
BRDA:310,17,0,0
BRDA:313,18,0,0
BRDA:313,18,1,0
BRDA:320,19,0,0
BRDA:320,19,1,0
BRDA:337,20,0,0
BRDA:340,21,0,0
BRDA:340,21,1,0
BRDA:343,22,0,0
BRDA:343,22,1,0
BRDA:365,23,0,0
BRDA:365,23,1,0
BRDA:370,24,0,0
BRDA:370,24,1,0
BRDA:370,25,0,0
BRDA:370,25,1,0
BRDA:397,26,0,0
BRDA:397,26,1,0
BRDA:417,27,0,0
BRDA:417,27,1,0
BRDA:424,28,0,0
BRDA:424,28,1,0
BRDA:447,29,0,0
BRDA:447,29,1,0
BRDA:450,30,0,0
BRDA:450,30,1,0
BRDA:467,31,0,0
BRDA:467,31,1,0
BRDA:486,32,0,0
BRDA:486,32,1,0
BRDA:489,33,0,0
BRDA:489,33,1,0
BRDA:498,34,0,0
BRDA:498,34,1,0
BRDA:552,35,0,0
BRDA:552,35,1,0
BRF:70
BRH:0
end_of_record
TN:
SF:utils\cdnOptimization.ts
FN:39,(anonymous_0)
FN:46,(anonymous_1)
FN:51,(anonymous_2)
FN:64,(anonymous_3)
FN:79,(anonymous_4)
FN:94,(anonymous_5)
FN:142,(anonymous_6)
FN:167,(anonymous_7)
FN:173,(anonymous_8)
FN:198,(anonymous_9)
FN:254,(anonymous_10)
FN:271,(anonymous_11)
FN:283,(anonymous_12)
FN:291,(anonymous_13)
FN:296,(anonymous_14)
FN:320,(anonymous_15)
FN:334,(anonymous_16)
FN:339,(anonymous_17)
FN:344,(anonymous_18)
FN:352,(anonymous_19)
FN:361,(anonymous_20)
FN:391,(anonymous_21)
FN:396,(anonymous_22)
FNF:23
FNH:0
FNDA:0,(anonymous_0)
FNDA:0,(anonymous_1)
FNDA:0,(anonymous_2)
FNDA:0,(anonymous_3)
FNDA:0,(anonymous_4)
FNDA:0,(anonymous_5)
FNDA:0,(anonymous_6)
FNDA:0,(anonymous_7)
FNDA:0,(anonymous_8)
FNDA:0,(anonymous_9)
FNDA:0,(anonymous_10)
FNDA:0,(anonymous_11)
FNDA:0,(anonymous_12)
FNDA:0,(anonymous_13)
FNDA:0,(anonymous_14)
FNDA:0,(anonymous_15)
FNDA:0,(anonymous_16)
FNDA:0,(anonymous_17)
FNDA:0,(anonymous_18)
FNDA:0,(anonymous_19)
FNDA:0,(anonymous_20)
FNDA:0,(anonymous_21)
FNDA:0,(anonymous_22)
DA:24,0
DA:25,0
DA:26,0
DA:28,0
DA:40,0
DA:41,0
DA:43,0
DA:47,0
DA:48,0
DA:52,0
DA:53,0
DA:54,0
DA:55,0
DA:60,0
DA:65,0
DA:66,0
DA:67,0
DA:68,0
DA:69,0
DA:70,0
DA:75,0
DA:80,0
DA:81,0
DA:82,0
DA:87,0
DA:99,0
DA:101,0
DA:102,0
DA:103,0
DA:104,0
DA:105,0
DA:109,0
DA:112,0
DA:113,0
DA:114,0
DA:115,0
DA:121,0
DA:125,0
DA:127,0
DA:131,0
DA:135,0
DA:137,0
DA:138,0
DA:146,0
DA:148,0
DA:169,0
DA:170,0
DA:174,0
DA:175,0
DA:178,0
DA:179,0
DA:181,0
DA:182,0
DA:183,0
DA:184,0
DA:188,0
DA:189,0
DA:191,0
DA:192,0
DA:195,0
DA:203,0
DA:205,0
DA:207,0
DA:209,0
DA:218,0
DA:220,0
DA:222,0
DA:227,0
DA:236,0
DA:237,0
DA:239,0
DA:240,0
DA:243,0
DA:246,0
DA:247,0
DA:250,0
DA:255,0
DA:256,0
DA:257,0
DA:258,0
DA:259,0
DA:262,0
DA:263,0
DA:272,0
DA:273,0
DA:275,0
DA:276,0
DA:279,0
DA:284,0
DA:285,0
DA:286,0
DA:288,0
DA:293,0
DA:296,0
DA:297,0
DA:298,0
DA:299,0
DA:302,0
DA:303,0
DA:304,0
DA:306,0
DA:307,0
DA:308,0
DA:309,0
DA:310,0
DA:312,0
DA:316,0
DA:321,0
DA:322,0
DA:323,0
DA:324,0
DA:326,0
DA:327,0
DA:339,0
DA:340,0
DA:346,0
DA:359,0
DA:360,0
DA:361,0
DA:363,0
DA:364,0
DA:365,0
DA:366,0
DA:368,0
DA:369,0
DA:370,0
DA:371,0
DA:373,0
DA:374,0
DA:375,0
DA:379,0
DA:392,0
DA:393,0
DA:397,0
DA:398,0
DA:399,0
DA:402,0
DA:403,0
DA:406,0
LF:139
LH:0
BRDA:40,0,0,0
BRDA:40,0,1,0
BRDA:54,1,0,0
BRDA:54,1,1,0
BRDA:67,2,0,0
BRDA:67,2,1,0
BRDA:102,3,0,0
BRDA:102,3,1,0
BRDA:121,4,0,0
BRDA:121,4,1,0
BRDA:170,5,0,0
BRDA:170,5,1,0
BRDA:170,6,0,0
BRDA:170,6,1,0
BRDA:175,7,0,0
BRDA:175,7,1,0
BRDA:181,8,0,0
BRDA:181,8,1,0
BRDA:189,9,0,0
BRDA:189,9,1,0
BRDA:218,10,0,0
BRDA:218,10,1,0
BRDA:222,11,0,0
BRDA:222,11,1,0
BRDA:222,12,0,0
BRDA:222,12,1,0
BRDA:223,13,0,0
BRDA:223,13,1,0
BRDA:256,14,0,0
BRDA:256,14,1,0
BRDA:262,15,0,0
BRDA:262,15,1,0
BRDA:275,16,0,0
BRDA:275,16,1,0
BRDA:304,17,0,0
BRDA:304,17,1,0
BRDA:322,18,0,0
BRDA:322,18,1,0
BRDA:369,19,0,0
BRDA:369,19,1,0
BRDA:373,20,0,0
BRDA:373,20,1,0
BRF:42
BRH:0
end_of_record
TN:
SF:utils\customServerManager.ts
FN:32,(anonymous_0)
FN:47,(anonymous_1)
FN:57,(anonymous_2)
FN:78,(anonymous_3)
FN:112,(anonymous_4)
FN:135,(anonymous_5)
FN:149,(anonymous_6)
FN:152,(anonymous_7)
FN:172,(anonymous_8)
FN:187,(anonymous_9)
FN:236,(anonymous_10)
FN:258,(anonymous_11)
FN:276,(anonymous_12)
FN:290,(anonymous_13)
FN:311,(anonymous_14)
FN:331,(anonymous_15)
FN:357,(anonymous_16)
FNF:17
FNH:0
FNDA:0,(anonymous_0)
FNDA:0,(anonymous_1)
FNDA:0,(anonymous_2)
FNDA:0,(anonymous_3)
FNDA:0,(anonymous_4)
FNDA:0,(anonymous_5)
FNDA:0,(anonymous_6)
FNDA:0,(anonymous_7)
FNDA:0,(anonymous_8)
FNDA:0,(anonymous_9)
FNDA:0,(anonymous_10)
FNDA:0,(anonymous_11)
FNDA:0,(anonymous_12)
FNDA:0,(anonymous_13)
FNDA:0,(anonymous_14)
FNDA:0,(anonymous_15)
FNDA:0,(anonymous_16)
DA:33,0
DA:44,0
DA:48,0
DA:49,0
DA:51,0
DA:58,0
DA:59,0
DA:60,0
DA:61,0
DA:65,0
DA:66,0
DA:69,0
DA:71,0
DA:79,0
DA:80,0
DA:87,0
DA:90,0
DA:91,0
DA:92,0
DA:93,0
DA:94,0
DA:95,0
DA:98,0
DA:102,0
DA:115,0
DA:118,0
DA:120,0
DA:121,0
DA:125,0
DA:127,0
DA:128,0
DA:135,0
DA:136,0
DA:137,0
DA:143,0
DA:150,0
DA:151,0
DA:152,0
DA:154,0
DA:162,0
DA:163,0
DA:165,0
DA:173,0
DA:175,0
DA:176,0
DA:180,0
DA:181,0
DA:194,0
DA:195,0
DA:196,0
DA:206,0
DA:207,0
DA:208,0
DA:211,0
DA:212,0
DA:217,0
DA:222,0
DA:223,0
DA:237,0
DA:238,0
DA:240,0
DA:241,0
DA:242,0
DA:244,0
DA:246,0
DA:247,0
DA:251,0
DA:259,0
DA:260,0
DA:261,0
DA:265,0
DA:266,0
DA:268,0
DA:269,0
DA:281,0
DA:284,0
DA:289,0
DA:291,0
DA:295,0
DA:297,0
DA:301,0
DA:316,0
DA:317,0
DA:319,0
DA:320,0
DA:322,0
DA:323,0
DA:324,0
DA:326,0
DA:327,0
DA:328,0
DA:331,0
DA:332,0
DA:334,0
DA:337,0
DA:338,0
DA:343,0
DA:344,0
DA:345,0
DA:349,0
DA:358,0
LF:101
LH:0
BRDA:48,0,0,0
BRDA:48,0,1,0
BRDA:60,1,0,0
BRDA:60,1,1,0
BRDA:65,2,0,0
BRDA:65,2,1,0
BRDA:79,3,0,0
BRDA:79,3,1,0
BRDA:93,4,0,0
BRDA:93,4,1,0
BRDA:118,5,0,0
BRDA:118,5,1,0
BRDA:118,6,0,0
BRDA:118,6,1,0
BRDA:125,7,0,0
BRDA:125,7,1,0
BRDA:127,8,0,0
BRDA:127,8,1,0
BRDA:163,9,0,0
BRDA:163,9,1,0
BRDA:173,10,0,0
BRDA:173,10,1,0
BRDA:173,11,0,0
BRDA:173,11,1,0
BRDA:180,12,0,0
BRDA:180,12,1,0
BRDA:181,13,0,0
BRDA:181,13,1,0
BRDA:196,14,0,0
BRDA:196,14,1,0
BRDA:240,15,0,0
BRDA:240,15,1,0
BRDA:241,16,0,0
BRDA:241,16,1,0
BRDA:242,17,0,0
BRDA:242,17,1,0
BRDA:322,18,0,0
BRDA:322,18,1,0
BRDA:331,19,0,0
BRDA:331,19,1,0
BRDA:337,20,0,0
BRDA:337,20,1,0
BRF:42
BRH:0
end_of_record
TN:
SF:utils\dhikrNotifications.ts
FN:24,getRandomDhikrFromNamespace
FN:36,buildDhikrNotifText
FN:53,scheduleAllDhikrNotifications
FN:61,(anonymous_3)
FN:149,(anonymous_4)
FNF:5
FNH:0
FNDA:0,getRandomDhikrFromNamespace
FNDA:0,buildDhikrNotifText
FNDA:0,scheduleAllDhikrNotifications
FNDA:0,(anonymous_3)
FNDA:0,(anonymous_4)
DA:28,0
DA:29,0
DA:30,0
DA:31,0
DA:33,0
DA:37,0
DA:43,0
DA:44,0
DA:57,0
DA:58,0
DA:60,0
DA:62,0
DA:63,0
DA:66,0
DA:67,0
DA:70,0
DA:72,0
DA:76,0
DA:77,0
DA:78,0
DA:90,0
DA:91,0
DA:94,0
DA:95,0
DA:96,0
DA:97,0
DA:108,0
DA:109,0
DA:112,0
DA:113,0
DA:114,0
DA:115,0
DA:126,0
DA:127,0
DA:130,0
DA:131,0
DA:132,0
DA:133,0
DA:144,0
DA:149,0
DA:150,0
DA:151,0
DA:154,0
DA:160,0
DA:161,0
LF:45
LH:0
BRDA:26,0,0,0
BRDA:29,1,0,0
BRDA:29,1,1,0
BRDA:29,2,0,0
BRDA:29,2,1,0
BRDA:43,3,0,0
BRDA:43,3,1,0
BRDA:47,4,0,0
BRDA:47,4,1,0
BRDA:48,5,0,0
BRDA:48,5,1,0
BRDA:49,6,0,0
BRDA:49,6,1,0
BRDA:66,7,0,0
BRDA:66,7,1,0
BRDA:70,8,0,0
BRDA:70,8,1,0
BRDA:72,9,0,0
BRDA:72,9,1,0
BRDA:77,10,0,0
BRDA:77,10,1,0
BRDA:90,11,0,0
BRDA:90,11,1,0
BRDA:90,12,0,0
BRDA:90,12,1,0
BRDA:94,13,0,0
BRDA:94,13,1,0
BRDA:96,14,0,0
BRDA:96,14,1,0
BRDA:108,15,0,0
BRDA:108,15,1,0
BRDA:108,16,0,0
BRDA:108,16,1,0
BRDA:112,17,0,0
BRDA:112,17,1,0
BRDA:114,18,0,0
BRDA:114,18,1,0
BRDA:126,19,0,0
BRDA:126,19,1,0
BRDA:126,20,0,0
BRDA:126,20,1,0
BRDA:130,21,0,0
BRDA:130,21,1,0
BRDA:132,22,0,0
BRDA:132,22,1,0
BRDA:154,23,0,0
BRDA:154,23,1,0
BRDA:160,24,0,0
BRDA:160,24,1,0
BRF:49
BRH:0
end_of_record
TN:
SF:utils\hadithApi.ts
FN:18,getRandomHadith
FN:26,(anonymous_1)
FN:55,(anonymous_2)
FNF:3
FNH:0
FNDA:0,getRandomHadith
FNDA:0,(anonymous_1)
FNDA:0,(anonymous_2)
DA:4,0
DA:16,0
DA:20,0
DA:23,0
DA:24,0
DA:26,0
DA:27,0
DA:30,0
DA:31,0
DA:32,0
DA:35,0
DA:38,0
DA:39,0
DA:40,0
DA:43,0
DA:44,0
DA:47,0
DA:50,0
DA:51,0
DA:52,0
DA:55,0
DA:56,0
DA:57,0
DA:58,0
DA:60,0
DA:62,0
DA:63,0
DA:66,0
DA:76,0
LF:29
LH:0
BRDA:4,0,0,0
BRDA:4,0,1,0
BRDA:24,1,0,0
BRDA:24,1,1,0
BRDA:27,2,0,0
BRDA:27,2,1,0
BRDA:32,3,0,0
BRDA:32,3,1,0
BRDA:39,4,0,0
BRDA:39,4,1,0
BRDA:40,5,0,0
BRDA:40,5,1,0
BRDA:44,6,0,0
BRDA:44,6,1,0
BRDA:51,7,0,0
BRDA:51,7,1,0
BRDA:51,7,2,0
BRDA:52,8,0,0
BRDA:52,8,1,0
BRDA:56,9,0,0
BRDA:56,9,1,0
BRDA:57,10,0,0
BRDA:57,10,1,0
BRDA:58,11,0,0
BRDA:58,11,1,0
BRDA:60,12,0,0
BRDA:60,12,1,0
BRDA:63,13,0,0
BRDA:63,13,1,0
BRF:29
BRH:0
end_of_record
TN:
SF:utils\hybridAudioManager.ts
FN:51,(anonymous_0)
FN:58,(anonymous_1)
FN:68,(anonymous_2)
FN:85,(anonymous_3)
FN:145,(anonymous_4)
FN:180,(anonymous_5)
FN:216,(anonymous_6)
FN:254,(anonymous_7)
FN:275,(anonymous_8)
FN:305,(anonymous_9)
FN:307,(anonymous_10)
FN:322,(anonymous_11)
FN:337,(anonymous_12)
FN:350,(anonymous_13)
FN:360,(anonymous_14)
FN:368,(anonymous_15)
FN:380,(anonymous_16)
FN:400,(anonymous_17)
FN:419,(anonymous_18)
FN:459,(anonymous_19)
FN:465,(anonymous_20)
FN:469,(anonymous_21)
FN:480,(anonymous_22)
FN:489,(anonymous_23)
FNF:24
FNH:0
FNDA:0,(anonymous_0)
FNDA:0,(anonymous_1)
FNDA:0,(anonymous_2)
FNDA:0,(anonymous_3)
FNDA:0,(anonymous_4)
FNDA:0,(anonymous_5)
FNDA:0,(anonymous_6)
FNDA:0,(anonymous_7)
FNDA:0,(anonymous_8)
FNDA:0,(anonymous_9)
FNDA:0,(anonymous_10)
FNDA:0,(anonymous_11)
FNDA:0,(anonymous_12)
FNDA:0,(anonymous_13)
FNDA:0,(anonymous_14)
FNDA:0,(anonymous_15)
FNDA:0,(anonymous_16)
FNDA:0,(anonymous_17)
FNDA:0,(anonymous_18)
FNDA:0,(anonymous_19)
FNDA:0,(anonymous_20)
FNDA:0,(anonymous_21)
FNDA:0,(anonymous_22)
FNDA:0,(anonymous_23)
DA:39,0
DA:41,0
DA:49,0
DA:52,0
DA:53,0
DA:55,0
DA:59,0
DA:60,0
DA:61,0
DA:62,0
DA:76,0
DA:79,0
DA:95,0
DA:96,0
DA:97,0
DA:104,0
DA:105,0
DA:109,0
DA:110,0
DA:120,0
DA:121,0
DA:128,0
DA:129,0
DA:136,0
DA:153,0
DA:155,0
DA:157,0
DA:160,0
DA:163,0
DA:164,0
DA:167,0
DA:170,0
DA:173,0
DA:184,0
DA:185,0
DA:188,0
DA:189,0
DA:192,0
DA:194,0
DA:199,0
DA:208,0
DA:209,0
DA:220,0
DA:221,0
DA:223,0
DA:226,0
DA:227,0
DA:230,0
DA:233,0
DA:234,0
DA:237,0
DA:246,0
DA:247,0
DA:258,0
DA:259,0
DA:262,0
DA:273,0
DA:276,0
DA:277,0
DA:281,0
DA:282,0
DA:286,0
DA:287,0
DA:288,0
DA:289,0
DA:292,0
DA:295,0
DA:297,0
DA:298,0
DA:307,0
DA:308,0
DA:309,0
DA:314,0
DA:315,0
DA:316,0
DA:317,0
DA:320,0
DA:323,0
DA:329,0
DA:338,0
DA:339,0
DA:340,0
DA:343,0
DA:350,0
DA:352,0
DA:353,0
DA:362,0
DA:369,0
DA:370,0
DA:371,0
DA:372,0
DA:373,0
DA:386,0
DA:387,0
DA:389,0
DA:407,0
DA:420,0
DA:422,0
DA:428,0
DA:430,0
DA:431,0
DA:436,0
DA:437,0
DA:438,0
DA:443,0
DA:444,0
DA:445,0
DA:450,0
DA:453,0
DA:460,0
DA:461,0
DA:462,0
DA:466,0
DA:470,0
DA:471,0
DA:472,0
DA:473,0
DA:476,0
DA:481,0
DA:482,0
DA:484,0
DA:491,0
LF:122
LH:0
BRDA:52,0,0,0
BRDA:52,0,1,0
BRDA:70,1,0,0
BRDA:96,2,0,0
BRDA:96,2,1,0
BRDA:104,3,0,0
BRDA:104,3,1,0
BRDA:104,4,0,0
BRDA:104,4,1,0
BRDA:109,5,0,0
BRDA:109,5,1,0
BRDA:113,6,0,0
BRDA:113,6,1,0
BRDA:120,7,0,0
BRDA:120,7,1,0
BRDA:120,8,0,0
BRDA:120,8,1,0
BRDA:128,9,0,0
BRDA:128,9,1,0
BRDA:128,10,0,0
BRDA:128,10,1,0
BRDA:155,11,0,0
BRDA:155,11,1,0
BRDA:155,11,2,0
BRDA:155,11,3,0
BRDA:163,12,0,0
BRDA:163,12,1,0
BRDA:188,13,0,0
BRDA:188,13,1,0
BRDA:226,14,0,0
BRDA:226,14,1,0
BRDA:233,15,0,0
BRDA:233,15,1,0
BRDA:281,16,0,0
BRDA:281,16,1,0
BRDA:287,17,0,0
BRDA:287,17,1,0
BRDA:315,18,0,0
BRDA:315,18,1,0
BRDA:340,19,0,0
BRDA:340,19,1,0
BRDA:370,20,0,0
BRDA:370,20,1,0
BRDA:387,21,0,0
BRDA:387,21,1,0
BRDA:430,22,0,0
BRDA:430,22,1,0
BRDA:437,23,0,0
BRDA:437,23,1,0
BRDA:444,24,0,0
BRDA:444,24,1,0
BRDA:472,25,0,0
BRDA:472,25,1,0
BRF:53
BRH:0
end_of_record
TN:
SF:utils\islamicEvents.ts
FN:22,findGregorianDateFromHijri
FN:50,getIslamicEventsForYear
FNF:2
FNH:0
FNDA:0,findGregorianDateFromHijri
FNDA:0,getIslamicEventsForYear
DA:10,0
DA:27,0
DA:28,0
DA:30,0
DA:36,0
DA:37,0
DA:38,0
DA:39,0
DA:41,0
DA:42,0
DA:46,0
DA:51,0
DA:53,0
DA:54,0
DA:55,0
DA:56,0
DA:60,0
LF:17
LH:0
BRDA:41,0,0,0
BRDA:41,0,1,0
BRDA:41,1,0,0
BRDA:41,1,1,0
BRDA:55,2,0,0
BRDA:55,2,1,0
BRF:6
BRH:0
end_of_record
TN:
SF:utils\logger.ts
FN:21,(anonymous_0)
FN:27,(anonymous_1)
FN:31,(anonymous_2)
FN:35,(anonymous_3)
FN:43,(anonymous_4)
FN:52,(anonymous_5)
FNF:6
FNH:0
FNDA:0,(anonymous_0)
FNDA:0,(anonymous_1)
FNDA:0,(anonymous_2)
FNDA:0,(anonymous_3)
FNDA:0,(anonymous_4)
FNDA:0,(anonymous_5)
DA:10,0
DA:22,0
DA:23,0
DA:28,0
DA:32,0
DA:36,0
DA:44,0
DA:45,0
DA:53,0
DA:54,0
DA:60,0
DA:63,0
DA:64,0
DA:65,0
DA:66,0
DA:67,0
DA:68,0
LF:17
LH:0
BRDA:22,0,0,0
BRDA:22,0,1,0
BRDA:44,1,0,0
BRDA:44,1,1,0
BRDA:53,2,0,0
BRDA:53,2,1,0
BRF:6
BRH:0
end_of_record
TN:
SF:utils\monetization.ts
FN:131,(anonymous_0)
FN:134,(anonymous_1)
FN:135,(anonymous_2)
FN:144,(anonymous_3)
FN:147,(anonymous_4)
FN:185,(anonymous_5)
FN:193,(anonymous_6)
FN:199,(anonymous_7)
FN:219,(anonymous_8)
FN:224,(anonymous_9)
FN:263,(anonymous_10)
FN:274,(anonymous_11)
FN:309,(anonymous_12)
FN:331,(anonymous_13)
FN:349,(anonymous_14)
FNF:15
FNH:0
FNDA:0,(anonymous_0)
FNDA:0,(anonymous_1)
FNDA:0,(anonymous_2)
FNDA:0,(anonymous_3)
FNDA:0,(anonymous_4)
FNDA:0,(anonymous_5)
FNDA:0,(anonymous_6)
FNDA:0,(anonymous_7)
FNDA:0,(anonymous_8)
FNDA:0,(anonymous_9)
FNDA:0,(anonymous_10)
FNDA:0,(anonymous_11)
FNDA:0,(anonymous_12)
FNDA:0,(anonymous_13)
FNDA:0,(anonymous_14)
DA:2,0
DA:31,0
DA:119,0
DA:131,0
DA:132,0
DA:134,0
DA:135,0
DA:136,0
DA:140,0
DA:144,0
DA:147,0
DA:154,0
DA:182,0
DA:183,0
DA:186,0
DA:187,0
DA:189,0
DA:194,0
DA:195,0
DA:200,0
DA:201,0
DA:202,0
DA:205,0
DA:207,0
DA:211,0
DA:215,0
DA:220,0
DA:225,0
DA:226,0
DA:231,0
DA:263,0
DA:267,0
DA:274,0
DA:278,0
DA:279,0
DA:285,0
DA:309,0
DA:312,0
DA:319,0
DA:321,0
DA:323,0
DA:331,0
DA:332,0
DA:349,0
DA:353,0
DA:376,0
DA:386,0
DA:394,0
LF:48
LH:0
BRDA:186,0,0,0
BRDA:186,0,1,0
BRDA:194,1,0,0
BRDA:194,1,1,0
BRDA:200,2,0,0
BRDA:200,2,1,0
BRDA:205,3,0,0
BRDA:205,3,1,0
BRDA:207,4,0,0
BRDA:207,4,1,0
BRDA:208,5,0,0
BRDA:208,5,1,0
BRDA:265,6,0,0
BRDA:319,7,0,0
BRDA:319,7,1,0
BRDA:321,8,0,0
BRDA:321,8,1,0
BRDA:377,9,0,0
BRDA:377,9,1,0
BRF:19
BRH:0
end_of_record
TN:
SF:utils\nativeDownloadManager.ts
FN:44,(anonymous_0)
FN:51,(anonymous_1)
FN:55,(anonymous_2)
FN:61,(anonymous_3)
FN:68,(anonymous_4)
FN:78,(anonymous_5)
FN:85,(anonymous_6)
FN:92,(anonymous_7)
FN:100,(anonymous_8)
FN:107,(anonymous_9)
FN:118,(anonymous_10)
FN:132,(anonymous_11)
FN:146,(anonymous_12)
FN:161,(anonymous_13)
FN:176,(anonymous_14)
FN:190,(anonymous_15)
FN:194,(anonymous_16)
FNF:17
FNH:0
FNDA:0,(anonymous_0)
FNDA:0,(anonymous_1)
FNDA:0,(anonymous_2)
FNDA:0,(anonymous_3)
FNDA:0,(anonymous_4)
FNDA:0,(anonymous_5)
FNDA:0,(anonymous_6)
FNDA:0,(anonymous_7)
FNDA:0,(anonymous_8)
FNDA:0,(anonymous_9)
FNDA:0,(anonymous_10)
FNDA:0,(anonymous_11)
FNDA:0,(anonymous_12)
FNDA:0,(anonymous_13)
FNDA:0,(anonymous_14)
FNDA:0,(anonymous_15)
FNDA:0,(anonymous_16)
DA:3,0
DA:42,0
DA:45,0
DA:46,0
DA:47,0
DA:52,0
DA:55,0
DA:56,0
DA:59,0
DA:62,0
DA:66,0
DA:69,0
DA:74,0
DA:78,0
DA:80,0
DA:83,0
DA:86,0
DA:87,0
DA:93,0
DA:94,0
DA:95,0
DA:104,0
DA:111,0
DA:115,0
DA:119,0
DA:120,0
DA:123,0
DA:124,0
DA:125,0
DA:127,0
DA:128,0
DA:133,0
DA:134,0
DA:137,0
DA:138,0
DA:139,0
DA:141,0
DA:142,0
DA:147,0
DA:148,0
DA:151,0
DA:152,0
DA:153,0
DA:155,0
DA:156,0
DA:162,0
DA:163,0
DA:166,0
DA:167,0
DA:168,0
DA:170,0
DA:171,0
DA:177,0
DA:178,0
DA:181,0
DA:182,0
DA:183,0
DA:185,0
DA:186,0
DA:191,0
DA:195,0
DA:196,0
DA:197,0
DA:198,0
DA:199,0
DA:200,0
DA:201,0
DA:207,0
LF:68
LH:0
BRDA:45,0,0,0
BRDA:45,0,1,0
BRDA:45,1,0,0
BRDA:45,1,1,0
BRDA:52,2,0,0
BRDA:52,2,1,0
BRDA:94,3,0,0
BRDA:94,3,1,0
BRDA:111,4,0,0
BRDA:111,4,1,0
BRDA:119,5,0,0
BRDA:119,5,1,0
BRDA:119,6,0,0
BRDA:119,6,1,0
BRDA:133,7,0,0
BRDA:133,7,1,0
BRDA:133,8,0,0
BRDA:133,8,1,0
BRDA:147,9,0,0
BRDA:147,9,1,0
BRDA:147,10,0,0
BRDA:147,10,1,0
BRDA:162,11,0,0
BRDA:162,11,1,0
BRDA:162,12,0,0
BRDA:162,12,1,0
BRDA:177,13,0,0
BRDA:177,13,1,0
BRDA:177,14,0,0
BRDA:177,14,1,0
BRDA:191,15,0,0
BRDA:191,15,1,0
BRDA:196,16,0,0
BRDA:196,16,1,0
BRF:34
BRH:0
end_of_record
TN:
SF:utils\notifications.ts
FN:4,initNotifications
FN:7,getBasePrayerLabel
FN:11,schedulePrayerNotifications
FN:21,(anonymous_3)
FNF:4
FNH:0
FNDA:0,initNotifications
FNDA:0,getBasePrayerLabel
FNDA:0,schedulePrayerNotifications
FNDA:0,(anonymous_3)
DA:8,0
DA:17,0
DA:18,0
DA:20,0
DA:22,0
DA:23,0
DA:26,0
DA:27,0
DA:32,0
DA:36,0
DA:50,0
DA:52,0
DA:55,0
DA:59,0
DA:61,0
LF:15
LH:0
BRDA:26,0,0,0
BRDA:26,0,1,0
BRDA:32,1,0,0
BRDA:32,1,1,0
BRDA:50,2,0,0
BRDA:50,2,1,0
BRDA:52,3,0,0
BRDA:52,3,1,0
BRF:8
BRH:0
end_of_record
TN:
SF:utils\prayerTimes.ts
FN:12,computePrayerTimesForDate
FNF:1
FNH:0
FNDA:0,computePrayerTimesForDate
DA:17,0
DA:18,0
DA:21,0
DA:32,0
DA:34,0
DA:35,0
DA:37,0
DA:38,0
DA:40,0
DA:41,0
DA:43,0
DA:44,0
DA:46,0
DA:47,0
DA:49,0
DA:50,0
DA:52,0
DA:53,0
DA:55,0
DA:56,0
DA:58,0
DA:59,0
DA:61,0
DA:65,0
DA:68,0
DA:77,0
LF:26
LH:0
BRDA:32,0,0,0
BRDA:32,0,1,0
BRDA:32,0,2,0
BRDA:32,0,3,0
BRDA:32,0,4,0
BRDA:32,0,5,0
BRDA:32,0,6,0
BRDA:32,0,7,0
BRDA:32,0,8,0
BRDA:32,0,9,0
BRF:10
BRH:0
end_of_record
TN:
SF:utils\premiumContent.ts
FN:46,(anonymous_0)
FN:58,(anonymous_1)
FN:62,(anonymous_2)
FN:69,(anonymous_3)
FN:120,(anonymous_4)
FN:141,(anonymous_5)
FN:153,(anonymous_6)
FN:165,(anonymous_7)
FN:296,(anonymous_8)
FN:390,(anonymous_9)
FN:421,(anonymous_10)
FN:481,(anonymous_11)
FN:505,(anonymous_12)
FN:522,(anonymous_13)
FN:568,(anonymous_14)
FN:580,(anonymous_15)
FN:593,(anonymous_16)
FN:612,(anonymous_17)
FN:635,(anonymous_18)
FN:659,(anonymous_19)
FN:676,(anonymous_20)
FN:694,(anonymous_21)
FN:695,(anonymous_22)
FN:717,(anonymous_23)
FN:768,(anonymous_24)
FN:890,(anonymous_25)
FN:898,(anonymous_26)
FN:916,(anonymous_27)
FN:934,(anonymous_28)
FN:944,(anonymous_29)
FN:1014,(anonymous_30)
FN:1027,(anonymous_31)
FN:1061,(anonymous_32)
FN:1128,(anonymous_33)
FN:1138,(anonymous_34)
FN:1189,(anonymous_35)
FN:1236,(anonymous_36)
FN:1255,(anonymous_37)
FN:1270,(anonymous_38)
FN:1320,(anonymous_39)
FN:1446,(anonymous_40)
FN:1490,(anonymous_41)
FN:1574,(anonymous_42)
FN:1676,(anonymous_43)
FN:1704,(anonymous_44)
FN:1738,(anonymous_45)
FN:1759,(anonymous_46)
FN:1771,(anonymous_47)
FN:1797,(anonymous_48)
FN:1831,(anonymous_49)
FN:1837,(anonymous_50)
FN:1952,(anonymous_51)
FN:1981,(anonymous_52)
FN:1997,(anonymous_53)
FN:2067,(anonymous_54)
FN:2094,(anonymous_55)
FN:2164,(anonymous_56)
FN:2173,(anonymous_57)
FN:2226,(anonymous_58)
FN:2248,(anonymous_59)
FN:2263,(anonymous_60)
FN:2279,(anonymous_61)
FN:2348,(anonymous_62)
FN:2373,(anonymous_63)
FN:2392,(anonymous_64)
FN:2435,(anonymous_65)
FN:2436,(anonymous_66)
FN:2445,(anonymous_67)
FN:2475,(anonymous_68)
FN:2518,(anonymous_69)
FN:2555,(anonymous_70)
FN:2573,(anonymous_71)
FN:2591,(anonymous_72)
FN:2614,(anonymous_73)
FN:2615,(anonymous_74)
FN:2717,(anonymous_75)
FN:2742,(anonymous_76)
FN:2833,(anonymous_77)
FN:2895,(anonymous_78)
FN:2911,(anonymous_79)
FN:2918,(anonymous_80)
FN:2931,(anonymous_81)
FN:2964,(anonymous_82)
FN:2988,(anonymous_83)
FN:3005,(anonymous_84)
FN:3020,(anonymous_85)
FN:3032,(anonymous_86)
FN:3052,(anonymous_87)
FN:3092,(anonymous_88)
FN:3105,(anonymous_89)
FN:3106,(anonymous_90)
FN:3124,(anonymous_91)
FN:3125,(anonymous_92)
FN:3142,(anonymous_93)
FN:3147,(anonymous_94)
FN:3152,(anonymous_95)
FN:3192,(anonymous_96)
FN:3214,(anonymous_97)
FN:3231,(anonymous_98)
FN:3294,(anonymous_99)
FN:3321,(anonymous_100)
FN:3341,(anonymous_101)
FN:3384,(anonymous_102)
FN:3417,(anonymous_103)
FN:3444,(anonymous_104)
FN:3538,(anonymous_105)
FN:3642,(anonymous_106)
FN:3700,(anonymous_107)
FNF:108
FNH:0
FNDA:0,(anonymous_0)
FNDA:0,(anonymous_1)
FNDA:0,(anonymous_2)
FNDA:0,(anonymous_3)
FNDA:0,(anonymous_4)
FNDA:0,(anonymous_5)
FNDA:0,(anonymous_6)
FNDA:0,(anonymous_7)
FNDA:0,(anonymous_8)
FNDA:0,(anonymous_9)
FNDA:0,(anonymous_10)
FNDA:0,(anonymous_11)
FNDA:0,(anonymous_12)
FNDA:0,(anonymous_13)
FNDA:0,(anonymous_14)
FNDA:0,(anonymous_15)
FNDA:0,(anonymous_16)
FNDA:0,(anonymous_17)
FNDA:0,(anonymous_18)
FNDA:0,(anonymous_19)
FNDA:0,(anonymous_20)
FNDA:0,(anonymous_21)
FNDA:0,(anonymous_22)
FNDA:0,(anonymous_23)
FNDA:0,(anonymous_24)
FNDA:0,(anonymous_25)
FNDA:0,(anonymous_26)
FNDA:0,(anonymous_27)
FNDA:0,(anonymous_28)
FNDA:0,(anonymous_29)
FNDA:0,(anonymous_30)
FNDA:0,(anonymous_31)
FNDA:0,(anonymous_32)
FNDA:0,(anonymous_33)
FNDA:0,(anonymous_34)
FNDA:0,(anonymous_35)
FNDA:0,(anonymous_36)
FNDA:0,(anonymous_37)
FNDA:0,(anonymous_38)
FNDA:0,(anonymous_39)
FNDA:0,(anonymous_40)
FNDA:0,(anonymous_41)
FNDA:0,(anonymous_42)
FNDA:0,(anonymous_43)
FNDA:0,(anonymous_44)
FNDA:0,(anonymous_45)
FNDA:0,(anonymous_46)
FNDA:0,(anonymous_47)
FNDA:0,(anonymous_48)
FNDA:0,(anonymous_49)
FNDA:0,(anonymous_50)
FNDA:0,(anonymous_51)
FNDA:0,(anonymous_52)
FNDA:0,(anonymous_53)
FNDA:0,(anonymous_54)
FNDA:0,(anonymous_55)
FNDA:0,(anonymous_56)
FNDA:0,(anonymous_57)
FNDA:0,(anonymous_58)
FNDA:0,(anonymous_59)
FNDA:0,(anonymous_60)
FNDA:0,(anonymous_61)
FNDA:0,(anonymous_62)
FNDA:0,(anonymous_63)
FNDA:0,(anonymous_64)
FNDA:0,(anonymous_65)
FNDA:0,(anonymous_66)
FNDA:0,(anonymous_67)
FNDA:0,(anonymous_68)
FNDA:0,(anonymous_69)
FNDA:0,(anonymous_70)
FNDA:0,(anonymous_71)
FNDA:0,(anonymous_72)
FNDA:0,(anonymous_73)
FNDA:0,(anonymous_74)
FNDA:0,(anonymous_75)
FNDA:0,(anonymous_76)
FNDA:0,(anonymous_77)
FNDA:0,(anonymous_78)
FNDA:0,(anonymous_79)
FNDA:0,(anonymous_80)
FNDA:0,(anonymous_81)
FNDA:0,(anonymous_82)
FNDA:0,(anonymous_83)
FNDA:0,(anonymous_84)
FNDA:0,(anonymous_85)
FNDA:0,(anonymous_86)
FNDA:0,(anonymous_87)
FNDA:0,(anonymous_88)
FNDA:0,(anonymous_89)
FNDA:0,(anonymous_90)
FNDA:0,(anonymous_91)
FNDA:0,(anonymous_92)
FNDA:0,(anonymous_93)
FNDA:0,(anonymous_94)
FNDA:0,(anonymous_95)
FNDA:0,(anonymous_96)
FNDA:0,(anonymous_97)
FNDA:0,(anonymous_98)
FNDA:0,(anonymous_99)
FNDA:0,(anonymous_100)
FNDA:0,(anonymous_101)
FNDA:0,(anonymous_102)
FNDA:0,(anonymous_103)
FNDA:0,(anonymous_104)
FNDA:0,(anonymous_105)
FNDA:0,(anonymous_106)
FNDA:0,(anonymous_107)
DA:44,0
DA:48,0
DA:49,0
DA:50,0
DA:51,0
DA:52,0
DA:59,0
DA:63,0
DA:64,0
DA:66,0
DA:70,0
DA:72,0
DA:74,0
DA:76,0
DA:77,0
DA:80,0
DA:81,0
DA:82,0
DA:85,0
DA:90,0
DA:91,0
DA:92,0
DA:93,0
DA:94,0
DA:96,0
DA:104,0
DA:107,0
DA:110,0
DA:115,0
DA:121,0
DA:122,0
DA:123,0
DA:124,0
DA:126,0
DA:127,0
DA:130,0
DA:133,0
DA:135,0
DA:136,0
DA:142,0
DA:143,0
DA:144,0
DA:145,0
DA:146,0
DA:148,0
DA:154,0
DA:155,0
DA:156,0
DA:157,0
DA:158,0
DA:160,0
DA:171,0
DA:172,0
DA:174,0
DA:182,0
DA:185,0
DA:186,0
DA:187,0
DA:188,0
DA:189,0
DA:190,0
DA:191,0
DA:197,0
DA:201,0
DA:202,0
DA:203,0
DA:204,0
DA:205,0
DA:206,0
DA:207,0
DA:208,0
DA:210,0
DA:211,0
DA:212,0
DA:218,0
DA:226,0
DA:233,0
DA:235,0
DA:236,0
DA:238,0
DA:239,0
DA:240,0
DA:242,0
DA:244,0
DA:249,0
DA:250,0
DA:254,0
DA:255,0
DA:260,0
DA:261,0
DA:266,0
DA:272,0
DA:273,0
DA:278,0
DA:279,0
DA:283,0
DA:285,0
DA:286,0
DA:302,0
DA:303,0
DA:305,0
DA:312,0
DA:316,0
DA:317,0
DA:318,0
DA:321,0
DA:322,0
DA:324,0
DA:325,0
DA:326,0
DA:328,0
DA:329,0
DA:330,0
DA:333,0
DA:334,0
DA:335,0
DA:336,0
DA:337,0
DA:338,0
DA:341,0
DA:342,0
DA:345,0
DA:347,0
DA:350,0
DA:351,0
DA:355,0
DA:356,0
DA:357,0
DA:361,0
DA:362,0
DA:367,0
DA:372,0
DA:373,0
DA:377,0
DA:379,0
DA:380,0
DA:391,0
DA:392,0
DA:395,0
DA:396,0
DA:398,0
DA:399,0
DA:400,0
DA:401,0
DA:402,0
DA:403,0
DA:405,0
DA:410,0
DA:413,0
DA:414,0
DA:416,0
DA:422,0
DA:423,0
DA:427,0
DA:428,0
DA:429,0
DA:431,0
DA:434,0
DA:442,0
DA:450,0
DA:457,0
DA:464,0
DA:466,0
DA:471,0
DA:473,0
DA:475,0
DA:476,0
DA:482,0
DA:483,0
DA:484,0
DA:488,0
DA:489,0
DA:490,0
DA:491,0
DA:493,0
DA:494,0
DA:498,0
DA:500,0
DA:501,0
DA:506,0
DA:507,0
DA:511,0
DA:515,0
DA:517,0
DA:523,0
DA:524,0
DA:528,0
DA:529,0
DA:530,0
DA:531,0
DA:536,0
DA:538,0
DA:541,0
DA:543,0
DA:547,0
DA:548,0
DA:551,0
DA:554,0
DA:556,0
DA:557,0
DA:559,0
DA:560,0
DA:565,0
DA:572,0
DA:573,0
DA:574,0
DA:577,0
DA:580,0
DA:581,0
DA:582,0
DA:585,0
DA:586,0
DA:587,0
DA:589,0
DA:590,0
DA:592,0
DA:594,0
DA:595,0
DA:597,0
DA:598,0
DA:603,0
DA:604,0
DA:605,0
DA:607,0
DA:612,0
DA:616,0
DA:617,0
DA:618,0
DA:622,0
DA:627,0
DA:629,0
DA:636,0
DA:637,0
DA:638,0
DA:642,0
DA:643,0
DA:644,0
DA:645,0
DA:647,0
DA:648,0
DA:652,0
DA:654,0
DA:655,0
DA:660,0
DA:661,0
DA:665,0
DA:669,0
DA:671,0
DA:680,0
DA:681,0
DA:683,0
DA:686,0
DA:687,0
DA:688,0
DA:689,0
DA:690,0
DA:693,0
DA:694,0
DA:697,0
DA:698,0
DA:699,0
DA:711,0
DA:712,0
DA:726,0
DA:727,0
DA:728,0
DA:729,0
DA:730,0
DA:741,0
DA:745,0
DA:746,0
DA:747,0
DA:748,0
DA:759,0
DA:760,0
DA:769,0
DA:886,0
DA:892,0
DA:895,0
DA:898,0
DA:901,0
DA:903,0
DA:905,0
DA:907,0
DA:909,0
DA:911,0
DA:917,0
DA:919,0
DA:921,0
DA:923,0
DA:925,0
DA:927,0
DA:929,0
DA:941,0
DA:949,0
DA:950,0
DA:953,0
DA:955,0
DA:963,0
DA:966,0
DA:969,0
DA:970,0
DA:971,0
DA:973,0
DA:975,0
DA:976,0
DA:977,0
DA:978,0
DA:982,0
DA:983,0
DA:987,0
DA:988,0
DA:989,0
DA:993,0
DA:995,0
DA:996,0
DA:999,0
DA:1000,0
DA:1001,0
DA:1002,0
DA:1004,0
DA:1006,0
DA:1007,0
DA:1011,0
DA:1014,0
DA:1015,0
DA:1018,0
DA:1019,0
DA:1021,0
DA:1022,0
DA:1030,0
DA:1032,0
DA:1035,0
DA:1036,0
DA:1038,0
DA:1039,0
DA:1040,0
DA:1044,0
DA:1045,0
DA:1046,0
DA:1048,0
DA:1049,0
DA:1050,0
DA:1053,0
DA:1054,0
DA:1056,0
DA:1057,0
DA:1066,0
DA:1067,0
DA:1070,0
DA:1071,0
DA:1072,0
DA:1075,0
DA:1079,0
DA:1084,0
DA:1085,0
DA:1088,0
DA:1089,0
DA:1092,0
DA:1093,0
DA:1094,0
DA:1095,0
DA:1098,0
DA:1099,0
DA:1100,0
DA:1101,0
DA:1102,0
DA:1106,0
DA:1109,0
DA:1110,0
DA:1114,0
DA:1119,0
DA:1122,0
DA:1125,0
DA:1130,0
DA:1131,0
DA:1134,0
DA:1138,0
DA:1139,0
DA:1140,0
DA:1146,0
DA:1149,0
DA:1150,0
DA:1154,0
DA:1155,0
DA:1157,0
DA:1159,0
DA:1163,0
DA:1165,0
DA:1166,0
DA:1167,0
DA:1168,0
DA:1170,0
DA:1174,0
DA:1177,0
DA:1178,0
DA:1180,0
DA:1183,0
DA:1184,0
DA:1193,0
DA:1194,0
DA:1197,0
DA:1199,0
DA:1205,0
DA:1211,0
DA:1212,0
DA:1213,0
DA:1215,0
DA:1216,0
DA:1217,0
DA:1220,0
DA:1222,0
DA:1227,0
DA:1231,0
DA:1240,0
DA:1241,0
DA:1244,0
DA:1245,0
DA:1246,0
DA:1247,0
DA:1251,0
DA:1254,0
DA:1255,0
DA:1256,0
DA:1257,0
DA:1258,0
DA:1264,0
DA:1269,0
DA:1270,0
DA:1272,0
DA:1278,0
DA:1279,0
DA:1285,0
DA:1289,0
DA:1290,0
DA:1291,0
DA:1295,0
DA:1301,0
DA:1304,0
DA:1305,0
DA:1306,0
DA:1308,0
DA:1312,0
DA:1314,0
DA:1315,0
DA:1322,0
DA:1323,0
DA:1324,0
DA:1327,0
DA:1328,0
DA:1330,0
DA:1333,0
DA:1335,0
DA:1336,0
DA:1337,0
DA:1340,0
DA:1341,0
DA:1342,0
DA:1344,0
DA:1345,0
DA:1348,0
DA:1352,0
DA:1353,0
DA:1354,0
DA:1357,0
DA:1358,0
DA:1359,0
DA:1362,0
DA:1363,0
DA:1367,0
DA:1368,0
DA:1372,0
DA:1376,0
DA:1379,0
DA:1384,0
DA:1385,0
DA:1386,0
DA:1389,0
DA:1390,0
DA:1395,0
DA:1396,0
DA:1397,0
DA:1399,0
DA:1400,0
DA:1404,0
DA:1408,0
DA:1409,0
DA:1410,0
DA:1413,0
DA:1414,0
DA:1419,0
DA:1420,0
DA:1421,0
DA:1425,0
DA:1428,0
DA:1430,0
DA:1434,0
DA:1435,0
DA:1437,0
DA:1438,0
DA:1441,0
DA:1449,0
DA:1453,0
DA:1454,0
DA:1455,0
DA:1456,0
DA:1457,0
DA:1458,0
DA:1463,0
DA:1464,0
DA:1465,0
DA:1466,0
DA:1467,0
DA:1468,0
DA:1469,0
DA:1470,0
DA:1475,0
DA:1476,0
DA:1477,0
DA:1478,0
DA:1479,0
DA:1482,0
DA:1484,0
DA:1485,0
DA:1491,0
DA:1492,0
DA:1495,0
DA:1498,0
DA:1500,0
DA:1501,0
DA:1502,0
DA:1503,0
DA:1506,0
DA:1507,0
DA:1508,0
DA:1510,0
DA:1511,0
DA:1515,0
DA:1519,0
DA:1520,0
DA:1521,0
DA:1522,0
DA:1523,0
DA:1525,0
DA:1529,0
DA:1533,0
DA:1535,0
DA:1536,0
DA:1538,0
DA:1539,0
DA:1540,0
DA:1541,0
DA:1542,0
DA:1545,0
DA:1551,0
DA:1552,0
DA:1558,0
DA:1559,0
DA:1560,0
DA:1562,0
DA:1566,0
DA:1568,0
DA:1569,0
DA:1575,0
DA:1576,0
DA:1578,0
DA:1581,0
DA:1582,0
DA:1583,0
DA:1586,0
DA:1591,0
DA:1594,0
DA:1597,0
DA:1600,0
DA:1601,0
DA:1604,0
DA:1607,0
DA:1608,0
DA:1614,0
DA:1619,0
DA:1620,0
DA:1623,0
DA:1624,0
DA:1627,0
DA:1637,0
DA:1638,0
DA:1639,0
DA:1641,0
DA:1644,0
DA:1651,0
DA:1653,0
DA:1654,0
DA:1656,0
DA:1661,0
DA:1662,0
DA:1666,0
DA:1668,0
DA:1671,0
DA:1677,0
DA:1678,0
DA:1681,0
DA:1683,0
DA:1684,0
DA:1685,0
DA:1686,0
DA:1687,0
DA:1691,0
DA:1693,0
DA:1694,0
DA:1707,0
DA:1708,0
DA:1711,0
DA:1712,0
DA:1713,0
DA:1714,0
DA:1718,0
DA:1721,0
DA:1727,0
DA:1728,0
DA:1730,0
DA:1731,0
DA:1739,0
DA:1740,0
DA:1742,0
DA:1743,0
DA:1744,0
DA:1745,0
DA:1747,0
DA:1748,0
DA:1751,0
DA:1752,0
DA:1760,0
DA:1761,0
DA:1762,0
DA:1764,0
DA:1777,0
DA:1780,0
DA:1781,0
DA:1782,0
DA:1784,0
DA:1800,0
DA:1801,0
DA:1804,0
DA:1807,0
DA:1808,0
DA:1809,0
DA:1810,0
DA:1814,0
DA:1815,0
DA:1816,0
DA:1817,0
DA:1820,0
DA:1821,0
DA:1823,0
DA:1824,0
DA:1832,0
DA:1833,0
DA:1838,0
DA:1839,0
DA:1841,0
DA:1844,0
DA:1845,0
DA:1846,0
DA:1849,0
DA:1850,0
DA:1851,0
DA:1853,0
DA:1854,0
DA:1855,0
DA:1857,0
DA:1858,0
DA:1862,0
DA:1868,0
DA:1869,0
DA:1870,0
DA:1873,0
DA:1874,0
DA:1875,0
DA:1876,0
DA:1877,0
DA:1880,0
DA:1881,0
DA:1882,0
DA:1888,0
DA:1889,0
DA:1890,0
DA:1891,0
DA:1892,0
DA:1897,0
DA:1898,0
DA:1899,0
DA:1900,0
DA:1904,0
DA:1907,0
DA:1911,0
DA:1912,0
DA:1913,0
DA:1916,0
DA:1919,0
DA:1920,0
DA:1921,0
DA:1922,0
DA:1923,0
DA:1926,0
DA:1930,0
DA:1934,0
DA:1936,0
DA:1940,0
DA:1944,0
DA:1947,0
DA:1953,0
DA:1954,0
DA:1961,0
DA:1962,0
DA:1963,0
DA:1964,0
DA:1965,0
DA:1966,0
DA:1967,0
DA:1974,0
DA:1983,0
DA:1985,0
DA:1988,0
DA:1990,0
DA:1992,0
DA:1998,0
DA:1999,0
DA:2001,0
DA:2002,0
DA:2005,0
DA:2006,0
DA:2009,0
DA:2011,0
DA:2012,0
DA:2013,0
DA:2014,0
DA:2015,0
DA:2019,0
DA:2025,0
DA:2026,0
DA:2027,0
DA:2028,0
DA:2029,0
DA:2032,0
DA:2036,0
DA:2037,0
DA:2053,0
DA:2056,0
DA:2059,0
DA:2061,0
DA:2062,0
DA:2068,0
DA:2069,0
DA:2071,0
DA:2074,0
DA:2075,0
DA:2080,0
DA:2081,0
DA:2084,0
DA:2086,0
DA:2087,0
DA:2088,0
DA:2093,0
DA:2095,0
DA:2100,0
DA:2101,0
DA:2104,0
DA:2106,0
DA:2107,0
DA:2109,0
DA:2110,0
DA:2112,0
DA:2116,0
DA:2120,0
DA:2124,0
DA:2127,0
DA:2141,0
DA:2146,0
DA:2147,0
DA:2149,0
DA:2152,0
DA:2155,0
DA:2156,0
DA:2158,0
DA:2159,0
DA:2165,0
DA:2167,0
DA:2169,0
DA:2170,0
DA:2171,0
DA:2173,0
DA:2175,0
DA:2177,0
DA:2179,0
DA:2185,0
DA:2186,0
DA:2196,0
DA:2197,0
DA:2198,0
DA:2199,0
DA:2200,0
DA:2201,0
DA:2205,0
DA:2209,0
DA:2210,0
DA:2211,0
DA:2213,0
DA:2214,0
DA:2215,0
DA:2216,0
DA:2217,0
DA:2219,0
DA:2220,0
DA:2224,0
DA:2226,0
DA:2231,0
DA:2234,0
DA:2237,0
DA:2240,0
DA:2242,0
DA:2243,0
DA:2249,0
DA:2250,0
DA:2253,0
DA:2255,0
DA:2256,0
DA:2259,0
DA:2260,0
DA:2261,0
DA:2263,0
DA:2264,0
DA:2265,0
DA:2271,0
DA:2273,0
DA:2274,0
DA:2283,0
DA:2284,0
DA:2289,0
DA:2294,0
DA:2296,0
DA:2297,0
DA:2298,0
DA:2301,0
DA:2302,0
DA:2307,0
DA:2308,0
DA:2311,0
DA:2316,0
DA:2331,0
DA:2336,0
DA:2338,0
DA:2343,0
DA:2350,0
DA:2361,0
DA:2362,0
DA:2366,0
DA:2367,0
DA:2368,0
DA:2369,0
DA:2374,0
DA:2377,0
DA:2378,0
DA:2379,0
DA:2380,0
DA:2381,0
DA:2382,0
DA:2383,0
DA:2384,0
DA:2385,0
DA:2388,0
DA:2398,0
DA:2399,0
DA:2402,0
DA:2403,0
DA:2411,0
DA:2412,0
DA:2413,0
DA:2416,0
DA:2419,0
DA:2420,0
DA:2423,0
DA:2424,0
DA:2427,0
DA:2428,0
DA:2430,0
DA:2434,0
DA:2435,0
DA:2436,0
DA:2438,0
DA:2439,0
DA:2442,0
DA:2443,0
DA:2445,0
DA:2446,0
DA:2453,0
DA:2460,0
DA:2461,0
DA:2485,0
DA:2487,0
DA:2488,0
DA:2490,0
DA:2492,0
DA:2493,0
DA:2495,0
DA:2496,0
DA:2498,0
DA:2499,0
DA:2500,0
DA:2503,0
DA:2504,0
DA:2505,0
DA:2507,0
DA:2526,0
DA:2527,0
DA:2530,0
DA:2533,0
DA:2534,0
DA:2535,0
DA:2538,0
DA:2544,0
DA:2545,0
DA:2547,0
DA:2548,0
DA:2560,0
DA:2561,0
DA:2567,0
DA:2577,0
DA:2579,0
DA:2583,0
DA:2585,0
DA:2586,0
DA:2592,0
DA:2593,0
DA:2596,0
DA:2597,0
DA:2598,0
DA:2599,0
DA:2603,0
DA:2606,0
DA:2608,0
DA:2609,0
DA:2610,0
DA:2613,0
DA:2614,0
DA:2615,0
DA:2618,0
DA:2620,0
DA:2623,0
DA:2624,0
DA:2625,0
DA:2626,0
DA:2629,0
DA:2633,0
DA:2634,0
DA:2635,0
DA:2640,0
DA:2642,0
DA:2647,0
DA:2653,0
DA:2654,0
DA:2656,0
DA:2659,0
DA:2660,0
DA:2661,0
DA:2664,0
DA:2668,0
DA:2670,0
DA:2676,0
DA:2677,0
DA:2678,0
DA:2679,0
DA:2682,0
DA:2683,0
DA:2684,0
DA:2688,0
DA:2689,0
DA:2690,0
DA:2691,0
DA:2698,0
DA:2699,0
DA:2703,0
DA:2707,0
DA:2712,0
DA:2718,0
DA:2721,0
DA:2722,0
DA:2724,0
DA:2725,0
DA:2730,0
DA:2731,0
DA:2732,0
DA:2733,0
DA:2734,0
DA:2738,0
DA:2745,0
DA:2747,0
DA:2749,0
DA:2751,0
DA:2753,0
DA:2754,0
DA:2755,0
DA:2757,0
DA:2758,0
DA:2761,0
DA:2765,0
DA:2766,0
DA:2767,0
DA:2769,0
DA:2770,0
DA:2773,0
DA:2777,0
DA:2778,0
DA:2779,0
DA:2781,0
DA:2782,0
DA:2785,0
DA:2789,0
DA:2790,0
DA:2791,0
DA:2793,0
DA:2794,0
DA:2797,0
DA:2803,0
DA:2804,0
DA:2805,0
DA:2807,0
DA:2808,0
DA:2809,0
DA:2813,0
DA:2814,0
DA:2815,0
DA:2817,0
DA:2818,0
DA:2819,0
DA:2822,0
DA:2824,0
DA:2828,0
DA:2837,0
DA:2838,0
DA:2843,0
DA:2845,0
DA:2846,0
DA:2849,0
DA:2850,0
DA:2851,0
DA:2854,0
DA:2858,0
DA:2859,0
DA:2860,0
DA:2863,0
DA:2864,0
DA:2868,0
DA:2871,0
DA:2872,0
DA:2873,0
DA:2876,0
DA:2877,0
DA:2878,0
DA:2880,0
DA:2883,0
DA:2885,0
DA:2886,0
DA:2889,0
DA:2890,0
DA:2897,0
DA:2900,0
DA:2901,0
DA:2902,0
DA:2903,0
DA:2907,0
DA:2910,0
DA:2911,0
DA:2913,0
DA:2914,0
DA:2919,0
DA:2920,0
DA:2924,0
DA:2925,0
DA:2926,0
DA:2927,0
DA:2930,0
DA:2932,0
DA:2933,0
DA:2941,0
DA:2942,0
DA:2946,0
DA:2947,0
DA:2949,0
DA:2951,0
DA:2952,0
DA:2953,0
DA:2956,0
DA:2958,0
DA:2959,0
DA:2965,0
DA:2966,0
DA:2967,0
DA:2969,0
DA:2970,0
DA:2971,0
DA:2973,0
DA:2974,0
DA:2975,0
DA:2976,0
DA:2980,0
DA:2982,0
DA:2983,0
DA:2989,0
DA:2990,0
DA:2994,0
DA:2998,0
DA:3000,0
DA:3006,0
DA:3007,0
DA:3008,0
DA:3009,0
DA:3010,0
DA:3011,0
DA:3012,0
DA:3013,0
DA:3015,0
DA:3021,0
DA:3022,0
DA:3023,0
DA:3024,0
DA:3025,0
DA:3027,0
DA:3033,0
DA:3034,0
DA:3037,0
DA:3040,0
DA:3041,0
DA:3042,0
DA:3044,0
DA:3047,0
DA:3061,0
DA:3062,0
DA:3064,0
DA:3075,0
DA:3078,0
DA:3079,0
DA:3080,0
DA:3082,0
DA:3086,0
DA:3087,0
DA:3088,0
DA:3089,0
DA:3092,0
DA:3094,0
DA:3096,0
DA:3100,0
DA:3101,0
DA:3102,0
DA:3103,0
DA:3104,0
DA:3105,0
DA:3106,0
DA:3107,0
DA:3111,0
DA:3114,0
DA:3118,0
DA:3119,0
DA:3120,0
DA:3121,0
DA:3122,0
DA:3123,0
DA:3124,0
DA:3125,0
DA:3126,0
DA:3130,0
DA:3133,0
DA:3137,0
DA:3141,0
DA:3142,0
DA:3146,0
DA:3147,0
DA:3151,0
DA:3152,0
DA:3156,0
DA:3157,0
DA:3162,0
DA:3163,0
DA:3168,0
DA:3172,0
DA:3177,0
DA:3178,0
DA:3183,0
DA:3184,0
DA:3186,0
DA:3187,0
DA:3197,0
DA:3198,0
DA:3200,0
DA:3207,0
DA:3210,0
DA:3211,0
DA:3212,0
DA:3213,0
DA:3214,0
DA:3215,0
DA:3216,0
DA:3217,0
DA:3222,0
DA:3226,0
DA:3227,0
DA:3228,0
DA:3229,0
DA:3230,0
DA:3231,0
DA:3232,0
DA:3233,0
DA:3235,0
DA:3236,0
DA:3242,0
DA:3246,0
DA:3248,0
DA:3249,0
DA:3251,0
DA:3252,0
DA:3254,0
DA:3255,0
DA:3257,0
DA:3258,0
DA:3259,0
DA:3263,0
DA:3269,0
DA:3271,0
DA:3276,0
DA:3282,0
DA:3283,0
DA:3285,0
DA:3286,0
DA:3288,0
DA:3289,0
DA:3302,0
DA:3303,0
DA:3305,0
DA:3315,0
DA:3316,0
DA:3317,0
DA:3318,0
DA:3321,0
DA:3322,0
DA:3323,0
DA:3324,0
DA:3327,0
DA:3330,0
DA:3331,0
DA:3338,0
DA:3339,0
DA:3342,0
DA:3346,0
DA:3347,0
DA:3354,0
DA:3355,0
DA:3356,0
DA:3358,0
DA:3359,0
DA:3360,0
DA:3367,0
DA:3370,0
DA:3372,0
DA:3374,0
DA:3375,0
DA:3382,0
DA:3383,0
DA:3384,0
DA:3386,0
DA:3388,0
DA:3389,0
DA:3394,0
DA:3395,0
DA:3401,0
DA:3402,0
DA:3404,0
DA:3405,0
DA:3426,0
DA:3427,0
DA:3429,0
DA:3437,0
DA:3438,0
DA:3439,0
DA:3440,0
DA:3441,0
DA:3444,0
DA:3445,0
DA:3446,0
DA:3447,0
DA:3448,0
DA:3451,0
DA:3454,0
DA:3455,0
DA:3457,0
DA:3460,0
DA:3461,0
DA:3462,0
DA:3463,0
DA:3467,0
DA:3468,0
DA:3469,0
DA:3470,0
DA:3471,0
DA:3474,0
DA:3475,0
DA:3476,0
DA:3480,0
DA:3482,0
DA:3483,0
DA:3484,0
DA:3485,0
DA:3488,0
DA:3489,0
DA:3491,0
DA:3494,0
DA:3495,0
DA:3496,0
DA:3499,0
DA:3500,0
DA:3501,0
DA:3504,0
DA:3505,0
DA:3508,0
DA:3509,0
DA:3512,0
DA:3513,0
DA:3515,0
DA:3516,0
DA:3518,0
DA:3519,0
DA:3521,0
DA:3522,0
DA:3523,0
DA:3526,0
DA:3527,0
DA:3528,0
DA:3539,0
DA:3540,0
DA:3542,0
DA:3547,0
DA:3549,0
DA:3550,0
DA:3551,0
DA:3552,0
DA:3553,0
DA:3555,0
DA:3556,0
DA:3557,0
DA:3558,0
DA:3559,0
DA:3561,0
DA:3562,0
DA:3563,0
DA:3564,0
DA:3566,0
DA:3570,0
DA:3572,0
DA:3573,0
DA:3574,0
DA:3577,0
DA:3583,0
DA:3586,0
DA:3587,0
DA:3589,0
DA:3592,0
DA:3596,0
DA:3603,0
DA:3609,0
DA:3611,0
DA:3612,0
DA:3615,0
DA:3625,0
DA:3629,0
DA:3630,0
DA:3634,0
DA:3637,0
DA:3651,0
DA:3652,0
DA:3654,0
DA:3665,0
DA:3666,0
DA:3667,0
DA:3668,0
DA:3669,0
DA:3670,0
DA:3671,0
DA:3672,0
DA:3673,0
DA:3679,0
DA:3683,0
DA:3691,0
DA:3692,0
DA:3694,0
DA:3695,0
DA:3705,0
DA:3706,0
DA:3708,0
DA:3715,0
DA:3717,0
DA:3718,0
DA:3719,0
DA:3721,0
DA:3722,0
DA:3723,0
DA:3724,0
DA:3725,0
DA:3726,0
DA:3727,0
DA:3729,0
DA:3737,0
DA:3738,0
DA:3739,0
DA:3740,0
DA:3742,0
DA:3747,0
DA:3755,0
DA:3756,0
DA:3759,0
DA:3760,0
DA:3761,0
DA:3763,0
DA:3764,0
DA:3766,0
DA:3770,0
DA:3774,0
DA:3778,0
DA:3781,0
DA:3784,0
DA:3787,0
DA:3789,0
DA:3790,0
LF:1430
LH:0
BRDA:63,0,0,0
BRDA:63,0,1,0
BRDA:74,1,0,0
BRDA:74,1,1,0
BRDA:81,2,0,0
BRDA:81,2,1,0
BRDA:91,3,0,0
BRDA:91,3,1,0
BRDA:126,4,0,0
BRDA:126,4,1,0
BRDA:188,5,0,0
BRDA:188,5,1,0
BRDA:188,6,0,0
BRDA:188,6,1,0
BRDA:204,7,0,0
BRDA:204,7,1,0
BRDA:208,8,0,0
BRDA:208,8,1,0
BRDA:208,9,0,0
BRDA:208,9,1,0
BRDA:242,10,0,0
BRDA:242,10,1,0
BRDA:316,11,0,0
BRDA:316,11,1,0
BRDA:328,12,0,0
BRDA:328,12,1,0
BRDA:335,13,0,0
BRDA:335,13,1,0
BRDA:345,14,0,0
BRDA:345,14,1,0
BRDA:345,15,0,0
BRDA:345,15,1,0
BRDA:399,16,0,0
BRDA:399,16,1,0
BRDA:428,17,0,0
BRDA:428,17,1,0
BRDA:488,18,0,0
BRDA:488,18,1,0
BRDA:488,19,0,0
BRDA:488,19,1,0
BRDA:493,20,0,0
BRDA:493,20,1,0
BRDA:522,21,0,0
BRDA:528,22,0,0
BRDA:528,22,1,0
BRDA:530,23,0,0
BRDA:530,23,1,0
BRDA:572,24,0,0
BRDA:572,24,1,0
BRDA:597,25,0,0
BRDA:597,25,1,0
BRDA:597,26,0,0
BRDA:597,26,1,0
BRDA:616,27,0,0
BRDA:616,27,1,0
BRDA:642,28,0,0
BRDA:642,28,1,0
BRDA:642,29,0,0
BRDA:642,29,1,0
BRDA:647,30,0,0
BRDA:647,30,1,0
BRDA:688,31,0,0
BRDA:688,31,1,0
BRDA:688,32,0,0
BRDA:688,32,1,0
BRDA:698,33,0,0
BRDA:698,33,1,0
BRDA:705,34,0,0
BRDA:705,34,1,0
BRDA:706,35,0,0
BRDA:706,35,1,0
BRDA:727,36,0,0
BRDA:727,36,1,0
BRDA:745,37,0,0
BRDA:745,37,1,0
BRDA:886,38,0,0
BRDA:886,38,1,0
BRDA:901,39,0,0
BRDA:901,39,1,0
BRDA:901,39,2,0
BRDA:901,39,3,0
BRDA:901,39,4,0
BRDA:919,40,0,0
BRDA:919,40,1,0
BRDA:919,40,2,0
BRDA:919,40,3,0
BRDA:919,40,4,0
BRDA:975,41,0,0
BRDA:975,41,1,0
BRDA:975,42,0,0
BRDA:975,42,1,0
BRDA:987,43,0,0
BRDA:987,43,1,0
BRDA:993,44,0,0
BRDA:993,44,1,0
BRDA:1000,45,0,0
BRDA:1000,45,1,0
BRDA:1004,46,0,0
BRDA:1004,46,1,0
BRDA:1038,47,0,0
BRDA:1038,47,1,0
BRDA:1048,48,0,0
BRDA:1048,48,1,0
BRDA:1071,49,0,0
BRDA:1071,49,1,0
BRDA:1072,50,0,0
BRDA:1072,50,1,0
BRDA:1079,51,0,0
BRDA:1079,51,1,0
BRDA:1080,52,0,0
BRDA:1080,52,1,0
BRDA:1080,52,2,0
BRDA:1099,53,0,0
BRDA:1099,53,1,0
BRDA:1114,54,0,0
BRDA:1114,54,1,0
BRDA:1114,55,0,0
BRDA:1114,55,1,0
BRDA:1114,55,2,0
BRDA:1130,56,0,0
BRDA:1130,56,1,0
BRDA:1130,57,0,0
BRDA:1130,57,1,0
BRDA:1149,58,0,0
BRDA:1149,58,1,0
BRDA:1149,59,0,0
BRDA:1149,59,1,0
BRDA:1163,60,0,0
BRDA:1163,60,1,0
BRDA:1197,61,0,0
BRDA:1197,61,1,0
BRDA:1211,62,0,0
BRDA:1211,62,1,0
BRDA:1215,63,0,0
BRDA:1215,63,1,0
BRDA:1215,64,0,0
BRDA:1215,64,1,0
BRDA:1245,65,0,0
BRDA:1245,65,1,0
BRDA:1254,66,0,0
BRDA:1254,66,1,0
BRDA:1256,67,0,0
BRDA:1256,67,1,0
BRDA:1269,68,0,0
BRDA:1269,68,1,0
BRDA:1269,69,0,0
BRDA:1269,69,1,0
BRDA:1272,70,0,0
BRDA:1272,70,1,0
BRDA:1273,71,0,0
BRDA:1273,71,1,0
BRDA:1273,71,2,0
BRDA:1273,71,3,0
BRDA:1289,72,0,0
BRDA:1289,72,1,0
BRDA:1322,73,0,0
BRDA:1322,73,1,0
BRDA:1333,74,0,0
BRDA:1333,74,1,0
BRDA:1336,75,0,0
BRDA:1336,75,1,0
BRDA:1336,76,0,0
BRDA:1336,76,1,0
BRDA:1341,77,0,0
BRDA:1341,77,1,0
BRDA:1353,78,0,0
BRDA:1353,78,1,0
BRDA:1358,79,0,0
BRDA:1358,79,1,0
BRDA:1376,80,0,0
BRDA:1376,80,1,0
BRDA:1385,81,0,0
BRDA:1385,81,1,0
BRDA:1395,82,0,0
BRDA:1395,82,1,0
BRDA:1396,83,0,0
BRDA:1396,83,1,0
BRDA:1396,84,0,0
BRDA:1396,84,1,0
BRDA:1413,85,0,0
BRDA:1413,85,1,0
BRDA:1453,86,0,0
BRDA:1453,86,1,0
BRDA:1456,87,0,0
BRDA:1456,87,1,0
BRDA:1463,88,0,0
BRDA:1463,88,1,0
BRDA:1463,89,0,0
BRDA:1463,89,1,0
BRDA:1468,90,0,0
BRDA:1468,90,1,0
BRDA:1477,91,0,0
BRDA:1477,91,1,0
BRDA:1498,92,0,0
BRDA:1498,92,1,0
BRDA:1501,93,0,0
BRDA:1501,93,1,0
BRDA:1507,94,0,0
BRDA:1507,94,1,0
BRDA:1520,95,0,0
BRDA:1520,95,1,0
BRDA:1536,96,0,0
BRDA:1536,96,1,0
BRDA:1540,97,0,0
BRDA:1540,97,1,0
BRDA:1581,98,0,0
BRDA:1581,98,1,0
BRDA:1600,99,0,0
BRDA:1600,99,1,0
BRDA:1601,100,0,0
BRDA:1601,100,1,0
BRDA:1604,101,0,0
BRDA:1604,101,1,0
BRDA:1607,102,0,0
BRDA:1607,102,1,0
BRDA:1614,103,0,0
BRDA:1614,103,1,0
BRDA:1615,104,0,0
BRDA:1615,104,1,0
BRDA:1661,105,0,0
BRDA:1661,105,1,0
BRDA:1681,106,0,0
BRDA:1681,106,1,0
BRDA:1685,107,0,0
BRDA:1685,107,1,0
BRDA:1712,108,0,0
BRDA:1712,108,1,0
BRDA:1743,109,0,0
BRDA:1743,109,1,0
BRDA:1807,110,0,0
BRDA:1807,110,1,0
BRDA:1807,111,0,0
BRDA:1807,111,1,0
BRDA:1815,112,0,0
BRDA:1815,112,1,0
BRDA:1844,113,0,0
BRDA:1844,113,1,0
BRDA:1855,114,0,0
BRDA:1855,114,1,0
BRDA:1857,115,0,0
BRDA:1857,115,1,0
BRDA:1862,116,0,0
BRDA:1862,116,1,0
BRDA:1862,116,2,0
BRDA:1862,116,3,0
BRDA:1862,116,4,0
BRDA:1868,117,0,0
BRDA:1868,117,1,0
BRDA:1875,118,0,0
BRDA:1875,118,1,0
BRDA:1888,119,0,0
BRDA:1888,119,1,0
BRDA:1891,120,0,0
BRDA:1891,120,1,0
BRDA:1898,121,0,0
BRDA:1898,121,1,0
BRDA:1911,122,0,0
BRDA:1911,122,1,0
BRDA:1921,123,0,0
BRDA:1921,123,1,0
BRDA:1934,124,0,0
BRDA:1934,124,1,0
BRDA:1965,125,0,0
BRDA:1965,125,1,0
BRDA:1983,126,0,0
BRDA:1983,126,1,0
BRDA:1983,126,2,0
BRDA:1983,126,3,0
BRDA:2011,127,0,0
BRDA:2011,127,1,0
BRDA:2012,128,0,0
BRDA:2012,128,1,0
BRDA:2086,129,0,0
BRDA:2086,129,1,0
BRDA:2087,130,0,0
BRDA:2087,130,1,0
BRDA:2106,131,0,0
BRDA:2106,131,1,0
BRDA:2106,132,0,0
BRDA:2106,132,1,0
BRDA:2138,133,0,0
BRDA:2138,133,1,0
BRDA:2170,134,0,0
BRDA:2170,134,1,0
BRDA:2175,135,0,0
BRDA:2175,135,1,0
BRDA:2179,136,0,0
BRDA:2179,136,1,0
BRDA:2180,137,0,0
BRDA:2180,137,1,0
BRDA:2180,137,2,0
BRDA:2199,138,0,0
BRDA:2199,138,1,0
BRDA:2199,139,0,0
BRDA:2199,139,1,0
BRDA:2213,140,0,0
BRDA:2213,140,1,0
BRDA:2216,141,0,0
BRDA:2216,141,1,0
BRDA:2216,142,0,0
BRDA:2216,142,1,0
BRDA:2219,143,0,0
BRDA:2219,143,1,0
BRDA:2226,144,0,0
BRDA:2226,144,1,0
BRDA:2256,145,0,0
BRDA:2256,145,1,0
BRDA:2256,146,0,0
BRDA:2256,146,1,0
BRDA:2260,147,0,0
BRDA:2260,147,1,0
BRDA:2264,148,0,0
BRDA:2264,148,1,0
BRDA:2296,149,0,0
BRDA:2296,149,1,0
BRDA:2325,150,0,0
BRDA:2325,150,1,0
BRDA:2333,151,0,0
BRDA:2333,151,1,0
BRDA:2361,152,0,0
BRDA:2361,152,1,0
BRDA:2366,153,0,0
BRDA:2366,153,1,0
BRDA:2367,154,0,0
BRDA:2367,154,1,0
BRDA:2368,155,0,0
BRDA:2368,155,1,0
BRDA:2377,156,0,0
BRDA:2377,156,1,0
BRDA:2377,157,0,0
BRDA:2377,157,1,0
BRDA:2378,158,0,0
BRDA:2378,158,1,0
BRDA:2378,159,0,0
BRDA:2378,159,1,0
BRDA:2379,160,0,0
BRDA:2379,160,1,0
BRDA:2379,161,0,0
BRDA:2379,161,1,0
BRDA:2380,162,0,0
BRDA:2380,162,1,0
BRDA:2380,163,0,0
BRDA:2380,163,1,0
BRDA:2381,164,0,0
BRDA:2381,164,1,0
BRDA:2382,165,0,0
BRDA:2382,165,1,0
BRDA:2383,166,0,0
BRDA:2383,166,1,0
BRDA:2384,167,0,0
BRDA:2384,167,1,0
BRDA:2385,168,0,0
BRDA:2385,168,1,0
BRDA:2402,169,0,0
BRDA:2402,169,1,0
BRDA:2420,170,0,0
BRDA:2420,170,1,0
BRDA:2423,171,0,0
BRDA:2423,171,1,0
BRDA:2427,172,0,0
BRDA:2427,172,1,0
BRDA:2490,173,0,0
BRDA:2490,173,1,0
BRDA:2490,173,2,0
BRDA:2534,174,0,0
BRDA:2534,174,1,0
BRDA:2560,175,0,0
BRDA:2560,175,1,0
BRDA:2561,176,0,0
BRDA:2561,176,1,0
BRDA:2583,177,0,0
BRDA:2583,177,1,0
BRDA:2597,178,0,0
BRDA:2597,178,1,0
BRDA:2606,179,0,0
BRDA:2606,179,1,0
BRDA:2623,180,0,0
BRDA:2623,180,1,0
BRDA:2625,181,0,0
BRDA:2625,181,1,0
BRDA:2633,182,0,0
BRDA:2633,182,1,0
BRDA:2640,183,0,0
BRDA:2640,183,1,0
BRDA:2642,184,0,0
BRDA:2642,184,1,0
BRDA:2643,185,0,0
BRDA:2643,185,1,0
BRDA:2660,186,0,0
BRDA:2660,186,1,0
BRDA:2668,187,0,0
BRDA:2668,187,1,0
BRDA:2688,188,0,0
BRDA:2688,188,1,0
BRDA:2698,189,0,0
BRDA:2698,189,1,0
BRDA:2721,190,0,0
BRDA:2721,190,1,0
BRDA:2730,191,0,0
BRDA:2730,191,1,0
BRDA:2732,192,0,0
BRDA:2732,192,1,0
BRDA:2747,193,0,0
BRDA:2747,193,1,0
BRDA:2747,194,0,0
BRDA:2747,194,1,0
BRDA:2757,195,0,0
BRDA:2757,195,1,0
BRDA:2769,196,0,0
BRDA:2769,196,1,0
BRDA:2781,197,0,0
BRDA:2781,197,1,0
BRDA:2793,198,0,0
BRDA:2793,198,1,0
BRDA:2807,199,0,0
BRDA:2807,199,1,0
BRDA:2817,200,0,0
BRDA:2817,200,1,0
BRDA:2843,201,0,0
BRDA:2843,201,1,0
BRDA:2843,202,0,0
BRDA:2843,202,1,0
BRDA:2872,203,0,0
BRDA:2872,203,1,0
BRDA:2900,204,0,0
BRDA:2900,204,1,0
BRDA:2902,205,0,0
BRDA:2902,205,1,0
BRDA:2925,206,0,0
BRDA:2925,206,1,0
BRDA:2936,207,0,0
BRDA:2936,207,1,0
BRDA:2949,208,0,0
BRDA:2949,208,1,0
BRDA:2949,209,0,0
BRDA:2949,209,1,0
BRDA:2956,210,0,0
BRDA:2956,210,1,0
BRDA:2969,211,0,0
BRDA:2969,211,1,0
BRDA:2969,212,0,0
BRDA:2969,212,1,0
BRDA:2973,213,0,0
BRDA:2973,213,1,0
BRDA:3041,214,0,0
BRDA:3041,214,1,0
BRDA:3078,215,0,0
BRDA:3078,215,1,0
BRDA:3087,216,0,0
BRDA:3087,216,1,0
BRDA:3090,217,0,0
BRDA:3090,217,1,0
BRDA:3092,218,0,0
BRDA:3092,218,1,0
BRDA:3102,219,0,0
BRDA:3102,219,1,0
BRDA:3105,220,0,0
BRDA:3105,220,1,0
BRDA:3121,221,0,0
BRDA:3121,221,1,0
BRDA:3124,222,0,0
BRDA:3124,222,1,0
BRDA:3156,223,0,0
BRDA:3156,223,1,0
BRDA:3162,224,0,0
BRDA:3162,224,1,0
BRDA:3168,225,0,0
BRDA:3168,225,1,0
BRDA:3169,226,0,0
BRDA:3169,226,1,0
BRDA:3177,227,0,0
BRDA:3177,227,1,0
BRDA:3212,228,0,0
BRDA:3212,228,1,0
BRDA:3215,229,0,0
BRDA:3215,229,1,0
BRDA:3215,230,0,0
BRDA:3215,230,1,0
BRDA:3229,231,0,0
BRDA:3229,231,1,0
BRDA:3232,232,0,0
BRDA:3232,232,1,0
BRDA:3232,233,0,0
BRDA:3232,233,1,0
BRDA:3235,234,0,0
BRDA:3235,234,1,0
BRDA:3252,235,0,0
BRDA:3252,235,1,0
BRDA:3255,236,0,0
BRDA:3255,236,1,0
BRDA:3316,237,0,0
BRDA:3316,237,1,0
BRDA:3322,238,0,0
BRDA:3322,238,1,0
BRDA:3333,239,0,0
BRDA:3333,239,1,0
BRDA:3348,240,0,0
BRDA:3348,240,1,0
BRDA:3359,241,0,0
BRDA:3359,241,1,0
BRDA:3361,242,0,0
BRDA:3361,242,1,0
BRDA:3370,243,0,0
BRDA:3370,243,1,0
BRDA:3372,244,0,0
BRDA:3372,244,1,0
BRDA:3376,245,0,0
BRDA:3376,245,1,0
BRDA:3390,246,0,0
BRDA:3390,246,1,0
BRDA:3397,247,0,0
BRDA:3397,247,1,0
BRDA:3438,248,0,0
BRDA:3438,248,1,0
BRDA:3445,249,0,0
BRDA:3445,249,1,0
BRDA:3461,250,0,0
BRDA:3461,250,1,0
BRDA:3468,251,0,0
BRDA:3468,251,1,0
BRDA:3484,252,0,0
BRDA:3484,252,1,0
BRDA:3500,253,0,0
BRDA:3500,253,1,0
BRDA:3553,254,0,0
BRDA:3553,254,1,0
BRDA:3553,255,0,0
BRDA:3553,255,1,0
BRDA:3555,256,0,0
BRDA:3555,256,1,0
BRDA:3557,257,0,0
BRDA:3557,257,1,0
BRDA:3587,258,0,0
BRDA:3587,258,1,0
BRDA:3592,259,0,0
BRDA:3592,259,1,0
BRDA:3629,260,0,0
BRDA:3629,260,1,0
BRDA:3667,261,0,0
BRDA:3667,261,1,0
BRDA:3671,262,0,0
BRDA:3671,262,1,0
BRDA:3671,263,0,0
BRDA:3671,263,1,0
BRDA:3718,264,0,0
BRDA:3718,264,1,0
BRDA:3723,265,0,0
BRDA:3723,265,1,0
BRDA:3759,266,0,0
BRDA:3759,266,1,0
BRDA:3766,267,0,0
BRDA:3766,267,1,0
BRDA:3767,268,0,0
BRDA:3767,268,1,0
BRF:554
BRH:0
end_of_record
TN:
SF:utils\quranApi.ts
FN:17,detectLang
FN:34,getQuranVersesWithTranslations
FN:55,(anonymous_2)
FNF:3
FNH:0
FNDA:0,detectLang
FNDA:0,getQuranVersesWithTranslations
FNDA:0,(anonymous_2)
DA:1,0
DA:18,0
DA:19,0
DA:20,0
DA:21,0
DA:22,0
DA:23,0
DA:24,0
DA:25,0
DA:26,0
DA:27,0
DA:28,0
DA:29,0
DA:30,0
DA:31,0
DA:39,0
DA:42,0
DA:43,0
DA:46,0
DA:47,0
DA:48,0
DA:51,0
DA:52,0
DA:55,0
LF:24
LH:0
BRDA:18,0,0,0
BRDA:18,0,1,0
BRDA:19,1,0,0
BRDA:19,1,1,0
BRDA:20,2,0,0
BRDA:20,2,1,0
BRDA:21,3,0,0
BRDA:21,3,1,0
BRDA:22,4,0,0
BRDA:22,4,1,0
BRDA:23,5,0,0
BRDA:23,5,1,0
BRDA:24,6,0,0
BRDA:24,6,1,0
BRDA:25,7,0,0
BRDA:25,7,1,0
BRDA:26,8,0,0
BRDA:26,8,1,0
BRDA:27,9,0,0
BRDA:27,9,1,0
BRDA:28,10,0,0
BRDA:28,10,1,0
BRDA:29,11,0,0
BRDA:29,11,1,0
BRDA:30,12,0,0
BRDA:30,12,1,0
BRDA:43,13,0,0
BRDA:43,13,1,0
BRDA:47,14,0,0
BRDA:47,14,1,0
BRDA:52,15,0,0
BRDA:52,15,1,0
BRDA:57,16,0,0
BRDA:57,16,1,0
BRF:34
BRH:0
end_of_record
TN:
SF:utils\sheduleAllNotificationsFor30Days.ts
FN:39,scheduleNotificationsFor2Days
FN:125,(anonymous_1)
FN:152,(anonymous_2)
FN:166,(anonymous_3)
FN:217,(anonymous_4)
FN:231,(anonymous_5)
FN:263,(anonymous_6)
FN:264,(anonymous_7)
FNF:8
FNH:0
FNDA:0,scheduleNotificationsFor2Days
FNDA:0,(anonymous_1)
FNDA:0,(anonymous_2)
FNDA:0,(anonymous_3)
FNDA:0,(anonymous_4)
FNDA:0,(anonymous_5)
FNDA:0,(anonymous_6)
FNDA:0,(anonymous_7)
DA:48,0
DA:49,0
DA:50,0
DA:51,0
DA:56,0
DA:57,0
DA:58,0
DA:59,0
DA:60,0
DA:62,0
DA:64,0
DA:65,0
DA:69,0
DA:70,0
DA:71,0
DA:72,0
DA:73,0
DA:74,0
DA:75,0
DA:78,0
DA:89,0
DA:92,0
DA:95,0
DA:98,0
DA:99,0
DA:100,0
DA:101,0
DA:104,0
DA:105,0
DA:108,0
DA:113,0
DA:115,0
DA:116,0
DA:117,0
DA:121,0
DA:122,0
DA:124,0
DA:125,0
DA:128,0
DA:129,0
DA:130,0
DA:132,0
DA:134,0
DA:140,0
DA:143,0
DA:148,0
DA:149,0
DA:151,0
DA:152,0
DA:153,0
DA:154,0
DA:155,0
DA:158,0
DA:160,0
DA:165,0
DA:167,0
DA:168,0
DA:175,0
DA:179,0
DA:180,0
DA:182,0
DA:186,0
DA:192,0
DA:200,0
DA:210,0
DA:216,0
DA:218,0
DA:219,0
DA:220,0
DA:226,0
DA:227,0
DA:231,0
DA:240,0
DA:245,0
DA:249,0
DA:250,0
DA:251,0
DA:258,0
DA:262,0
DA:263,0
DA:264,0
DA:266,0
DA:267,0
DA:268,0
DA:273,0
DA:277,0
DA:279,0
LF:87
LH:0
BRDA:56,0,0,0
BRDA:56,0,1,0
BRDA:115,1,0,0
BRDA:115,1,1,0
BRDA:148,2,0,0
BRDA:148,2,1,0
BRDA:175,3,0,0
BRDA:175,3,1,0
BRDA:175,3,2,0
BRDA:180,4,0,0
BRDA:180,4,1,0
BRDA:180,5,0,0
BRDA:180,5,1,0
BRDA:182,6,0,0
BRDA:182,6,1,0
BRDA:202,7,0,0
BRDA:202,7,1,0
BRDA:204,8,0,0
BRDA:204,8,1,0
BRDA:226,9,0,0
BRDA:226,9,1,0
BRDA:226,10,0,0
BRDA:226,10,1,0
BRDA:249,11,0,0
BRDA:249,11,1,0
BRDA:249,12,0,0
BRDA:249,12,1,0
BRDA:266,13,0,0
BRDA:266,13,1,0
BRDA:266,14,0,0
BRDA:266,14,1,0
BRF:31
BRH:0
end_of_record
TN:
SF:utils\syncManager.ts
FN:10,(anonymous_0)
FN:18,(anonymous_1)
FN:59,(anonymous_2)
FN:67,(anonymous_3)
FN:95,(anonymous_4)
FN:120,(anonymous_5)
FN:129,(anonymous_6)
FN:135,(anonymous_7)
FN:146,(anonymous_8)
FNF:9
FNH:0
FNDA:0,(anonymous_0)
FNDA:0,(anonymous_1)
FNDA:0,(anonymous_2)
FNDA:0,(anonymous_3)
FNDA:0,(anonymous_4)
FNDA:0,(anonymous_5)
FNDA:0,(anonymous_6)
FNDA:0,(anonymous_7)
FNDA:0,(anonymous_8)
DA:7,0
DA:8,0
DA:11,0
DA:12,0
DA:14,0
DA:19,0
DA:21,0
DA:24,0
DA:25,0
DA:29,0
DA:30,0
DA:31,0
DA:32,0
DA:35,0
DA:38,0
DA:40,0
DA:42,0
DA:43,0
DA:45,0
DA:46,0
DA:49,0
DA:50,0
DA:52,0
DA:60,0
DA:63,0
DA:72,0
DA:75,0
DA:77,0
DA:79,0
DA:80,0
DA:82,0
DA:86,0
DA:89,0
DA:90,0
DA:102,0
DA:108,0
DA:110,0
DA:113,0
DA:116,0
DA:121,0
DA:126,0
DA:129,0
DA:130,0
DA:139,0
DA:148,0
DA:149,0
LF:46
LH:0
BRDA:11,0,0,0
BRDA:11,0,1,0
BRDA:19,1,0,0
BRDA:19,1,1,0
BRDA:30,2,0,0
BRDA:30,2,1,0
BRDA:40,3,0,0
BRDA:40,3,1,0
BRDA:77,4,0,0
BRDA:77,4,1,0
BRDA:108,5,0,0
BRDA:108,5,1,0
BRDA:110,6,0,0
BRDA:110,6,1,0
BRDA:120,7,0,0
BRF:15
BRH:0
end_of_record
